nohup: ignoring input
/root/autodl-tmp/CAFENet/lib/pvtv2.py:388: UserWarning: Overwriting pvt_v2_b0 in registry with lib.pvtv2.pvt_v2_b0. This is because the name being registered conflicts with an existing name. Please check if this is not expected.
  class pvt_v2_b0(PyramidVisionTransformerImpr):
/root/autodl-tmp/CAFENet/lib/pvtv2.py:398: UserWarning: Overwriting pvt_v2_b1 in registry with lib.pvtv2.pvt_v2_b1. This is because the name being registered conflicts with an existing name. Please check if this is not expected.
  class pvt_v2_b1(PyramidVisionTransformerImpr):
/root/autodl-tmp/CAFENet/lib/pvtv2.py:406: UserWarning: Overwriting pvt_v2_b2 in registry with lib.pvtv2.pvt_v2_b2. This is because the name being registered conflicts with an existing name. Please check if this is not expected.
  class pvt_v2_b2(PyramidVisionTransformerImpr):
/root/autodl-tmp/CAFENet/lib/pvtv2.py:414: UserWarning: Overwriting pvt_v2_b3 in registry with lib.pvtv2.pvt_v2_b3. This is because the name being registered conflicts with an existing name. Please check if this is not expected.
  class pvt_v2_b3(PyramidVisionTransformerImpr):
/root/autodl-tmp/CAFENet/lib/pvtv2.py:422: UserWarning: Overwriting pvt_v2_b4 in registry with lib.pvtv2.pvt_v2_b4. This is because the name being registered conflicts with an existing name. Please check if this is not expected.
  class pvt_v2_b4(PyramidVisionTransformerImpr):
/root/autodl-tmp/CAFENet/lib/pvtv2.py:431: UserWarning: Overwriting pvt_v2_b5 in registry with lib.pvtv2.pvt_v2_b5. This is because the name being registered conflicts with an existing name. Please check if this is not expected.
  class pvt_v2_b5(PyramidVisionTransformerImpr):
AdamW (
Parameter Group 0
    amsgrad: False
    betas: (0.9, 0.999)
    capturable: False
    eps: 1e-08
    foreach: None
    lr: 0.0001
    maximize: False
    weight_decay: 0.0001
)
True
Using RandomRotation, RandomFlip
#################### Start Training ####################
2024-07-23 04:39:20.498539 Epoch[001/150], Step[0020/0091], loss-all:[5.9012],P1:[0.9911] lr:[0.0001000]
2024-07-23 04:39:49.970431 Epoch[001/150], Step[0040/0091], loss-all:[5.2081],P1:[0.9365] lr:[0.0001000]
2024-07-23 04:40:18.475712 Epoch[001/150], Step[0060/0091], loss-all:[4.3625],P1:[0.9417] lr:[0.0001000]
2024-07-23 04:40:47.083605 Epoch[001/150], Step[0080/0091], loss-all:[4.0843],P1:[1.0070] lr:[0.0001000]
2024-07-23 04:41:02.256324 Epoch[001/150], Step[0091/0091], loss-all:[3.9585],P1:[0.8742] lr:[0.0001000]
2024-07-23 04:41:30.943735 Epoch[002/150], Step[0020/0091], loss-all:[3.6533],P1:[0.8096] lr:[0.0001000]
2024-07-23 04:41:59.738766 Epoch[002/150], Step[0040/0091], loss-all:[3.5599],P1:[0.7008] lr:[0.0001000]
2024-07-23 04:42:28.822898 Epoch[002/150], Step[0060/0091], loss-all:[3.4162],P1:[0.7172] lr:[0.0001000]
2024-07-23 04:42:58.162961 Epoch[002/150], Step[0080/0091], loss-all:[3.3016],P1:[0.6231] lr:[0.0001000]
2024-07-23 04:43:13.035593 Epoch[002/150], Step[0091/0091], loss-all:[3.2482],P1:[0.6569] lr:[0.0001000]
2024-07-23 04:43:41.963202 Epoch[003/150], Step[0020/0091], loss-all:[3.0666],P1:[0.6043] lr:[0.0001000]
2024-07-23 04:44:10.468192 Epoch[003/150], Step[0040/0091], loss-all:[3.0542],P1:[0.6926] lr:[0.0001000]
2024-07-23 04:44:39.640979 Epoch[003/150], Step[0060/0091], loss-all:[3.0505],P1:[0.6389] lr:[0.0001000]
2024-07-23 04:45:08.371699 Epoch[003/150], Step[0080/0091], loss-all:[3.0120],P1:[0.5036] lr:[0.0001000]
2024-07-23 04:45:23.586380 Epoch[003/150], Step[0091/0091], loss-all:[2.8735],P1:[0.4941] lr:[0.0001000]
2024-07-23 04:45:52.408047 Epoch[004/150], Step[0020/0091], loss-all:[2.7151],P1:[0.5534] lr:[0.0001000]
2024-07-23 04:46:21.063751 Epoch[004/150], Step[0040/0091], loss-all:[2.6354],P1:[0.5142] lr:[0.0001000]
2024-07-23 04:46:50.142523 Epoch[004/150], Step[0060/0091], loss-all:[2.5664],P1:[0.4517] lr:[0.0001000]
2024-07-23 04:47:18.743350 Epoch[004/150], Step[0080/0091], loss-all:[2.6200],P1:[0.4879] lr:[0.0001000]
2024-07-23 04:47:34.098722 Epoch[004/150], Step[0091/0091], loss-all:[2.6469],P1:[0.4350] lr:[0.0001000]
2024-07-23 04:48:03.096130 Epoch[005/150], Step[0020/0091], loss-all:[2.5065],P1:[0.3622] lr:[0.0001000]
2024-07-23 04:48:31.779310 Epoch[005/150], Step[0040/0091], loss-all:[2.5295],P1:[0.3493] lr:[0.0001000]
2024-07-23 04:49:00.783984 Epoch[005/150], Step[0060/0091], loss-all:[2.4360],P1:[0.3416] lr:[0.0001000]
2024-07-23 04:49:29.081634 Epoch[005/150], Step[0080/0091], loss-all:[2.3299],P1:[0.3925] lr:[0.0001000]
2024-07-23 04:49:44.825656 Epoch[005/150], Step[0091/0091], loss-all:[2.3165],P1:[0.3537] lr:[0.0001000]
2024-07-23 04:50:13.772659 Epoch[006/150], Step[0020/0091], loss-all:[2.2495],P1:[0.2959] lr:[0.0001000]
2024-07-23 04:50:42.395133 Epoch[006/150], Step[0040/0091], loss-all:[2.2981],P1:[0.3168] lr:[0.0001000]
2024-07-23 04:51:10.883278 Epoch[006/150], Step[0060/0091], loss-all:[2.3558],P1:[0.3170] lr:[0.0001000]
2024-07-23 04:51:40.013041 Epoch[006/150], Step[0080/0091], loss-all:[2.2893],P1:[0.3157] lr:[0.0001000]
2024-07-23 04:51:55.579111 Epoch[006/150], Step[0091/0091], loss-all:[2.2581],P1:[0.3343] lr:[0.0001000]
2024-07-23 04:52:24.566963 Epoch[007/150], Step[0020/0091], loss-all:[2.0377],P1:[0.3477] lr:[0.0001000]
2024-07-23 04:52:54.154944 Epoch[007/150], Step[0040/0091], loss-all:[2.1298],P1:[0.2788] lr:[0.0001000]
2024-07-23 04:53:22.926052 Epoch[007/150], Step[0060/0091], loss-all:[2.1876],P1:[0.3070] lr:[0.0001000]
2024-07-23 04:53:51.449062 Epoch[007/150], Step[0080/0091], loss-all:[2.1666],P1:[0.2901] lr:[0.0001000]
2024-07-23 04:54:06.288879 Epoch[007/150], Step[0091/0091], loss-all:[2.1510],P1:[0.3119] lr:[0.0001000]
2024-07-23 04:54:34.716324 Epoch[008/150], Step[0020/0091], loss-all:[2.1025],P1:[0.3304] lr:[0.0001000]
2024-07-23 04:55:03.700005 Epoch[008/150], Step[0040/0091], loss-all:[2.1130],P1:[0.3790] lr:[0.0001000]
2024-07-23 04:55:32.772124 Epoch[008/150], Step[0060/0091], loss-all:[2.1348],P1:[0.2355] lr:[0.0001000]
2024-07-23 04:56:00.997324 Epoch[008/150], Step[0080/0091], loss-all:[2.0976],P1:[0.2263] lr:[0.0001000]
2024-07-23 04:56:16.789101 Epoch[008/150], Step[0091/0091], loss-all:[2.0393],P1:[0.2416] lr:[0.0001000]
2024-07-23 04:56:44.868567 Epoch[009/150], Step[0020/0091], loss-all:[2.0725],P1:[0.2842] lr:[0.0001000]
2024-07-23 04:57:13.631751 Epoch[009/150], Step[0040/0091], loss-all:[2.0157],P1:[0.2415] lr:[0.0001000]
2024-07-23 04:57:42.457949 Epoch[009/150], Step[0060/0091], loss-all:[1.9935],P1:[0.2896] lr:[0.0001000]
2024-07-23 04:58:11.352368 Epoch[009/150], Step[0080/0091], loss-all:[2.0170],P1:[0.2645] lr:[0.0001000]
2024-07-23 04:58:27.288144 Epoch[009/150], Step[0091/0091], loss-all:[2.0188],P1:[0.2384] lr:[0.0001000]
2024-07-23 04:58:55.705965 Epoch[010/150], Step[0020/0091], loss-all:[1.9679],P1:[0.2842] lr:[0.0001000]
2024-07-23 04:59:24.578711 Epoch[010/150], Step[0040/0091], loss-all:[1.9267],P1:[0.1998] lr:[0.0001000]
2024-07-23 04:59:54.082925 Epoch[010/150], Step[0060/0091], loss-all:[1.9246],P1:[0.2156] lr:[0.0001000]
2024-07-23 05:00:22.326392 Epoch[010/150], Step[0080/0091], loss-all:[1.9537],P1:[0.3325] lr:[0.0001000]
2024-07-23 05:00:37.766944 Epoch[010/150], Step[0091/0091], loss-all:[1.9566],P1:[0.2455] lr:[0.0001000]
################################################################################
best meandice:0.8921571649996811
################################################################################
CVC-300 :  0.8393776749598559
CVC-ClinicDB :  0.8840206002367478
Kvasir :  0.8972018351527001
CVC-ColonDB :  0.7553324866616876
ETIS-LaribPolypDB :  0.763059295008567
2024-07-23 05:01:59.566925 Epoch[011/150], Step[0020/0091], loss-all:[1.8375],P1:[0.2839] lr:[0.0001000]
2024-07-23 05:02:28.502669 Epoch[011/150], Step[0040/0091], loss-all:[1.8968],P1:[0.2098] lr:[0.0001000]
2024-07-23 05:02:57.701634 Epoch[011/150], Step[0060/0091], loss-all:[1.9718],P1:[0.2703] lr:[0.0001000]
2024-07-23 05:03:25.969960 Epoch[011/150], Step[0080/0091], loss-all:[1.9907],P1:[0.3482] lr:[0.0001000]
2024-07-23 05:03:41.689732 Epoch[011/150], Step[0091/0091], loss-all:[1.9845],P1:[0.3892] lr:[0.0001000]
################################################################################
best meandice:0.8931866450506704
################################################################################
CVC-300 :  0.8459889294156352
CVC-ClinicDB :  0.9013694904920452
Kvasir :  0.8881132808770176
CVC-ColonDB :  0.7467108254829949
ETIS-LaribPolypDB :  0.70272858219903
2024-07-23 05:05:03.639903 Epoch[012/150], Step[0020/0091], loss-all:[1.8934],P1:[0.1805] lr:[0.0001000]
2024-07-23 05:05:32.750147 Epoch[012/150], Step[0040/0091], loss-all:[1.9066],P1:[0.2667] lr:[0.0001000]
2024-07-23 05:06:01.710531 Epoch[012/150], Step[0060/0091], loss-all:[1.9119],P1:[0.2685] lr:[0.0001000]
2024-07-23 05:06:30.355661 Epoch[012/150], Step[0080/0091], loss-all:[1.9342],P1:[0.1812] lr:[0.0001000]
2024-07-23 05:06:45.756043 Epoch[012/150], Step[0091/0091], loss-all:[1.9750],P1:[0.1888] lr:[0.0001000]
2024-07-23 05:07:22.968139 Epoch[013/150], Step[0020/0091], loss-all:[1.9489],P1:[0.2165] lr:[0.0001000]
2024-07-23 05:07:50.958495 Epoch[013/150], Step[0040/0091], loss-all:[1.9780],P1:[0.2450] lr:[0.0001000]
2024-07-23 05:08:19.397498 Epoch[013/150], Step[0060/0091], loss-all:[1.9687],P1:[0.2196] lr:[0.0001000]
2024-07-23 05:08:49.385502 Epoch[013/150], Step[0080/0091], loss-all:[1.8694],P1:[0.2052] lr:[0.0001000]
2024-07-23 05:09:04.978452 Epoch[013/150], Step[0091/0091], loss-all:[1.8539],P1:[0.2062] lr:[0.0001000]
2024-07-23 05:09:41.652468 Epoch[014/150], Step[0020/0091], loss-all:[1.7642],P1:[0.1813] lr:[0.0001000]
2024-07-23 05:10:10.627734 Epoch[014/150], Step[0040/0091], loss-all:[1.7698],P1:[0.2147] lr:[0.0001000]
2024-07-23 05:10:39.791236 Epoch[014/150], Step[0060/0091], loss-all:[1.7732],P1:[0.1196] lr:[0.0001000]
2024-07-23 05:11:08.673269 Epoch[014/150], Step[0080/0091], loss-all:[1.7858],P1:[0.1938] lr:[0.0001000]
2024-07-23 05:11:24.241776 Epoch[014/150], Step[0091/0091], loss-all:[1.8026],P1:[0.1841] lr:[0.0001000]
################################################################################
best meandice:0.9048792662843899
################################################################################
CVC-300 :  0.8632634314772525
CVC-ClinicDB :  0.8979431907389501
Kvasir :  0.909179633122563
CVC-ColonDB :  0.7712249998459719
ETIS-LaribPolypDB :  0.7689739420236478
2024-07-23 05:12:46.317839 Epoch[015/150], Step[0020/0091], loss-all:[1.7812],P1:[0.2118] lr:[0.0001000]
2024-07-23 05:13:14.641358 Epoch[015/150], Step[0040/0091], loss-all:[1.7917],P1:[0.2184] lr:[0.0001000]
2024-07-23 05:13:44.043450 Epoch[015/150], Step[0060/0091], loss-all:[1.8052],P1:[0.2070] lr:[0.0001000]
2024-07-23 05:14:13.053943 Epoch[015/150], Step[0080/0091], loss-all:[1.7999],P1:[0.1449] lr:[0.0001000]
2024-07-23 05:14:28.819009 Epoch[015/150], Step[0091/0091], loss-all:[1.7914],P1:[0.1618] lr:[0.0001000]
2024-07-23 05:15:05.232841 Epoch[016/150], Step[0020/0091], loss-all:[1.7465],P1:[0.2545] lr:[0.0001000]
2024-07-23 05:15:34.019416 Epoch[016/150], Step[0040/0091], loss-all:[1.7142],P1:[0.1757] lr:[0.0001000]
2024-07-23 05:16:02.537422 Epoch[016/150], Step[0060/0091], loss-all:[1.7708],P1:[0.2735] lr:[0.0001000]
2024-07-23 05:16:30.713961 Epoch[016/150], Step[0080/0091], loss-all:[1.8715],P1:[0.1740] lr:[0.0001000]
2024-07-23 05:16:46.056311 Epoch[016/150], Step[0091/0091], loss-all:[1.8756],P1:[0.2390] lr:[0.0001000]
2024-07-23 05:17:21.785744 Epoch[017/150], Step[0020/0091], loss-all:[1.6894],P1:[0.1356] lr:[0.0001000]
2024-07-23 05:17:51.025406 Epoch[017/150], Step[0040/0091], loss-all:[1.7626],P1:[0.1502] lr:[0.0001000]
2024-07-23 05:18:19.740628 Epoch[017/150], Step[0060/0091], loss-all:[1.8726],P1:[0.2807] lr:[0.0001000]
2024-07-23 05:18:48.629546 Epoch[017/150], Step[0080/0091], loss-all:[1.8974],P1:[0.2952] lr:[0.0001000]
2024-07-23 05:19:04.112853 Epoch[017/150], Step[0091/0091], loss-all:[1.8894],P1:[0.1660] lr:[0.0001000]
2024-07-23 05:19:41.466593 Epoch[018/150], Step[0020/0091], loss-all:[1.8042],P1:[0.1760] lr:[0.0001000]
2024-07-23 05:20:09.526923 Epoch[018/150], Step[0040/0091], loss-all:[1.7870],P1:[0.1808] lr:[0.0001000]
2024-07-23 05:20:37.731288 Epoch[018/150], Step[0060/0091], loss-all:[1.7733],P1:[0.1627] lr:[0.0001000]
2024-07-23 05:21:05.918857 Epoch[018/150], Step[0080/0091], loss-all:[1.7381],P1:[0.1584] lr:[0.0001000]
2024-07-23 05:21:21.518434 Epoch[018/150], Step[0091/0091], loss-all:[1.7138],P1:[0.1731] lr:[0.0001000]
2024-07-23 05:21:57.185454 Epoch[019/150], Step[0020/0091], loss-all:[1.7697],P1:[0.2453] lr:[0.0001000]
2024-07-23 05:22:26.644663 Epoch[019/150], Step[0040/0091], loss-all:[1.7267],P1:[0.1601] lr:[0.0001000]
2024-07-23 05:22:55.705763 Epoch[019/150], Step[0060/0091], loss-all:[1.6754],P1:[0.1727] lr:[0.0001000]
2024-07-23 05:23:24.666753 Epoch[019/150], Step[0080/0091], loss-all:[1.6724],P1:[0.1495] lr:[0.0001000]
2024-07-23 05:23:40.240307 Epoch[019/150], Step[0091/0091], loss-all:[1.6850],P1:[0.1852] lr:[0.0001000]
################################################################################
best meandice:0.9105456670583727
################################################################################
CVC-300 :  0.8864696695461569
CVC-ClinicDB :  0.9194347969513882
Kvasir :  0.9050344065247035
CVC-ColonDB :  0.7963661071709979
ETIS-LaribPolypDB :  0.8000650506575505
2024-07-23 05:25:01.726306 Epoch[020/150], Step[0020/0091], loss-all:[1.6530],P1:[0.1622] lr:[0.0001000]
2024-07-23 05:25:31.108566 Epoch[020/150], Step[0040/0091], loss-all:[1.6954],P1:[0.1590] lr:[0.0001000]
2024-07-23 05:26:00.068638 Epoch[020/150], Step[0060/0091], loss-all:[1.8119],P1:[0.2320] lr:[0.0001000]
2024-07-23 05:26:29.038412 Epoch[020/150], Step[0080/0091], loss-all:[1.8147],P1:[0.2086] lr:[0.0001000]
2024-07-23 05:26:43.930348 Epoch[020/150], Step[0091/0091], loss-all:[1.7812],P1:[0.1835] lr:[0.0001000]
################################################################################
best meandice:0.9146207566234831
################################################################################
CVC-300 :  0.8927866461257846
CVC-ClinicDB :  0.9256223335154163
Kvasir :  0.9077997789504836
CVC-ColonDB :  0.7802928295929952
ETIS-LaribPolypDB :  0.8233064070822895
2024-07-23 05:28:05.768119 Epoch[021/150], Step[0020/0091], loss-all:[1.7442],P1:[0.1516] lr:[0.0001000]
2024-07-23 05:28:34.066547 Epoch[021/150], Step[0040/0091], loss-all:[1.6867],P1:[0.1598] lr:[0.0001000]
2024-07-23 05:29:02.565471 Epoch[021/150], Step[0060/0091], loss-all:[1.6694],P1:[0.2300] lr:[0.0001000]
2024-07-23 05:29:31.517820 Epoch[021/150], Step[0080/0091], loss-all:[1.7545],P1:[0.2626] lr:[0.0001000]
2024-07-23 05:29:47.470586 Epoch[021/150], Step[0091/0091], loss-all:[1.7739],P1:[0.2000] lr:[0.0001000]
2024-07-23 05:30:24.629449 Epoch[022/150], Step[0020/0091], loss-all:[1.6619],P1:[0.1738] lr:[0.0001000]
2024-07-23 05:30:52.675500 Epoch[022/150], Step[0040/0091], loss-all:[1.7071],P1:[0.1511] lr:[0.0001000]
2024-07-23 05:31:21.165951 Epoch[022/150], Step[0060/0091], loss-all:[1.7282],P1:[0.2078] lr:[0.0001000]
2024-07-23 05:31:50.225069 Epoch[022/150], Step[0080/0091], loss-all:[1.6508],P1:[0.1327] lr:[0.0001000]
2024-07-23 05:32:05.672326 Epoch[022/150], Step[0091/0091], loss-all:[1.6586],P1:[0.1444] lr:[0.0001000]
################################################################################
best meandice:0.9157210372270823
################################################################################
CVC-300 :  0.8706774688135933
CVC-ClinicDB :  0.9159708038555796
Kvasir :  0.9155661819174141
CVC-ColonDB :  0.7929469770456228
ETIS-LaribPolypDB :  0.7688920776110615
2024-07-23 05:33:26.901549 Epoch[023/150], Step[0020/0091], loss-all:[1.6932],P1:[0.2397] lr:[0.0001000]
2024-07-23 05:33:55.316380 Epoch[023/150], Step[0040/0091], loss-all:[1.6507],P1:[0.1522] lr:[0.0001000]
2024-07-23 05:34:24.456011 Epoch[023/150], Step[0060/0091], loss-all:[1.6248],P1:[0.2118] lr:[0.0001000]
2024-07-23 05:34:53.443589 Epoch[023/150], Step[0080/0091], loss-all:[1.6553],P1:[0.1551] lr:[0.0001000]
2024-07-23 05:35:08.860715 Epoch[023/150], Step[0091/0091], loss-all:[1.6468],P1:[0.2058] lr:[0.0001000]
2024-07-23 05:35:46.180639 Epoch[024/150], Step[0020/0091], loss-all:[1.6258],P1:[0.1518] lr:[0.0001000]
2024-07-23 05:36:14.606462 Epoch[024/150], Step[0040/0091], loss-all:[1.6633],P1:[0.1749] lr:[0.0001000]
2024-07-23 05:36:43.319661 Epoch[024/150], Step[0060/0091], loss-all:[1.6583],P1:[0.1914] lr:[0.0001000]
2024-07-23 05:37:12.259409 Epoch[024/150], Step[0080/0091], loss-all:[1.6685],P1:[0.1502] lr:[0.0001000]
2024-07-23 05:37:27.791698 Epoch[024/150], Step[0091/0091], loss-all:[1.6719],P1:[0.2136] lr:[0.0001000]
2024-07-23 05:38:04.232500 Epoch[025/150], Step[0020/0091], loss-all:[1.6693],P1:[0.2092] lr:[0.0001000]
2024-07-23 05:38:32.784718 Epoch[025/150], Step[0040/0091], loss-all:[1.6569],P1:[0.1529] lr:[0.0001000]
2024-07-23 05:39:02.179554 Epoch[025/150], Step[0060/0091], loss-all:[1.6323],P1:[0.1524] lr:[0.0001000]
2024-07-23 05:39:30.870089 Epoch[025/150], Step[0080/0091], loss-all:[1.6030],P1:[0.1543] lr:[0.0001000]
2024-07-23 05:39:46.499457 Epoch[025/150], Step[0091/0091], loss-all:[1.6018],P1:[0.1675] lr:[0.0001000]
################################################################################
best meandice:0.9177725413483024
################################################################################
CVC-300 :  0.8747291423765057
CVC-ClinicDB :  0.9125428420105723
Kvasir :  0.921014954937695
CVC-ColonDB :  0.7846500638540181
ETIS-LaribPolypDB :  0.7819564241321029
2024-07-23 05:41:07.604130 Epoch[026/150], Step[0020/0091], loss-all:[1.6247],P1:[0.1459] lr:[0.0001000]
2024-07-23 05:41:36.864700 Epoch[026/150], Step[0040/0091], loss-all:[1.6396],P1:[0.1929] lr:[0.0001000]
2024-07-23 05:42:04.477177 Epoch[026/150], Step[0060/0091], loss-all:[1.6025],P1:[0.1863] lr:[0.0001000]
2024-07-23 05:42:34.061777 Epoch[026/150], Step[0080/0091], loss-all:[1.5632],P1:[0.1819] lr:[0.0001000]
2024-07-23 05:42:49.565026 Epoch[026/150], Step[0091/0091], loss-all:[1.5865],P1:[0.1853] lr:[0.0001000]
2024-07-23 05:43:25.823169 Epoch[027/150], Step[0020/0091], loss-all:[1.5952],P1:[0.1456] lr:[0.0001000]
2024-07-23 05:43:55.041934 Epoch[027/150], Step[0040/0091], loss-all:[1.5838],P1:[0.1575] lr:[0.0001000]
2024-07-23 05:44:23.759897 Epoch[027/150], Step[0060/0091], loss-all:[1.5996],P1:[0.1430] lr:[0.0001000]
2024-07-23 05:44:53.257762 Epoch[027/150], Step[0080/0091], loss-all:[1.5785],P1:[0.1938] lr:[0.0001000]
2024-07-23 05:45:08.211120 Epoch[027/150], Step[0091/0091], loss-all:[1.5767],P1:[0.1499] lr:[0.0001000]
2024-07-23 05:45:44.365172 Epoch[028/150], Step[0020/0091], loss-all:[1.5567],P1:[0.1325] lr:[0.0001000]
2024-07-23 05:46:13.828268 Epoch[028/150], Step[0040/0091], loss-all:[1.5945],P1:[0.1781] lr:[0.0001000]
2024-07-23 05:46:42.670578 Epoch[028/150], Step[0060/0091], loss-all:[1.6241],P1:[0.1989] lr:[0.0001000]
2024-07-23 05:47:11.675182 Epoch[028/150], Step[0080/0091], loss-all:[1.6322],P1:[0.1375] lr:[0.0001000]
2024-07-23 05:47:26.618090 Epoch[028/150], Step[0091/0091], loss-all:[1.6121],P1:[0.1621] lr:[0.0001000]
2024-07-23 05:48:03.370111 Epoch[029/150], Step[0020/0091], loss-all:[1.5295],P1:[0.1511] lr:[0.0001000]
2024-07-23 05:48:31.885611 Epoch[029/150], Step[0040/0091], loss-all:[1.5823],P1:[0.1983] lr:[0.0001000]
2024-07-23 05:49:00.698286 Epoch[029/150], Step[0060/0091], loss-all:[1.5913],P1:[0.1995] lr:[0.0001000]
2024-07-23 05:49:29.457283 Epoch[029/150], Step[0080/0091], loss-all:[1.5589],P1:[0.1679] lr:[0.0001000]
2024-07-23 05:49:45.105113 Epoch[029/150], Step[0091/0091], loss-all:[1.5631],P1:[0.1857] lr:[0.0001000]
################################################################################
best meandice:0.9226890969762344
################################################################################
CVC-300 :  0.8563504187167831
CVC-ClinicDB :  0.9223637309946732
Kvasir :  0.9228908238848025
CVC-ColonDB :  0.7974904180741684
ETIS-LaribPolypDB :  0.7870335401988153
2024-07-23 05:51:06.522517 Epoch[030/150], Step[0020/0091], loss-all:[1.6197],P1:[0.1544] lr:[0.0001000]
2024-07-23 05:51:35.094144 Epoch[030/150], Step[0040/0091], loss-all:[1.5732],P1:[0.1405] lr:[0.0001000]
2024-07-23 05:52:03.974780 Epoch[030/150], Step[0060/0091], loss-all:[1.5505],P1:[0.1617] lr:[0.0001000]
2024-07-23 05:52:33.370653 Epoch[030/150], Step[0080/0091], loss-all:[1.5667],P1:[0.2168] lr:[0.0001000]
2024-07-23 05:52:48.679268 Epoch[030/150], Step[0091/0091], loss-all:[1.5912],P1:[0.2038] lr:[0.0001000]
2024-07-23 05:53:25.169083 Epoch[031/150], Step[0020/0091], loss-all:[1.5600],P1:[0.1702] lr:[0.0001000]
2024-07-23 05:53:54.044585 Epoch[031/150], Step[0040/0091], loss-all:[1.5531],P1:[0.1483] lr:[0.0001000]
2024-07-23 05:54:22.869336 Epoch[031/150], Step[0060/0091], loss-all:[1.5141],P1:[0.1801] lr:[0.0001000]
2024-07-23 05:54:51.449849 Epoch[031/150], Step[0080/0091], loss-all:[1.5101],P1:[0.1568] lr:[0.0001000]
2024-07-23 05:55:06.735749 Epoch[031/150], Step[0091/0091], loss-all:[1.5155],P1:[0.1999] lr:[0.0001000]
################################################################################
best meandice:0.9240706398732653
################################################################################
CVC-300 :  0.8905852841702049
CVC-ClinicDB :  0.9218679303535926
Kvasir :  0.9254363197754637
CVC-ColonDB :  0.798156461584145
ETIS-LaribPolypDB :  0.8049698878684681
2024-07-23 05:56:28.788995 Epoch[032/150], Step[0020/0091], loss-all:[1.4625],P1:[0.1764] lr:[0.0001000]
2024-07-23 05:56:57.101709 Epoch[032/150], Step[0040/0091], loss-all:[1.4793],P1:[0.1505] lr:[0.0001000]
2024-07-23 05:57:25.207915 Epoch[032/150], Step[0060/0091], loss-all:[1.5568],P1:[0.1816] lr:[0.0001000]
2024-07-23 05:57:55.126873 Epoch[032/150], Step[0080/0091], loss-all:[1.5766],P1:[0.1554] lr:[0.0001000]
2024-07-23 05:58:10.185299 Epoch[032/150], Step[0091/0091], loss-all:[1.5833],P1:[0.1463] lr:[0.0001000]
2024-07-23 05:58:46.543065 Epoch[033/150], Step[0020/0091], loss-all:[1.5575],P1:[0.1596] lr:[0.0001000]
2024-07-23 05:59:15.672635 Epoch[033/150], Step[0040/0091], loss-all:[1.5442],P1:[0.1262] lr:[0.0001000]
2024-07-23 05:59:43.970626 Epoch[033/150], Step[0060/0091], loss-all:[1.5725],P1:[0.1377] lr:[0.0001000]
2024-07-23 06:00:13.065652 Epoch[033/150], Step[0080/0091], loss-all:[1.5660],P1:[0.2513] lr:[0.0001000]
2024-07-23 06:00:28.489314 Epoch[033/150], Step[0091/0091], loss-all:[1.5684],P1:[0.2397] lr:[0.0001000]
2024-07-23 06:01:05.025717 Epoch[034/150], Step[0020/0091], loss-all:[1.5523],P1:[0.1404] lr:[0.0001000]
2024-07-23 06:01:33.890094 Epoch[034/150], Step[0040/0091], loss-all:[1.5285],P1:[0.1445] lr:[0.0001000]
2024-07-23 06:02:03.079672 Epoch[034/150], Step[0060/0091], loss-all:[1.5080],P1:[0.2143] lr:[0.0001000]
2024-07-23 06:02:31.890847 Epoch[034/150], Step[0080/0091], loss-all:[1.5574],P1:[0.1738] lr:[0.0001000]
2024-07-23 06:02:46.585477 Epoch[034/150], Step[0091/0091], loss-all:[1.5402],P1:[0.1529] lr:[0.0001000]
2024-07-23 06:03:22.961646 Epoch[035/150], Step[0020/0091], loss-all:[1.4890],P1:[0.1397] lr:[0.0001000]
2024-07-23 06:03:51.912979 Epoch[035/150], Step[0040/0091], loss-all:[1.4975],P1:[0.1451] lr:[0.0001000]
2024-07-23 06:04:21.328515 Epoch[035/150], Step[0060/0091], loss-all:[1.5405],P1:[0.1723] lr:[0.0001000]
2024-07-23 06:04:49.673421 Epoch[035/150], Step[0080/0091], loss-all:[1.5348],P1:[0.1703] lr:[0.0001000]
2024-07-23 06:05:04.443325 Epoch[035/150], Step[0091/0091], loss-all:[1.5008],P1:[0.1573] lr:[0.0001000]
2024-07-23 06:05:40.757284 Epoch[036/150], Step[0020/0091], loss-all:[1.4437],P1:[0.2141] lr:[0.0001000]
2024-07-23 06:06:09.682012 Epoch[036/150], Step[0040/0091], loss-all:[1.4460],P1:[0.1528] lr:[0.0001000]
2024-07-23 06:06:38.607735 Epoch[036/150], Step[0060/0091], loss-all:[1.4647],P1:[0.1407] lr:[0.0001000]
2024-07-23 06:07:07.445486 Epoch[036/150], Step[0080/0091], loss-all:[1.4889],P1:[0.1293] lr:[0.0001000]
2024-07-23 06:07:22.776649 Epoch[036/150], Step[0091/0091], loss-all:[1.5043],P1:[0.1285] lr:[0.0001000]
2024-07-23 06:07:58.894005 Epoch[037/150], Step[0020/0091], loss-all:[1.4800],P1:[0.1507] lr:[0.0001000]
2024-07-23 06:08:27.756371 Epoch[037/150], Step[0040/0091], loss-all:[1.4669],P1:[0.1516] lr:[0.0001000]
2024-07-23 06:08:56.950396 Epoch[037/150], Step[0060/0091], loss-all:[1.4708],P1:[0.1418] lr:[0.0001000]
2024-07-23 06:09:26.001744 Epoch[037/150], Step[0080/0091], loss-all:[1.4841],P1:[0.1244] lr:[0.0001000]
2024-07-23 06:09:40.826871 Epoch[037/150], Step[0091/0091], loss-all:[1.4809],P1:[0.1289] lr:[0.0001000]
2024-07-23 06:10:17.577290 Epoch[038/150], Step[0020/0091], loss-all:[1.4500],P1:[0.1406] lr:[0.0001000]
2024-07-23 06:10:46.497012 Epoch[038/150], Step[0040/0091], loss-all:[1.4291],P1:[0.1233] lr:[0.0001000]
2024-07-23 06:11:16.222455 Epoch[038/150], Step[0060/0091], loss-all:[1.4198],P1:[0.1198] lr:[0.0001000]
2024-07-23 06:11:44.459669 Epoch[038/150], Step[0080/0091], loss-all:[1.4518],P1:[0.2003] lr:[0.0001000]
2024-07-23 06:11:59.581943 Epoch[038/150], Step[0091/0091], loss-all:[1.4927],P1:[0.1711] lr:[0.0001000]
################################################################################
best meandice:0.9253108385350145
################################################################################
CVC-300 :  0.8503645848430874
CVC-ClinicDB :  0.9325024514742258
Kvasir :  0.9208520385127029
CVC-ColonDB :  0.8049766926145543
ETIS-LaribPolypDB :  0.822231367167421
2024-07-23 06:13:21.317826 Epoch[039/150], Step[0020/0091], loss-all:[1.4707],P1:[0.1408] lr:[0.0001000]
2024-07-23 06:13:49.998409 Epoch[039/150], Step[0040/0091], loss-all:[1.4849],P1:[0.1557] lr:[0.0001000]
2024-07-23 06:14:18.830376 Epoch[039/150], Step[0060/0091], loss-all:[1.5282],P1:[0.1754] lr:[0.0001000]
2024-07-23 06:14:47.412498 Epoch[039/150], Step[0080/0091], loss-all:[1.5271],P1:[0.1648] lr:[0.0001000]
2024-07-23 06:15:03.122055 Epoch[039/150], Step[0091/0091], loss-all:[1.5124],P1:[0.1900] lr:[0.0001000]
2024-07-23 06:15:41.013972 Epoch[040/150], Step[0020/0091], loss-all:[1.5314],P1:[0.1666] lr:[0.0001000]
2024-07-23 06:16:09.474681 Epoch[040/150], Step[0040/0091], loss-all:[1.5095],P1:[0.1472] lr:[0.0001000]
2024-07-23 06:16:38.050616 Epoch[040/150], Step[0060/0091], loss-all:[1.5784],P1:[0.1809] lr:[0.0001000]
2024-07-23 06:17:07.285452 Epoch[040/150], Step[0080/0091], loss-all:[1.6280],P1:[0.1729] lr:[0.0001000]
2024-07-23 06:17:22.104630 Epoch[040/150], Step[0091/0091], loss-all:[1.6182],P1:[0.2079] lr:[0.0001000]
2024-07-23 06:17:57.989532 Epoch[041/150], Step[0020/0091], loss-all:[1.5043],P1:[0.1555] lr:[0.0001000]
2024-07-23 06:18:27.133976 Epoch[041/150], Step[0040/0091], loss-all:[1.5118],P1:[0.1529] lr:[0.0001000]
2024-07-23 06:18:56.974068 Epoch[041/150], Step[0060/0091], loss-all:[1.4808],P1:[0.1731] lr:[0.0001000]
2024-07-23 06:19:25.262858 Epoch[041/150], Step[0080/0091], loss-all:[1.4746],P1:[0.1764] lr:[0.0001000]
2024-07-23 06:19:40.817493 Epoch[041/150], Step[0091/0091], loss-all:[1.4851],P1:[0.1655] lr:[0.0001000]
2024-07-23 06:20:17.815908 Epoch[042/150], Step[0020/0091], loss-all:[1.4899],P1:[0.1638] lr:[0.0001000]
2024-07-23 06:20:46.754888 Epoch[042/150], Step[0040/0091], loss-all:[1.4690],P1:[0.1308] lr:[0.0001000]
2024-07-23 06:21:15.349136 Epoch[042/150], Step[0060/0091], loss-all:[1.4636],P1:[0.1417] lr:[0.0001000]
2024-07-23 06:21:44.590786 Epoch[042/150], Step[0080/0091], loss-all:[1.4521],P1:[0.1841] lr:[0.0001000]
2024-07-23 06:21:59.642343 Epoch[042/150], Step[0091/0091], loss-all:[1.4412],P1:[0.1151] lr:[0.0001000]
2024-07-23 06:22:36.698146 Epoch[043/150], Step[0020/0091], loss-all:[1.4043],P1:[0.1563] lr:[0.0001000]
2024-07-23 06:23:05.687348 Epoch[043/150], Step[0040/0091], loss-all:[1.4073],P1:[0.1451] lr:[0.0001000]
2024-07-23 06:23:33.859223 Epoch[043/150], Step[0060/0091], loss-all:[1.4309],P1:[0.1442] lr:[0.0001000]
2024-07-23 06:24:02.119768 Epoch[043/150], Step[0080/0091], loss-all:[1.4305],P1:[0.1529] lr:[0.0001000]
2024-07-23 06:24:17.068754 Epoch[043/150], Step[0091/0091], loss-all:[1.4296],P1:[0.1549] lr:[0.0001000]
2024-07-23 06:24:53.481138 Epoch[044/150], Step[0020/0091], loss-all:[1.4204],P1:[0.1753] lr:[0.0001000]
2024-07-23 06:25:22.085721 Epoch[044/150], Step[0040/0091], loss-all:[1.4205],P1:[0.1344] lr:[0.0001000]
2024-07-23 06:25:51.600092 Epoch[044/150], Step[0060/0091], loss-all:[1.4203],P1:[0.1260] lr:[0.0001000]
2024-07-23 06:26:20.579320 Epoch[044/150], Step[0080/0091], loss-all:[1.4108],P1:[0.1206] lr:[0.0001000]
2024-07-23 06:26:36.056503 Epoch[044/150], Step[0091/0091], loss-all:[1.4075],P1:[0.1581] lr:[0.0001000]
2024-07-23 06:27:12.099244 Epoch[045/150], Step[0020/0091], loss-all:[1.3929],P1:[0.1658] lr:[0.0001000]
2024-07-23 06:27:41.162020 Epoch[045/150], Step[0040/0091], loss-all:[1.3899],P1:[0.1311] lr:[0.0001000]
2024-07-23 06:28:10.061776 Epoch[045/150], Step[0060/0091], loss-all:[1.4039],P1:[0.1452] lr:[0.0001000]
2024-07-23 06:28:39.287315 Epoch[045/150], Step[0080/0091], loss-all:[1.4210],P1:[0.1482] lr:[0.0001000]
2024-07-23 06:28:54.661166 Epoch[045/150], Step[0091/0091], loss-all:[1.4081],P1:[0.1214] lr:[0.0001000]
2024-07-23 06:29:31.231564 Epoch[046/150], Step[0020/0091], loss-all:[1.4244],P1:[0.1574] lr:[0.0001000]
2024-07-23 06:30:00.515861 Epoch[046/150], Step[0040/0091], loss-all:[1.4106],P1:[0.1243] lr:[0.0001000]
2024-07-23 06:30:29.385775 Epoch[046/150], Step[0060/0091], loss-all:[1.3833],P1:[0.1556] lr:[0.0001000]
2024-07-23 06:30:58.206155 Epoch[046/150], Step[0080/0091], loss-all:[1.4080],P1:[0.1727] lr:[0.0001000]
2024-07-23 06:31:13.458024 Epoch[046/150], Step[0091/0091], loss-all:[1.4425],P1:[0.1007] lr:[0.0001000]
2024-07-23 06:31:50.601183 Epoch[047/150], Step[0020/0091], loss-all:[1.4657],P1:[0.1296] lr:[0.0001000]
2024-07-23 06:32:18.943290 Epoch[047/150], Step[0040/0091], loss-all:[1.4267],P1:[0.1444] lr:[0.0001000]
2024-07-23 06:32:47.571333 Epoch[047/150], Step[0060/0091], loss-all:[1.4006],P1:[0.1589] lr:[0.0001000]
2024-07-23 06:33:16.840078 Epoch[047/150], Step[0080/0091], loss-all:[1.4235],P1:[0.1702] lr:[0.0001000]
2024-07-23 06:33:32.056300 Epoch[047/150], Step[0091/0091], loss-all:[1.4308],P1:[0.1462] lr:[0.0001000]
2024-07-23 06:34:08.198949 Epoch[048/150], Step[0020/0091], loss-all:[1.4115],P1:[0.1334] lr:[0.0001000]
2024-07-23 06:34:36.328409 Epoch[048/150], Step[0040/0091], loss-all:[1.3899],P1:[0.1298] lr:[0.0001000]
2024-07-23 06:35:05.157002 Epoch[048/150], Step[0060/0091], loss-all:[1.3881],P1:[0.1394] lr:[0.0001000]
2024-07-23 06:35:34.245562 Epoch[048/150], Step[0080/0091], loss-all:[1.4148],P1:[0.1373] lr:[0.0001000]
2024-07-23 06:35:50.551211 Epoch[048/150], Step[0091/0091], loss-all:[1.4246],P1:[0.1859] lr:[0.0001000]
2024-07-23 06:36:27.348991 Epoch[049/150], Step[0020/0091], loss-all:[1.5782],P1:[0.1634] lr:[0.0001000]
2024-07-23 06:36:55.787330 Epoch[049/150], Step[0040/0091], loss-all:[1.5422],P1:[0.1686] lr:[0.0001000]
2024-07-23 06:37:24.506122 Epoch[049/150], Step[0060/0091], loss-all:[1.5063],P1:[0.1884] lr:[0.0001000]
2024-07-23 06:37:53.945137 Epoch[049/150], Step[0080/0091], loss-all:[1.4987],P1:[0.1378] lr:[0.0001000]
2024-07-23 06:38:09.069697 Epoch[049/150], Step[0091/0091], loss-all:[1.4674],P1:[0.1404] lr:[0.0001000]
2024-07-23 06:38:45.506637 Epoch[050/150], Step[0020/0091], loss-all:[1.3674],P1:[0.2156] lr:[0.0000500]
2024-07-23 06:39:14.898085 Epoch[050/150], Step[0040/0091], loss-all:[1.3844],P1:[0.1349] lr:[0.0000500]
2024-07-23 06:39:44.161845 Epoch[050/150], Step[0060/0091], loss-all:[1.3756],P1:[0.1548] lr:[0.0000500]
2024-07-23 06:40:12.743265 Epoch[050/150], Step[0080/0091], loss-all:[1.3783],P1:[0.2727] lr:[0.0000500]
2024-07-23 06:40:27.678733 Epoch[050/150], Step[0091/0091], loss-all:[1.4083],P1:[0.1728] lr:[0.0000500]
2024-07-23 06:41:04.012836 Epoch[051/150], Step[0020/0091], loss-all:[1.4152],P1:[0.1416] lr:[0.0000500]
2024-07-23 06:41:32.062135 Epoch[051/150], Step[0040/0091], loss-all:[1.3923],P1:[0.1645] lr:[0.0000500]
2024-07-23 06:42:00.719501 Epoch[051/150], Step[0060/0091], loss-all:[1.3781],P1:[0.1384] lr:[0.0000500]
2024-07-23 06:42:28.635435 Epoch[051/150], Step[0080/0091], loss-all:[1.3631],P1:[0.1692] lr:[0.0000500]
2024-07-23 06:42:43.766499 Epoch[051/150], Step[0091/0091], loss-all:[1.3491],P1:[0.1411] lr:[0.0000500]
2024-07-23 06:43:19.755708 Epoch[052/150], Step[0020/0091], loss-all:[1.3222],P1:[0.1521] lr:[0.0000500]
2024-07-23 06:43:47.751423 Epoch[052/150], Step[0040/0091], loss-all:[1.3202],P1:[0.1383] lr:[0.0000500]
2024-07-23 06:44:15.563422 Epoch[052/150], Step[0060/0091], loss-all:[1.3244],P1:[0.1458] lr:[0.0000500]
2024-07-23 06:44:44.695958 Epoch[052/150], Step[0080/0091], loss-all:[1.3445],P1:[0.1288] lr:[0.0000500]
2024-07-23 06:44:59.933601 Epoch[052/150], Step[0091/0091], loss-all:[1.3486],P1:[0.1438] lr:[0.0000500]
2024-07-23 06:45:35.542000 Epoch[053/150], Step[0020/0091], loss-all:[1.2958],P1:[0.1107] lr:[0.0000500]
2024-07-23 06:46:03.719839 Epoch[053/150], Step[0040/0091], loss-all:[1.3186],P1:[0.1310] lr:[0.0000500]
2024-07-23 06:46:31.543839 Epoch[053/150], Step[0060/0091], loss-all:[1.3298],P1:[0.1485] lr:[0.0000500]
2024-07-23 06:47:00.486848 Epoch[053/150], Step[0080/0091], loss-all:[1.3112],P1:[0.1197] lr:[0.0000500]
2024-07-23 06:47:15.784793 Epoch[053/150], Step[0091/0091], loss-all:[1.3142],P1:[0.1351] lr:[0.0000500]
2024-07-23 06:47:50.846745 Epoch[054/150], Step[0020/0091], loss-all:[1.2886],P1:[0.1391] lr:[0.0000500]
2024-07-23 06:48:19.498253 Epoch[054/150], Step[0040/0091], loss-all:[1.3116],P1:[0.1357] lr:[0.0000500]
2024-07-23 06:48:47.583875 Epoch[054/150], Step[0060/0091], loss-all:[1.3175],P1:[0.1327] lr:[0.0000500]
2024-07-23 06:49:16.035986 Epoch[054/150], Step[0080/0091], loss-all:[1.3110],P1:[0.1176] lr:[0.0000500]
2024-07-23 06:49:31.296978 Epoch[054/150], Step[0091/0091], loss-all:[1.3180],P1:[0.1326] lr:[0.0000500]
2024-07-23 06:50:07.216812 Epoch[055/150], Step[0020/0091], loss-all:[1.2859],P1:[0.1084] lr:[0.0000500]
2024-07-23 06:50:36.001176 Epoch[055/150], Step[0040/0091], loss-all:[1.3155],P1:[0.1334] lr:[0.0000500]
2024-07-23 06:51:04.556341 Epoch[055/150], Step[0060/0091], loss-all:[1.3302],P1:[0.1357] lr:[0.0000500]
2024-07-23 06:51:32.411866 Epoch[055/150], Step[0080/0091], loss-all:[1.2911],P1:[0.1247] lr:[0.0000500]
2024-07-23 06:51:47.165253 Epoch[055/150], Step[0091/0091], loss-all:[1.2928],P1:[0.1333] lr:[0.0000500]
2024-07-23 06:52:22.571440 Epoch[056/150], Step[0020/0091], loss-all:[1.3681],P1:[0.1314] lr:[0.0000500]
2024-07-23 06:52:50.773204 Epoch[056/150], Step[0040/0091], loss-all:[1.3307],P1:[0.1255] lr:[0.0000500]
2024-07-23 06:53:19.160932 Epoch[056/150], Step[0060/0091], loss-all:[1.3161],P1:[0.1795] lr:[0.0000500]
2024-07-23 06:53:48.048575 Epoch[056/150], Step[0080/0091], loss-all:[1.3296],P1:[0.1196] lr:[0.0000500]
2024-07-23 06:54:02.978426 Epoch[056/150], Step[0091/0091], loss-all:[1.3302],P1:[0.1272] lr:[0.0000500]
2024-07-23 06:54:38.294760 Epoch[057/150], Step[0020/0091], loss-all:[1.3050],P1:[0.1010] lr:[0.0000500]
2024-07-23 06:55:07.030003 Epoch[057/150], Step[0040/0091], loss-all:[1.3353],P1:[0.1434] lr:[0.0000500]
2024-07-23 06:55:35.481375 Epoch[057/150], Step[0060/0091], loss-all:[1.3168],P1:[0.1324] lr:[0.0000500]
2024-07-23 06:56:03.799881 Epoch[057/150], Step[0080/0091], loss-all:[1.3007],P1:[0.1340] lr:[0.0000500]
2024-07-23 06:56:18.853522 Epoch[057/150], Step[0091/0091], loss-all:[1.3217],P1:[0.1444] lr:[0.0000500]
2024-07-23 06:56:54.354512 Epoch[058/150], Step[0020/0091], loss-all:[1.3075],P1:[0.1366] lr:[0.0000500]
2024-07-23 06:57:22.496983 Epoch[058/150], Step[0040/0091], loss-all:[1.2923],P1:[0.1167] lr:[0.0000500]
2024-07-23 06:57:51.106725 Epoch[058/150], Step[0060/0091], loss-all:[1.2740],P1:[0.1187] lr:[0.0000500]
2024-07-23 06:58:19.612790 Epoch[058/150], Step[0080/0091], loss-all:[1.2941],P1:[0.1302] lr:[0.0000500]
2024-07-23 06:58:34.737098 Epoch[058/150], Step[0091/0091], loss-all:[1.3149],P1:[0.1364] lr:[0.0000500]
2024-07-23 06:59:10.536475 Epoch[059/150], Step[0020/0091], loss-all:[1.2906],P1:[0.1112] lr:[0.0000500]
2024-07-23 06:59:38.869199 Epoch[059/150], Step[0040/0091], loss-all:[1.2999],P1:[0.1411] lr:[0.0000500]
2024-07-23 07:00:07.475504 Epoch[059/150], Step[0060/0091], loss-all:[1.2791],P1:[0.1196] lr:[0.0000500]
2024-07-23 07:00:35.027371 Epoch[059/150], Step[0080/0091], loss-all:[1.2809],P1:[0.1252] lr:[0.0000500]
2024-07-23 07:00:50.330364 Epoch[059/150], Step[0091/0091], loss-all:[1.2912],P1:[0.1315] lr:[0.0000500]
2024-07-23 07:01:25.991829 Epoch[060/150], Step[0020/0091], loss-all:[1.3308],P1:[0.1276] lr:[0.0000500]
2024-07-23 07:01:54.727583 Epoch[060/150], Step[0040/0091], loss-all:[1.3078],P1:[0.1024] lr:[0.0000500]
2024-07-23 07:02:22.329906 Epoch[060/150], Step[0060/0091], loss-all:[1.2915],P1:[0.1210] lr:[0.0000500]
2024-07-23 07:02:50.573594 Epoch[060/150], Step[0080/0091], loss-all:[1.3004],P1:[0.1393] lr:[0.0000500]
2024-07-23 07:03:05.977859 Epoch[060/150], Step[0091/0091], loss-all:[1.2740],P1:[0.1252] lr:[0.0000500]
2024-07-23 07:03:41.746754 Epoch[061/150], Step[0020/0091], loss-all:[1.2838],P1:[0.1343] lr:[0.0000500]
2024-07-23 07:04:10.302168 Epoch[061/150], Step[0040/0091], loss-all:[1.2645],P1:[0.1332] lr:[0.0000500]
2024-07-23 07:04:38.250059 Epoch[061/150], Step[0060/0091], loss-all:[1.2726],P1:[0.1385] lr:[0.0000500]
2024-07-23 07:05:06.637475 Epoch[061/150], Step[0080/0091], loss-all:[1.2946],P1:[0.1170] lr:[0.0000500]
2024-07-23 07:05:22.040831 Epoch[061/150], Step[0091/0091], loss-all:[1.2809],P1:[0.1356] lr:[0.0000500]
2024-07-23 07:05:57.612204 Epoch[062/150], Step[0020/0091], loss-all:[1.2770],P1:[0.1606] lr:[0.0000500]
2024-07-23 07:06:26.277656 Epoch[062/150], Step[0040/0091], loss-all:[1.2879],P1:[0.1080] lr:[0.0000500]
2024-07-23 07:06:54.462968 Epoch[062/150], Step[0060/0091], loss-all:[1.2826],P1:[0.1207] lr:[0.0000500]
2024-07-23 07:07:22.399427 Epoch[062/150], Step[0080/0091], loss-all:[1.2669],P1:[0.1384] lr:[0.0000500]
2024-07-23 07:07:37.274657 Epoch[062/150], Step[0091/0091], loss-all:[1.2755],P1:[0.1304] lr:[0.0000500]
2024-07-23 07:08:13.237056 Epoch[063/150], Step[0020/0091], loss-all:[1.2347],P1:[0.1313] lr:[0.0000500]
2024-07-23 07:08:40.653262 Epoch[063/150], Step[0040/0091], loss-all:[1.2522],P1:[0.1246] lr:[0.0000500]
2024-07-23 07:09:08.946029 Epoch[063/150], Step[0060/0091], loss-all:[1.2750],P1:[0.1136] lr:[0.0000500]
2024-07-23 07:09:37.783109 Epoch[063/150], Step[0080/0091], loss-all:[1.2898],P1:[0.1271] lr:[0.0000500]
2024-07-23 07:09:53.073729 Epoch[063/150], Step[0091/0091], loss-all:[1.2993],P1:[0.1284] lr:[0.0000500]
################################################################################
best meandice:0.9256981636892286
################################################################################
CVC-300 :  0.8704998775457149
CVC-ClinicDB :  0.9282572903659283
Kvasir :  0.9241115051496754
CVC-ColonDB :  0.8043506221335701
ETIS-LaribPolypDB :  0.817168780679567
2024-07-23 07:11:12.164804 Epoch[064/150], Step[0020/0091], loss-all:[1.2820],P1:[0.1113] lr:[0.0000500]
2024-07-23 07:11:40.143391 Epoch[064/150], Step[0040/0091], loss-all:[1.2807],P1:[0.1595] lr:[0.0000500]
2024-07-23 07:12:09.737611 Epoch[064/150], Step[0060/0091], loss-all:[1.3000],P1:[0.1246] lr:[0.0000500]
2024-07-23 07:12:37.607557 Epoch[064/150], Step[0080/0091], loss-all:[1.2989],P1:[0.1165] lr:[0.0000500]
2024-07-23 07:12:52.890217 Epoch[064/150], Step[0091/0091], loss-all:[1.2797],P1:[0.1199] lr:[0.0000500]
2024-07-23 07:13:28.744796 Epoch[065/150], Step[0020/0091], loss-all:[1.2918],P1:[0.1093] lr:[0.0000500]
2024-07-23 07:13:56.513549 Epoch[065/150], Step[0040/0091], loss-all:[1.2719],P1:[0.1231] lr:[0.0000500]
2024-07-23 07:14:24.176319 Epoch[065/150], Step[0060/0091], loss-all:[1.2418],P1:[0.1250] lr:[0.0000500]
2024-07-23 07:14:53.289912 Epoch[065/150], Step[0080/0091], loss-all:[1.2389],P1:[0.1240] lr:[0.0000500]
2024-07-23 07:15:08.527267 Epoch[065/150], Step[0091/0091], loss-all:[1.2528],P1:[0.1335] lr:[0.0000500]
2024-07-23 07:15:44.524364 Epoch[066/150], Step[0020/0091], loss-all:[1.2582],P1:[0.1459] lr:[0.0000500]
2024-07-23 07:16:13.406955 Epoch[066/150], Step[0040/0091], loss-all:[1.2656],P1:[0.1492] lr:[0.0000500]
2024-07-23 07:16:41.538251 Epoch[066/150], Step[0060/0091], loss-all:[1.2684],P1:[0.1284] lr:[0.0000500]
2024-07-23 07:17:09.511447 Epoch[066/150], Step[0080/0091], loss-all:[1.2452],P1:[0.1274] lr:[0.0000500]
2024-07-23 07:17:24.197186 Epoch[066/150], Step[0091/0091], loss-all:[1.2341],P1:[0.1281] lr:[0.0000500]
2024-07-23 07:18:00.058281 Epoch[067/150], Step[0020/0091], loss-all:[1.2707],P1:[0.1318] lr:[0.0000500]
2024-07-23 07:18:28.192077 Epoch[067/150], Step[0040/0091], loss-all:[1.2608],P1:[0.1181] lr:[0.0000500]
2024-07-23 07:18:56.292559 Epoch[067/150], Step[0060/0091], loss-all:[1.2575],P1:[0.1011] lr:[0.0000500]
2024-07-23 07:19:24.638704 Epoch[067/150], Step[0080/0091], loss-all:[1.2405],P1:[0.1308] lr:[0.0000500]
2024-07-23 07:19:39.242386 Epoch[067/150], Step[0091/0091], loss-all:[1.2273],P1:[0.1121] lr:[0.0000500]
2024-07-23 07:20:14.241438 Epoch[068/150], Step[0020/0091], loss-all:[1.2749],P1:[0.1284] lr:[0.0000500]
2024-07-23 07:20:42.681764 Epoch[068/150], Step[0040/0091], loss-all:[1.2777],P1:[0.1063] lr:[0.0000500]
2024-07-23 07:21:11.111760 Epoch[068/150], Step[0060/0091], loss-all:[1.2766],P1:[0.1461] lr:[0.0000500]
2024-07-23 07:21:39.460340 Epoch[068/150], Step[0080/0091], loss-all:[1.2676],P1:[0.1340] lr:[0.0000500]
2024-07-23 07:21:55.298079 Epoch[068/150], Step[0091/0091], loss-all:[1.2500],P1:[0.1218] lr:[0.0000500]
2024-07-23 07:22:30.873440 Epoch[069/150], Step[0020/0091], loss-all:[1.2458],P1:[0.1261] lr:[0.0000500]
2024-07-23 07:22:59.178385 Epoch[069/150], Step[0040/0091], loss-all:[1.2501],P1:[0.1246] lr:[0.0000500]
2024-07-23 07:23:27.843558 Epoch[069/150], Step[0060/0091], loss-all:[1.2508],P1:[0.1159] lr:[0.0000500]
2024-07-23 07:23:55.942907 Epoch[069/150], Step[0080/0091], loss-all:[1.2403],P1:[0.1228] lr:[0.0000500]
2024-07-23 07:24:10.964567 Epoch[069/150], Step[0091/0091], loss-all:[1.2525],P1:[0.1070] lr:[0.0000500]
2024-07-23 07:24:46.455172 Epoch[070/150], Step[0020/0091], loss-all:[1.2716],P1:[0.1085] lr:[0.0000500]
2024-07-23 07:25:14.382993 Epoch[070/150], Step[0040/0091], loss-all:[1.2200],P1:[0.1279] lr:[0.0000500]
2024-07-23 07:25:42.728469 Epoch[070/150], Step[0060/0091], loss-all:[1.2257],P1:[0.1514] lr:[0.0000500]
2024-07-23 07:26:11.434744 Epoch[070/150], Step[0080/0091], loss-all:[1.2814],P1:[0.1108] lr:[0.0000500]
2024-07-23 07:26:26.437269 Epoch[070/150], Step[0091/0091], loss-all:[1.2717],P1:[0.1055] lr:[0.0000500]
2024-07-23 07:27:01.977671 Epoch[071/150], Step[0020/0091], loss-all:[1.2550],P1:[0.1286] lr:[0.0000500]
2024-07-23 07:27:29.984117 Epoch[071/150], Step[0040/0091], loss-all:[1.2310],P1:[0.1151] lr:[0.0000500]
2024-07-23 07:27:58.019277 Epoch[071/150], Step[0060/0091], loss-all:[1.2160],P1:[0.1065] lr:[0.0000500]
2024-07-23 07:28:26.737458 Epoch[071/150], Step[0080/0091], loss-all:[1.2570],P1:[0.1139] lr:[0.0000500]
2024-07-23 07:28:41.878260 Epoch[071/150], Step[0091/0091], loss-all:[1.2660],P1:[0.0954] lr:[0.0000500]
2024-07-23 07:29:17.514163 Epoch[072/150], Step[0020/0091], loss-all:[1.2355],P1:[0.1391] lr:[0.0000500]
2024-07-23 07:29:46.095743 Epoch[072/150], Step[0040/0091], loss-all:[1.2524],P1:[0.1155] lr:[0.0000500]
2024-07-23 07:30:14.056340 Epoch[072/150], Step[0060/0091], loss-all:[1.2937],P1:[0.1721] lr:[0.0000500]
2024-07-23 07:30:41.851340 Epoch[072/150], Step[0080/0091], loss-all:[1.2837],P1:[0.1182] lr:[0.0000500]
2024-07-23 07:30:57.195222 Epoch[072/150], Step[0091/0091], loss-all:[1.2611],P1:[0.1113] lr:[0.0000500]
2024-07-23 07:31:33.441168 Epoch[073/150], Step[0020/0091], loss-all:[1.2403],P1:[0.1053] lr:[0.0000500]
2024-07-23 07:32:01.653971 Epoch[073/150], Step[0040/0091], loss-all:[1.2281],P1:[0.1081] lr:[0.0000500]
2024-07-23 07:32:29.910766 Epoch[073/150], Step[0060/0091], loss-all:[1.2311],P1:[0.1087] lr:[0.0000500]
2024-07-23 07:32:58.136657 Epoch[073/150], Step[0080/0091], loss-all:[1.2278],P1:[0.1129] lr:[0.0000500]
2024-07-23 07:33:13.189763 Epoch[073/150], Step[0091/0091], loss-all:[1.2281],P1:[0.1317] lr:[0.0000500]
2024-07-23 07:33:48.055749 Epoch[074/150], Step[0020/0091], loss-all:[1.1841],P1:[0.1181] lr:[0.0000500]
2024-07-23 07:34:16.426765 Epoch[074/150], Step[0040/0091], loss-all:[1.2202],P1:[0.1370] lr:[0.0000500]
2024-07-23 07:34:45.439300 Epoch[074/150], Step[0060/0091], loss-all:[1.2447],P1:[0.1193] lr:[0.0000500]
2024-07-23 07:35:13.141204 Epoch[074/150], Step[0080/0091], loss-all:[1.2403],P1:[0.1138] lr:[0.0000500]
2024-07-23 07:35:28.388808 Epoch[074/150], Step[0091/0091], loss-all:[1.2350],P1:[0.1372] lr:[0.0000500]
2024-07-23 07:36:04.919562 Epoch[075/150], Step[0020/0091], loss-all:[1.2310],P1:[0.1319] lr:[0.0000500]
2024-07-23 07:36:33.411461 Epoch[075/150], Step[0040/0091], loss-all:[1.2137],P1:[0.1034] lr:[0.0000500]
2024-07-23 07:37:01.182857 Epoch[075/150], Step[0060/0091], loss-all:[1.1906],P1:[0.1104] lr:[0.0000500]
2024-07-23 07:37:29.185713 Epoch[075/150], Step[0080/0091], loss-all:[1.1998],P1:[0.1179] lr:[0.0000500]
2024-07-23 07:37:44.281604 Epoch[075/150], Step[0091/0091], loss-all:[1.2177],P1:[0.1275] lr:[0.0000500]
2024-07-23 07:38:20.769520 Epoch[076/150], Step[0020/0091], loss-all:[1.2025],P1:[0.1139] lr:[0.0000500]
2024-07-23 07:38:48.844494 Epoch[076/150], Step[0040/0091], loss-all:[1.2078],P1:[0.1024] lr:[0.0000500]
2024-07-23 07:39:16.685465 Epoch[076/150], Step[0060/0091], loss-all:[1.2165],P1:[0.0983] lr:[0.0000500]
2024-07-23 07:39:45.398042 Epoch[076/150], Step[0080/0091], loss-all:[1.2159],P1:[0.1170] lr:[0.0000500]
2024-07-23 07:40:00.250007 Epoch[076/150], Step[0091/0091], loss-all:[1.2002],P1:[0.1167] lr:[0.0000500]
2024-07-23 07:40:35.448899 Epoch[077/150], Step[0020/0091], loss-all:[1.1940],P1:[0.1233] lr:[0.0000500]
2024-07-23 07:41:03.266758 Epoch[077/150], Step[0040/0091], loss-all:[1.2046],P1:[0.1141] lr:[0.0000500]
2024-07-23 07:41:32.111545 Epoch[077/150], Step[0060/0091], loss-all:[1.2197],P1:[0.1060] lr:[0.0000500]
2024-07-23 07:42:00.472926 Epoch[077/150], Step[0080/0091], loss-all:[1.2202],P1:[0.1121] lr:[0.0000500]
2024-07-23 07:42:15.118029 Epoch[077/150], Step[0091/0091], loss-all:[1.2161],P1:[0.1111] lr:[0.0000500]
2024-07-23 07:42:51.464095 Epoch[078/150], Step[0020/0091], loss-all:[1.2103],P1:[0.1247] lr:[0.0000500]
2024-07-23 07:43:20.530716 Epoch[078/150], Step[0040/0091], loss-all:[1.2177],P1:[0.1177] lr:[0.0000500]
2024-07-23 07:43:48.319438 Epoch[078/150], Step[0060/0091], loss-all:[1.2190],P1:[0.1054] lr:[0.0000500]
2024-07-23 07:44:16.552773 Epoch[078/150], Step[0080/0091], loss-all:[1.1893],P1:[0.1130] lr:[0.0000500]
2024-07-23 07:44:31.187846 Epoch[078/150], Step[0091/0091], loss-all:[1.1740],P1:[0.1187] lr:[0.0000500]
2024-07-23 07:45:06.469091 Epoch[079/150], Step[0020/0091], loss-all:[1.2147],P1:[0.1204] lr:[0.0000500]
2024-07-23 07:45:35.246005 Epoch[079/150], Step[0040/0091], loss-all:[1.1981],P1:[0.1103] lr:[0.0000500]
2024-07-23 07:46:03.737091 Epoch[079/150], Step[0060/0091], loss-all:[1.1809],P1:[0.1135] lr:[0.0000500]
2024-07-23 07:46:31.970802 Epoch[079/150], Step[0080/0091], loss-all:[1.2104],P1:[0.1089] lr:[0.0000500]
2024-07-23 07:46:46.973432 Epoch[079/150], Step[0091/0091], loss-all:[1.2181],P1:[0.1252] lr:[0.0000500]
2024-07-23 07:47:22.950384 Epoch[080/150], Step[0020/0091], loss-all:[1.2040],P1:[0.1252] lr:[0.0000500]
2024-07-23 07:47:51.122046 Epoch[080/150], Step[0040/0091], loss-all:[1.1870],P1:[0.1227] lr:[0.0000500]
2024-07-23 07:48:19.408788 Epoch[080/150], Step[0060/0091], loss-all:[1.1796],P1:[0.1131] lr:[0.0000500]
2024-07-23 07:48:47.648983 Epoch[080/150], Step[0080/0091], loss-all:[1.2050],P1:[0.1213] lr:[0.0000500]
2024-07-23 07:49:02.126956 Epoch[080/150], Step[0091/0091], loss-all:[1.2288],P1:[0.1302] lr:[0.0000500]
2024-07-23 07:49:37.800965 Epoch[081/150], Step[0020/0091], loss-all:[1.2175],P1:[0.1257] lr:[0.0000500]
2024-07-23 07:50:05.816094 Epoch[081/150], Step[0040/0091], loss-all:[1.2018],P1:[0.1283] lr:[0.0000500]
2024-07-23 07:50:33.922331 Epoch[081/150], Step[0060/0091], loss-all:[1.2048],P1:[0.1302] lr:[0.0000500]
2024-07-23 07:51:02.631295 Epoch[081/150], Step[0080/0091], loss-all:[1.2185],P1:[0.1205] lr:[0.0000500]
2024-07-23 07:51:17.843301 Epoch[081/150], Step[0091/0091], loss-all:[1.2178],P1:[0.1156] lr:[0.0000500]
2024-07-23 07:51:52.969627 Epoch[082/150], Step[0020/0091], loss-all:[1.1847],P1:[0.1326] lr:[0.0000500]
2024-07-23 07:52:22.290255 Epoch[082/150], Step[0040/0091], loss-all:[1.1965],P1:[0.1086] lr:[0.0000500]
2024-07-23 07:52:50.914220 Epoch[082/150], Step[0060/0091], loss-all:[1.1964],P1:[0.1181] lr:[0.0000500]
2024-07-23 07:53:18.954175 Epoch[082/150], Step[0080/0091], loss-all:[1.1716],P1:[0.1043] lr:[0.0000500]
2024-07-23 07:53:33.863823 Epoch[082/150], Step[0091/0091], loss-all:[1.1870],P1:[0.1018] lr:[0.0000500]
2024-07-23 07:54:09.164793 Epoch[083/150], Step[0020/0091], loss-all:[1.2109],P1:[0.1205] lr:[0.0000500]
2024-07-23 07:54:37.548170 Epoch[083/150], Step[0040/0091], loss-all:[1.1910],P1:[0.1157] lr:[0.0000500]
2024-07-23 07:55:06.070207 Epoch[083/150], Step[0060/0091], loss-all:[1.1695],P1:[0.1029] lr:[0.0000500]
2024-07-23 07:55:34.160123 Epoch[083/150], Step[0080/0091], loss-all:[1.1614],P1:[0.1110] lr:[0.0000500]
2024-07-23 07:55:49.704794 Epoch[083/150], Step[0091/0091], loss-all:[1.1702],P1:[0.0992] lr:[0.0000500]
################################################################################
best meandice:0.9259318462074977
################################################################################
CVC-300 :  0.8744018111051978
CVC-ClinicDB :  0.9284527913980031
Kvasir :  0.9243688601893848
CVC-ColonDB :  0.802972057247179
ETIS-LaribPolypDB :  0.8045790942476533
2024-07-23 07:57:07.921817 Epoch[084/150], Step[0020/0091], loss-all:[1.1635],P1:[0.1198] lr:[0.0000500]
2024-07-23 07:57:36.246297 Epoch[084/150], Step[0040/0091], loss-all:[1.1810],P1:[0.1119] lr:[0.0000500]
2024-07-23 07:58:04.552041 Epoch[084/150], Step[0060/0091], loss-all:[1.1883],P1:[0.1218] lr:[0.0000500]
2024-07-23 07:58:33.707787 Epoch[084/150], Step[0080/0091], loss-all:[1.1819],P1:[0.0994] lr:[0.0000500]
2024-07-23 07:58:48.889049 Epoch[084/150], Step[0091/0091], loss-all:[1.1854],P1:[0.1021] lr:[0.0000500]
2024-07-23 07:59:25.377067 Epoch[085/150], Step[0020/0091], loss-all:[1.1451],P1:[0.0953] lr:[0.0000500]
2024-07-23 07:59:53.158130 Epoch[085/150], Step[0040/0091], loss-all:[1.1935],P1:[0.1168] lr:[0.0000500]
2024-07-23 08:00:22.171285 Epoch[085/150], Step[0060/0091], loss-all:[1.1924],P1:[0.1253] lr:[0.0000500]
2024-07-23 08:00:49.926252 Epoch[085/150], Step[0080/0091], loss-all:[1.1690],P1:[0.1235] lr:[0.0000500]
2024-07-23 08:01:04.605867 Epoch[085/150], Step[0091/0091], loss-all:[1.1836],P1:[0.1213] lr:[0.0000500]
################################################################################
best meandice:0.9259687131309831
################################################################################
CVC-300 :  0.8744919581101667
CVC-ClinicDB :  0.9294778301200204
Kvasir :  0.9237930605977788
CVC-ColonDB :  0.7876865224811573
ETIS-LaribPolypDB :  0.8019975029259873
2024-07-23 08:02:23.283632 Epoch[086/150], Step[0020/0091], loss-all:[1.1482],P1:[0.1225] lr:[0.0000500]
2024-07-23 08:02:51.224023 Epoch[086/150], Step[0040/0091], loss-all:[1.1690],P1:[0.1113] lr:[0.0000500]
2024-07-23 08:03:19.480764 Epoch[086/150], Step[0060/0091], loss-all:[1.1805],P1:[0.1268] lr:[0.0000500]
2024-07-23 08:03:47.659245 Epoch[086/150], Step[0080/0091], loss-all:[1.1838],P1:[0.1192] lr:[0.0000500]
2024-07-23 08:04:02.760216 Epoch[086/150], Step[0091/0091], loss-all:[1.1798],P1:[0.1291] lr:[0.0000500]
2024-07-23 08:04:39.175137 Epoch[087/150], Step[0020/0091], loss-all:[1.1855],P1:[0.1168] lr:[0.0000500]
2024-07-23 08:05:07.434544 Epoch[087/150], Step[0040/0091], loss-all:[1.1972],P1:[0.1128] lr:[0.0000500]
2024-07-23 08:05:35.169934 Epoch[087/150], Step[0060/0091], loss-all:[1.1884],P1:[0.1088] lr:[0.0000500]
2024-07-23 08:06:03.175170 Epoch[087/150], Step[0080/0091], loss-all:[1.1740],P1:[0.0949] lr:[0.0000500]
2024-07-23 08:06:18.192159 Epoch[087/150], Step[0091/0091], loss-all:[1.1712],P1:[0.1278] lr:[0.0000500]
2024-07-23 08:06:53.205213 Epoch[088/150], Step[0020/0091], loss-all:[1.1556],P1:[0.1075] lr:[0.0000500]
2024-07-23 08:07:21.145480 Epoch[088/150], Step[0040/0091], loss-all:[1.1509],P1:[0.1236] lr:[0.0000500]
2024-07-23 08:07:49.980528 Epoch[088/150], Step[0060/0091], loss-all:[1.1719],P1:[0.1104] lr:[0.0000500]
2024-07-23 08:08:19.340409 Epoch[088/150], Step[0080/0091], loss-all:[1.1748],P1:[0.0978] lr:[0.0000500]
2024-07-23 08:08:34.178783 Epoch[088/150], Step[0091/0091], loss-all:[1.1698],P1:[0.1090] lr:[0.0000500]
2024-07-23 08:09:09.485621 Epoch[089/150], Step[0020/0091], loss-all:[1.1679],P1:[0.1130] lr:[0.0000500]
2024-07-23 08:09:37.328422 Epoch[089/150], Step[0040/0091], loss-all:[1.1575],P1:[0.0942] lr:[0.0000500]
2024-07-23 08:10:05.762742 Epoch[089/150], Step[0060/0091], loss-all:[1.1658],P1:[0.0948] lr:[0.0000500]
2024-07-23 08:10:34.994087 Epoch[089/150], Step[0080/0091], loss-all:[1.1749],P1:[0.1010] lr:[0.0000500]
2024-07-23 08:10:50.149472 Epoch[089/150], Step[0091/0091], loss-all:[1.1710],P1:[0.1023] lr:[0.0000500]
################################################################################
best meandice:0.9288325391710405
################################################################################
CVC-300 :  0.8956967869537314
CVC-ClinicDB :  0.9338905223934666
Kvasir :  0.9256965895731366
CVC-ColonDB :  0.8088446004880641
ETIS-LaribPolypDB :  0.804254314199921
2024-07-23 08:12:08.124707 Epoch[090/150], Step[0020/0091], loss-all:[1.1663],P1:[0.1006] lr:[0.0000250]
2024-07-23 08:12:36.140813 Epoch[090/150], Step[0040/0091], loss-all:[1.1603],P1:[0.1085] lr:[0.0000250]
2024-07-23 08:13:05.302911 Epoch[090/150], Step[0060/0091], loss-all:[1.1427],P1:[0.1047] lr:[0.0000250]
2024-07-23 08:13:33.566360 Epoch[090/150], Step[0080/0091], loss-all:[1.1403],P1:[0.1075] lr:[0.0000250]
2024-07-23 08:13:48.775303 Epoch[090/150], Step[0091/0091], loss-all:[1.1485],P1:[0.0978] lr:[0.0000250]
################################################################################
best meandice:0.9337730348337101
################################################################################
CVC-300 :  0.8925188165213708
CVC-ClinicDB :  0.9446601238229063
Kvasir :  0.9270230396604091
CVC-ColonDB :  0.8068745516055482
ETIS-LaribPolypDB :  0.8245066344701173
2024-07-23 08:15:07.563869 Epoch[091/150], Step[0020/0091], loss-all:[1.1390],P1:[0.0988] lr:[0.0000250]
2024-07-23 08:15:36.496577 Epoch[091/150], Step[0040/0091], loss-all:[1.1296],P1:[0.1129] lr:[0.0000250]
2024-07-23 08:16:04.373101 Epoch[091/150], Step[0060/0091], loss-all:[1.1438],P1:[0.1015] lr:[0.0000250]
2024-07-23 08:16:32.206257 Epoch[091/150], Step[0080/0091], loss-all:[1.1528],P1:[0.1125] lr:[0.0000250]
2024-07-23 08:16:47.161486 Epoch[091/150], Step[0091/0091], loss-all:[1.1329],P1:[0.0868] lr:[0.0000250]
2024-07-23 08:17:23.005827 Epoch[092/150], Step[0020/0091], loss-all:[1.1314],P1:[0.1211] lr:[0.0000250]
2024-07-23 08:17:51.236683 Epoch[092/150], Step[0040/0091], loss-all:[1.1541],P1:[0.0984] lr:[0.0000250]
2024-07-23 08:18:19.740828 Epoch[092/150], Step[0060/0091], loss-all:[1.1504],P1:[0.1010] lr:[0.0000250]
2024-07-23 08:18:47.874990 Epoch[092/150], Step[0080/0091], loss-all:[1.1140],P1:[0.1112] lr:[0.0000250]
2024-07-23 08:19:02.783707 Epoch[092/150], Step[0091/0091], loss-all:[1.1064],P1:[0.1122] lr:[0.0000250]
2024-07-23 08:19:37.978719 Epoch[093/150], Step[0020/0091], loss-all:[1.1147],P1:[0.1136] lr:[0.0000250]
2024-07-23 08:20:07.001732 Epoch[093/150], Step[0040/0091], loss-all:[1.1139],P1:[0.1024] lr:[0.0000250]
2024-07-23 08:20:35.440530 Epoch[093/150], Step[0060/0091], loss-all:[1.1261],P1:[0.1119] lr:[0.0000250]
2024-07-23 08:21:03.257371 Epoch[093/150], Step[0080/0091], loss-all:[1.1456],P1:[0.1135] lr:[0.0000250]
2024-07-23 08:21:18.375875 Epoch[093/150], Step[0091/0091], loss-all:[1.1525],P1:[0.1044] lr:[0.0000250]
2024-07-23 08:21:54.649826 Epoch[094/150], Step[0020/0091], loss-all:[1.1214],P1:[0.1202] lr:[0.0000250]
2024-07-23 08:22:22.239355 Epoch[094/150], Step[0040/0091], loss-all:[1.1225],P1:[0.1248] lr:[0.0000250]
2024-07-23 08:22:50.532385 Epoch[094/150], Step[0060/0091], loss-all:[1.1307],P1:[0.1035] lr:[0.0000250]
2024-07-23 08:23:19.004528 Epoch[094/150], Step[0080/0091], loss-all:[1.1182],P1:[0.1208] lr:[0.0000250]
2024-07-23 08:23:33.776494 Epoch[094/150], Step[0091/0091], loss-all:[1.1133],P1:[0.1165] lr:[0.0000250]
2024-07-23 08:24:09.554714 Epoch[095/150], Step[0020/0091], loss-all:[1.1117],P1:[0.1176] lr:[0.0000250]
2024-07-23 08:24:37.860098 Epoch[095/150], Step[0040/0091], loss-all:[1.1177],P1:[0.1091] lr:[0.0000250]
2024-07-23 08:25:06.196316 Epoch[095/150], Step[0060/0091], loss-all:[1.1056],P1:[0.1017] lr:[0.0000250]
2024-07-23 08:25:34.358992 Epoch[095/150], Step[0080/0091], loss-all:[1.1113],P1:[0.0998] lr:[0.0000250]
2024-07-23 08:25:48.838023 Epoch[095/150], Step[0091/0091], loss-all:[1.1312],P1:[0.0878] lr:[0.0000250]
2024-07-23 08:26:24.199147 Epoch[096/150], Step[0020/0091], loss-all:[1.1524],P1:[0.1057] lr:[0.0000250]
2024-07-23 08:26:52.712407 Epoch[096/150], Step[0040/0091], loss-all:[1.1354],P1:[0.1064] lr:[0.0000250]
2024-07-23 08:27:20.920824 Epoch[096/150], Step[0060/0091], loss-all:[1.1046],P1:[0.1062] lr:[0.0000250]
2024-07-23 08:27:49.504003 Epoch[096/150], Step[0080/0091], loss-all:[1.0958],P1:[0.1048] lr:[0.0000250]
2024-07-23 08:28:04.720307 Epoch[096/150], Step[0091/0091], loss-all:[1.1236],P1:[0.1374] lr:[0.0000250]
2024-07-23 08:28:39.949543 Epoch[097/150], Step[0020/0091], loss-all:[1.1124],P1:[0.1110] lr:[0.0000250]
2024-07-23 08:29:08.303199 Epoch[097/150], Step[0040/0091], loss-all:[1.1041],P1:[0.0970] lr:[0.0000250]
2024-07-23 08:29:36.639498 Epoch[097/150], Step[0060/0091], loss-all:[1.1097],P1:[0.0946] lr:[0.0000250]
2024-07-23 08:30:05.063573 Epoch[097/150], Step[0080/0091], loss-all:[1.1357],P1:[0.1108] lr:[0.0000250]
2024-07-23 08:30:20.241634 Epoch[097/150], Step[0091/0091], loss-all:[1.1273],P1:[0.1027] lr:[0.0000250]
2024-07-23 08:30:56.206847 Epoch[098/150], Step[0020/0091], loss-all:[1.0986],P1:[0.0979] lr:[0.0000250]
2024-07-23 08:31:24.645468 Epoch[098/150], Step[0040/0091], loss-all:[1.1207],P1:[0.1129] lr:[0.0000250]
2024-07-23 08:31:52.533414 Epoch[098/150], Step[0060/0091], loss-all:[1.1366],P1:[0.1188] lr:[0.0000250]
2024-07-23 08:32:20.918827 Epoch[098/150], Step[0080/0091], loss-all:[1.1192],P1:[0.0987] lr:[0.0000250]
2024-07-23 08:32:36.119046 Epoch[098/150], Step[0091/0091], loss-all:[1.1226],P1:[0.0993] lr:[0.0000250]
2024-07-23 08:33:11.699223 Epoch[099/150], Step[0020/0091], loss-all:[1.1286],P1:[0.1064] lr:[0.0000250]
2024-07-23 08:33:40.148532 Epoch[099/150], Step[0040/0091], loss-all:[1.1343],P1:[0.1411] lr:[0.0000250]
2024-07-23 08:34:08.302623 Epoch[099/150], Step[0060/0091], loss-all:[1.1257],P1:[0.0890] lr:[0.0000250]
2024-07-23 08:34:36.972627 Epoch[099/150], Step[0080/0091], loss-all:[1.1089],P1:[0.1066] lr:[0.0000250]
2024-07-23 08:34:51.714491 Epoch[099/150], Step[0091/0091], loss-all:[1.0943],P1:[0.1242] lr:[0.0000250]
2024-07-23 08:35:27.368401 Epoch[100/150], Step[0020/0091], loss-all:[1.1065],P1:[0.1160] lr:[0.0000250]
2024-07-23 08:35:55.319626 Epoch[100/150], Step[0040/0091], loss-all:[1.1051],P1:[0.0922] lr:[0.0000250]
2024-07-23 08:36:23.779630 Epoch[100/150], Step[0060/0091], loss-all:[1.1166],P1:[0.1127] lr:[0.0000250]
2024-07-23 08:36:51.997045 Epoch[100/150], Step[0080/0091], loss-all:[1.1238],P1:[0.0905] lr:[0.0000250]
2024-07-23 08:37:07.333768 Epoch[100/150], Step[0091/0091], loss-all:[1.1344],P1:[0.1061] lr:[0.0000250]
2024-07-23 08:37:43.652126 Epoch[101/150], Step[0020/0091], loss-all:[1.1319],P1:[0.0945] lr:[0.0000250]
2024-07-23 08:38:11.739670 Epoch[101/150], Step[0040/0091], loss-all:[1.1125],P1:[0.1103] lr:[0.0000250]
2024-07-23 08:38:39.750574 Epoch[101/150], Step[0060/0091], loss-all:[1.1198],P1:[0.1095] lr:[0.0000250]
2024-07-23 08:39:08.061363 Epoch[101/150], Step[0080/0091], loss-all:[1.1108],P1:[0.1049] lr:[0.0000250]
2024-07-23 08:39:23.011964 Epoch[101/150], Step[0091/0091], loss-all:[1.0906],P1:[0.1035] lr:[0.0000250]
2024-07-23 08:39:58.380263 Epoch[102/150], Step[0020/0091], loss-all:[1.1069],P1:[0.1003] lr:[0.0000250]
2024-07-23 08:40:26.630820 Epoch[102/150], Step[0040/0091], loss-all:[1.1118],P1:[0.0941] lr:[0.0000250]
2024-07-23 08:40:54.569372 Epoch[102/150], Step[0060/0091], loss-all:[1.0997],P1:[0.1071] lr:[0.0000250]
2024-07-23 08:41:22.960671 Epoch[102/150], Step[0080/0091], loss-all:[1.0966],P1:[0.1182] lr:[0.0000250]
2024-07-23 08:41:38.439792 Epoch[102/150], Step[0091/0091], loss-all:[1.1053],P1:[0.1431] lr:[0.0000250]
2024-07-23 08:42:14.902657 Epoch[103/150], Step[0020/0091], loss-all:[1.1174],P1:[0.0970] lr:[0.0000250]
2024-07-23 08:42:42.941987 Epoch[103/150], Step[0040/0091], loss-all:[1.1130],P1:[0.0909] lr:[0.0000250]
2024-07-23 08:43:11.409007 Epoch[103/150], Step[0060/0091], loss-all:[1.1060],P1:[0.0928] lr:[0.0000250]
2024-07-23 08:43:39.351527 Epoch[103/150], Step[0080/0091], loss-all:[1.0926],P1:[0.0971] lr:[0.0000250]
2024-07-23 08:43:54.281063 Epoch[103/150], Step[0091/0091], loss-all:[1.0940],P1:[0.0865] lr:[0.0000250]
2024-07-23 08:44:29.696674 Epoch[104/150], Step[0020/0091], loss-all:[1.0667],P1:[0.0957] lr:[0.0000250]
2024-07-23 08:44:57.068989 Epoch[104/150], Step[0040/0091], loss-all:[1.0899],P1:[0.1105] lr:[0.0000250]
2024-07-23 08:45:25.760012 Epoch[104/150], Step[0060/0091], loss-all:[1.0985],P1:[0.1059] lr:[0.0000250]
2024-07-23 08:45:54.541349 Epoch[104/150], Step[0080/0091], loss-all:[1.1094],P1:[0.1110] lr:[0.0000250]
2024-07-23 08:46:09.774014 Epoch[104/150], Step[0091/0091], loss-all:[1.1214],P1:[0.0885] lr:[0.0000250]
2024-07-23 08:46:46.942443 Epoch[105/150], Step[0020/0091], loss-all:[1.1144],P1:[0.0998] lr:[0.0000250]
2024-07-23 08:47:15.030029 Epoch[105/150], Step[0040/0091], loss-all:[1.1129],P1:[0.1111] lr:[0.0000250]
2024-07-23 08:47:43.051460 Epoch[105/150], Step[0060/0091], loss-all:[1.0905],P1:[0.0908] lr:[0.0000250]
2024-07-23 08:48:10.946666 Epoch[105/150], Step[0080/0091], loss-all:[1.0903],P1:[0.0902] lr:[0.0000250]
2024-07-23 08:48:26.072927 Epoch[105/150], Step[0091/0091], loss-all:[1.0922],P1:[0.1261] lr:[0.0000250]
2024-07-23 08:49:01.442324 Epoch[106/150], Step[0020/0091], loss-all:[1.0956],P1:[0.0859] lr:[0.0000250]
2024-07-23 08:49:30.435552 Epoch[106/150], Step[0040/0091], loss-all:[1.0897],P1:[0.0837] lr:[0.0000250]
2024-07-23 08:49:59.357438 Epoch[106/150], Step[0060/0091], loss-all:[1.0841],P1:[0.1007] lr:[0.0000250]
2024-07-23 08:50:27.668582 Epoch[106/150], Step[0080/0091], loss-all:[1.1014],P1:[0.1103] lr:[0.0000250]
2024-07-23 08:50:42.548152 Epoch[106/150], Step[0091/0091], loss-all:[1.1148],P1:[0.1028] lr:[0.0000250]
2024-07-23 08:51:18.676367 Epoch[107/150], Step[0020/0091], loss-all:[1.0793],P1:[0.1044] lr:[0.0000250]
2024-07-23 08:51:46.560395 Epoch[107/150], Step[0040/0091], loss-all:[1.0952],P1:[0.0998] lr:[0.0000250]
2024-07-23 08:52:15.437166 Epoch[107/150], Step[0060/0091], loss-all:[1.1159],P1:[0.1005] lr:[0.0000250]
2024-07-23 08:52:43.764270 Epoch[107/150], Step[0080/0091], loss-all:[1.1026],P1:[0.1011] lr:[0.0000250]
2024-07-23 08:52:58.432731 Epoch[107/150], Step[0091/0091], loss-all:[1.0935],P1:[0.0919] lr:[0.0000250]
2024-07-23 08:53:34.704011 Epoch[108/150], Step[0020/0091], loss-all:[1.1010],P1:[0.0979] lr:[0.0000250]
2024-07-23 08:54:03.060494 Epoch[108/150], Step[0040/0091], loss-all:[1.0967],P1:[0.0988] lr:[0.0000250]
2024-07-23 08:54:31.495810 Epoch[108/150], Step[0060/0091], loss-all:[1.1004],P1:[0.1069] lr:[0.0000250]
2024-07-23 08:54:59.314157 Epoch[108/150], Step[0080/0091], loss-all:[1.0913],P1:[0.1129] lr:[0.0000250]
2024-07-23 08:55:14.348816 Epoch[108/150], Step[0091/0091], loss-all:[1.0876],P1:[0.1064] lr:[0.0000250]
2024-07-23 08:55:49.069318 Epoch[109/150], Step[0020/0091], loss-all:[1.0793],P1:[0.0870] lr:[0.0000250]
2024-07-23 08:56:18.223599 Epoch[109/150], Step[0040/0091], loss-all:[1.0774],P1:[0.0972] lr:[0.0000250]
2024-07-23 08:56:46.584754 Epoch[109/150], Step[0060/0091], loss-all:[1.0989],P1:[0.1091] lr:[0.0000250]
2024-07-23 08:57:14.942350 Epoch[109/150], Step[0080/0091], loss-all:[1.1129],P1:[0.0882] lr:[0.0000250]
2024-07-23 08:57:29.734393 Epoch[109/150], Step[0091/0091], loss-all:[1.0850],P1:[0.0940] lr:[0.0000250]
2024-07-23 08:58:04.825120 Epoch[110/150], Step[0020/0091], loss-all:[1.0943],P1:[0.1040] lr:[0.0000250]
2024-07-23 08:58:33.030338 Epoch[110/150], Step[0040/0091], loss-all:[1.0886],P1:[0.0859] lr:[0.0000250]
2024-07-23 08:59:01.826266 Epoch[110/150], Step[0060/0091], loss-all:[1.0780],P1:[0.1002] lr:[0.0000250]
2024-07-23 08:59:30.074625 Epoch[110/150], Step[0080/0091], loss-all:[1.0899],P1:[0.0925] lr:[0.0000250]
2024-07-23 08:59:45.417766 Epoch[110/150], Step[0091/0091], loss-all:[1.0801],P1:[0.1050] lr:[0.0000250]
2024-07-23 09:00:21.552772 Epoch[111/150], Step[0020/0091], loss-all:[1.1210],P1:[0.1114] lr:[0.0000250]
2024-07-23 09:00:49.728269 Epoch[111/150], Step[0040/0091], loss-all:[1.1150],P1:[0.1027] lr:[0.0000250]
2024-07-23 09:01:18.208883 Epoch[111/150], Step[0060/0091], loss-all:[1.0792],P1:[0.1029] lr:[0.0000250]
2024-07-23 09:01:46.528545 Epoch[111/150], Step[0080/0091], loss-all:[1.0539],P1:[0.0902] lr:[0.0000250]
2024-07-23 09:02:01.285722 Epoch[111/150], Step[0091/0091], loss-all:[1.0726],P1:[0.0987] lr:[0.0000250]
2024-07-23 09:02:36.570448 Epoch[112/150], Step[0020/0091], loss-all:[1.0871],P1:[0.0980] lr:[0.0000250]
2024-07-23 09:03:04.829075 Epoch[112/150], Step[0040/0091], loss-all:[1.0873],P1:[0.1131] lr:[0.0000250]
2024-07-23 09:03:33.718718 Epoch[112/150], Step[0060/0091], loss-all:[1.0864],P1:[0.0920] lr:[0.0000250]
2024-07-23 09:04:01.960558 Epoch[112/150], Step[0080/0091], loss-all:[1.0919],P1:[0.0976] lr:[0.0000250]
2024-07-23 09:04:16.987028 Epoch[112/150], Step[0091/0091], loss-all:[1.0853],P1:[0.0945] lr:[0.0000250]
2024-07-23 09:04:53.420868 Epoch[113/150], Step[0020/0091], loss-all:[1.0929],P1:[0.0954] lr:[0.0000250]
2024-07-23 09:05:21.921519 Epoch[113/150], Step[0040/0091], loss-all:[1.0866],P1:[0.1039] lr:[0.0000250]
2024-07-23 09:05:49.965041 Epoch[113/150], Step[0060/0091], loss-all:[1.0731],P1:[0.0917] lr:[0.0000250]
2024-07-23 09:06:18.156394 Epoch[113/150], Step[0080/0091], loss-all:[1.0798],P1:[0.0935] lr:[0.0000250]
2024-07-23 09:06:33.177382 Epoch[113/150], Step[0091/0091], loss-all:[1.0816],P1:[0.0970] lr:[0.0000250]
2024-07-23 09:07:09.118626 Epoch[114/150], Step[0020/0091], loss-all:[1.0976],P1:[0.1093] lr:[0.0000250]
2024-07-23 09:07:37.184410 Epoch[114/150], Step[0040/0091], loss-all:[1.0766],P1:[0.1036] lr:[0.0000250]
2024-07-23 09:08:06.015114 Epoch[114/150], Step[0060/0091], loss-all:[1.0623],P1:[0.0990] lr:[0.0000250]
2024-07-23 09:08:33.998778 Epoch[114/150], Step[0080/0091], loss-all:[1.0956],P1:[0.0998] lr:[0.0000250]
2024-07-23 09:08:48.899706 Epoch[114/150], Step[0091/0091], loss-all:[1.1025],P1:[0.1047] lr:[0.0000250]
2024-07-23 09:09:24.262639 Epoch[115/150], Step[0020/0091], loss-all:[1.1023],P1:[0.0883] lr:[0.0000250]
2024-07-23 09:09:52.057437 Epoch[115/150], Step[0040/0091], loss-all:[1.0751],P1:[0.1059] lr:[0.0000250]
2024-07-23 09:10:19.830301 Epoch[115/150], Step[0060/0091], loss-all:[1.0632],P1:[0.0859] lr:[0.0000250]
2024-07-23 09:10:49.060873 Epoch[115/150], Step[0080/0091], loss-all:[1.0981],P1:[0.1073] lr:[0.0000250]
2024-07-23 09:11:04.299642 Epoch[115/150], Step[0091/0091], loss-all:[1.0965],P1:[0.1133] lr:[0.0000250]
2024-07-23 09:11:40.126366 Epoch[116/150], Step[0020/0091], loss-all:[1.0764],P1:[0.1039] lr:[0.0000250]
2024-07-23 09:12:08.677301 Epoch[116/150], Step[0040/0091], loss-all:[1.0832],P1:[0.1037] lr:[0.0000250]
2024-07-23 09:12:37.018663 Epoch[116/150], Step[0060/0091], loss-all:[1.0789],P1:[0.0935] lr:[0.0000250]
2024-07-23 09:13:05.348347 Epoch[116/150], Step[0080/0091], loss-all:[1.0866],P1:[0.1058] lr:[0.0000250]
2024-07-23 09:13:20.248791 Epoch[116/150], Step[0091/0091], loss-all:[1.0965],P1:[0.1289] lr:[0.0000250]
2024-07-23 09:13:56.046446 Epoch[117/150], Step[0020/0091], loss-all:[1.0665],P1:[0.1025] lr:[0.0000250]
2024-07-23 09:14:24.674842 Epoch[117/150], Step[0040/0091], loss-all:[1.0645],P1:[0.1014] lr:[0.0000250]
2024-07-23 09:14:53.156548 Epoch[117/150], Step[0060/0091], loss-all:[1.0764],P1:[0.1077] lr:[0.0000250]
2024-07-23 09:15:21.103926 Epoch[117/150], Step[0080/0091], loss-all:[1.0759],P1:[0.0977] lr:[0.0000250]
2024-07-23 09:15:36.836480 Epoch[117/150], Step[0091/0091], loss-all:[1.0718],P1:[0.0964] lr:[0.0000250]
2024-07-23 09:16:13.425552 Epoch[118/150], Step[0020/0091], loss-all:[1.0711],P1:[0.0918] lr:[0.0000250]
2024-07-23 09:16:41.554755 Epoch[118/150], Step[0040/0091], loss-all:[1.0643],P1:[0.1002] lr:[0.0000250]
2024-07-23 09:17:10.644245 Epoch[118/150], Step[0060/0091], loss-all:[1.0680],P1:[0.0992] lr:[0.0000250]
2024-07-23 09:17:38.495462 Epoch[118/150], Step[0080/0091], loss-all:[1.0762],P1:[0.1016] lr:[0.0000250]
2024-07-23 09:17:53.163892 Epoch[118/150], Step[0091/0091], loss-all:[1.0828],P1:[0.1079] lr:[0.0000250]
2024-07-23 09:18:28.728171 Epoch[119/150], Step[0020/0091], loss-all:[1.0641],P1:[0.0994] lr:[0.0000250]
2024-07-23 09:18:57.324134 Epoch[119/150], Step[0040/0091], loss-all:[1.0771],P1:[0.1187] lr:[0.0000250]
2024-07-23 09:19:25.956153 Epoch[119/150], Step[0060/0091], loss-all:[1.0789],P1:[0.0825] lr:[0.0000250]
2024-07-23 09:19:54.163501 Epoch[119/150], Step[0080/0091], loss-all:[1.0598],P1:[0.0878] lr:[0.0000250]
2024-07-23 09:20:09.346560 Epoch[119/150], Step[0091/0091], loss-all:[1.0572],P1:[0.0867] lr:[0.0000250]
2024-07-23 09:20:45.266790 Epoch[120/150], Step[0020/0091], loss-all:[1.0455],P1:[0.1096] lr:[0.0000125]
2024-07-23 09:21:13.418594 Epoch[120/150], Step[0040/0091], loss-all:[1.0456],P1:[0.0875] lr:[0.0000125]
2024-07-23 09:21:42.276689 Epoch[120/150], Step[0060/0091], loss-all:[1.0717],P1:[0.1003] lr:[0.0000125]
2024-07-23 09:22:10.669161 Epoch[120/150], Step[0080/0091], loss-all:[1.0794],P1:[0.0989] lr:[0.0000125]
2024-07-23 09:22:25.676001 Epoch[120/150], Step[0091/0091], loss-all:[1.0678],P1:[0.0888] lr:[0.0000125]
2024-07-23 09:23:00.869542 Epoch[121/150], Step[0020/0091], loss-all:[1.0399],P1:[0.0960] lr:[0.0000125]
2024-07-23 09:23:29.230357 Epoch[121/150], Step[0040/0091], loss-all:[1.0358],P1:[0.0854] lr:[0.0000125]
2024-07-23 09:23:57.649988 Epoch[121/150], Step[0060/0091], loss-all:[1.0518],P1:[0.0952] lr:[0.0000125]
2024-07-23 09:24:25.662559 Epoch[121/150], Step[0080/0091], loss-all:[1.0507],P1:[0.0843] lr:[0.0000125]
2024-07-23 09:24:41.155250 Epoch[121/150], Step[0091/0091], loss-all:[1.0573],P1:[0.0826] lr:[0.0000125]
2024-07-23 09:25:16.873170 Epoch[122/150], Step[0020/0091], loss-all:[1.0336],P1:[0.0927] lr:[0.0000125]
2024-07-23 09:25:45.033500 Epoch[122/150], Step[0040/0091], loss-all:[1.0374],P1:[0.0973] lr:[0.0000125]
2024-07-23 09:26:13.456286 Epoch[122/150], Step[0060/0091], loss-all:[1.0559],P1:[0.0864] lr:[0.0000125]
2024-07-23 09:26:42.181401 Epoch[122/150], Step[0080/0091], loss-all:[1.0570],P1:[0.1041] lr:[0.0000125]
2024-07-23 09:26:57.214253 Epoch[122/150], Step[0091/0091], loss-all:[1.0549],P1:[0.0817] lr:[0.0000125]
2024-07-23 09:27:33.081099 Epoch[123/150], Step[0020/0091], loss-all:[1.0596],P1:[0.0929] lr:[0.0000125]
2024-07-23 09:28:01.283504 Epoch[123/150], Step[0040/0091], loss-all:[1.0585],P1:[0.0969] lr:[0.0000125]
2024-07-23 09:28:30.312557 Epoch[123/150], Step[0060/0091], loss-all:[1.0640],P1:[0.0910] lr:[0.0000125]
2024-07-23 09:28:58.205363 Epoch[123/150], Step[0080/0091], loss-all:[1.0568],P1:[0.0890] lr:[0.0000125]
2024-07-23 09:29:12.951016 Epoch[123/150], Step[0091/0091], loss-all:[1.0454],P1:[0.0934] lr:[0.0000125]
2024-07-23 09:29:48.196512 Epoch[124/150], Step[0020/0091], loss-all:[1.0527],P1:[0.0844] lr:[0.0000125]
2024-07-23 09:30:16.196994 Epoch[124/150], Step[0040/0091], loss-all:[1.0348],P1:[0.1060] lr:[0.0000125]
2024-07-23 09:30:43.919938 Epoch[124/150], Step[0060/0091], loss-all:[1.0440],P1:[0.1025] lr:[0.0000125]
2024-07-23 09:31:12.153228 Epoch[124/150], Step[0080/0091], loss-all:[1.0611],P1:[0.0950] lr:[0.0000125]
2024-07-23 09:31:26.776592 Epoch[124/150], Step[0091/0091], loss-all:[1.0504],P1:[0.0747] lr:[0.0000125]
2024-07-23 09:32:01.364981 Epoch[125/150], Step[0020/0091], loss-all:[1.0663],P1:[0.0969] lr:[0.0000125]
2024-07-23 09:32:29.639195 Epoch[125/150], Step[0040/0091], loss-all:[1.0491],P1:[0.0892] lr:[0.0000125]
2024-07-23 09:32:57.963011 Epoch[125/150], Step[0060/0091], loss-all:[1.0430],P1:[0.0817] lr:[0.0000125]
2024-07-23 09:33:26.495142 Epoch[125/150], Step[0080/0091], loss-all:[1.0500],P1:[0.1031] lr:[0.0000125]
2024-07-23 09:33:41.027269 Epoch[125/150], Step[0091/0091], loss-all:[1.0391],P1:[0.1013] lr:[0.0000125]
2024-07-23 09:34:15.873739 Epoch[126/150], Step[0020/0091], loss-all:[1.0382],P1:[0.0972] lr:[0.0000125]
2024-07-23 09:34:43.690595 Epoch[126/150], Step[0040/0091], loss-all:[1.0430],P1:[0.1026] lr:[0.0000125]
2024-07-23 09:35:11.769229 Epoch[126/150], Step[0060/0091], loss-all:[1.0449],P1:[0.0963] lr:[0.0000125]
2024-07-23 09:35:40.315623 Epoch[126/150], Step[0080/0091], loss-all:[1.0533],P1:[0.0876] lr:[0.0000125]
2024-07-23 09:35:55.091045 Epoch[126/150], Step[0091/0091], loss-all:[1.0428],P1:[0.0915] lr:[0.0000125]
2024-07-23 09:36:29.927348 Epoch[127/150], Step[0020/0091], loss-all:[1.0481],P1:[0.0937] lr:[0.0000125]
2024-07-23 09:36:58.080280 Epoch[127/150], Step[0040/0091], loss-all:[1.0362],P1:[0.0861] lr:[0.0000125]
