nohup: ignoring input
/root/autodl-tmp/CAFENet/lib/pvtv2.py:388: UserWarning: Overwriting pvt_v2_b0 in registry with lib.pvtv2.pvt_v2_b0. This is because the name being registered conflicts with an existing name. Please check if this is not expected.
  class pvt_v2_b0(PyramidVisionTransformerImpr):
/root/autodl-tmp/CAFENet/lib/pvtv2.py:398: UserWarning: Overwriting pvt_v2_b1 in registry with lib.pvtv2.pvt_v2_b1. This is because the name being registered conflicts with an existing name. Please check if this is not expected.
  class pvt_v2_b1(PyramidVisionTransformerImpr):
/root/autodl-tmp/CAFENet/lib/pvtv2.py:406: UserWarning: Overwriting pvt_v2_b2 in registry with lib.pvtv2.pvt_v2_b2. This is because the name being registered conflicts with an existing name. Please check if this is not expected.
  class pvt_v2_b2(PyramidVisionTransformerImpr):
/root/autodl-tmp/CAFENet/lib/pvtv2.py:414: UserWarning: Overwriting pvt_v2_b3 in registry with lib.pvtv2.pvt_v2_b3. This is because the name being registered conflicts with an existing name. Please check if this is not expected.
  class pvt_v2_b3(PyramidVisionTransformerImpr):
/root/autodl-tmp/CAFENet/lib/pvtv2.py:422: UserWarning: Overwriting pvt_v2_b4 in registry with lib.pvtv2.pvt_v2_b4. This is because the name being registered conflicts with an existing name. Please check if this is not expected.
  class pvt_v2_b4(PyramidVisionTransformerImpr):
/root/autodl-tmp/CAFENet/lib/pvtv2.py:431: UserWarning: Overwriting pvt_v2_b5 in registry with lib.pvtv2.pvt_v2_b5. This is because the name being registered conflicts with an existing name. Please check if this is not expected.
  class pvt_v2_b5(PyramidVisionTransformerImpr):
AdamW (
Parameter Group 0
    amsgrad: False
    betas: (0.9, 0.999)
    capturable: False
    eps: 1e-08
    foreach: None
    lr: 0.0001
    maximize: False
    weight_decay: 0.0001
)
True
Using RandomRotation, RandomFlip
#################### Start Training ####################
2024-07-09 13:32:35.871977 Epoch[001/150], Step[0020/0091], loss-all:[5.9350],P1:[1.1565] lr:[0.0001000]
2024-07-09 13:33:03.391244 Epoch[001/150], Step[0040/0091], loss-all:[5.3349],P1:[0.9995] lr:[0.0001000]
2024-07-09 13:33:30.711357 Epoch[001/150], Step[0060/0091], loss-all:[4.4238],P1:[0.8726] lr:[0.0001000]
2024-07-09 13:33:57.903960 Epoch[001/150], Step[0080/0091], loss-all:[4.1081],P1:[0.8540] lr:[0.0001000]
2024-07-09 13:34:13.437581 Epoch[001/150], Step[0091/0091], loss-all:[3.9792],P1:[0.7801] lr:[0.0001000]
2024-07-09 13:34:41.755336 Epoch[002/150], Step[0020/0091], loss-all:[3.7732],P1:[0.8231] lr:[0.0001000]
2024-07-09 13:35:08.986528 Epoch[002/150], Step[0040/0091], loss-all:[3.7152],P1:[0.8332] lr:[0.0001000]
2024-07-09 13:35:36.549312 Epoch[002/150], Step[0060/0091], loss-all:[3.6595],P1:[0.7178] lr:[0.0001000]
2024-07-09 13:36:03.062159 Epoch[002/150], Step[0080/0091], loss-all:[3.4846],P1:[0.7638] lr:[0.0001000]
2024-07-09 13:36:17.986192 Epoch[002/150], Step[0091/0091], loss-all:[3.4122],P1:[0.6550] lr:[0.0001000]
2024-07-09 13:36:44.852867 Epoch[003/150], Step[0020/0091], loss-all:[3.2651],P1:[0.7891] lr:[0.0001000]
2024-07-09 13:37:12.596854 Epoch[003/150], Step[0040/0091], loss-all:[3.2661],P1:[0.7299] lr:[0.0001000]
2024-07-09 13:37:40.140286 Epoch[003/150], Step[0060/0091], loss-all:[3.1016],P1:[0.5728] lr:[0.0001000]
2024-07-09 13:38:07.729372 Epoch[003/150], Step[0080/0091], loss-all:[2.9145],P1:[0.4767] lr:[0.0001000]
2024-07-09 13:38:22.219900 Epoch[003/150], Step[0091/0091], loss-all:[2.9386],P1:[0.6341] lr:[0.0001000]
2024-07-09 13:38:50.387946 Epoch[004/150], Step[0020/0091], loss-all:[2.7752],P1:[0.5319] lr:[0.0001000]
2024-07-09 13:39:17.422843 Epoch[004/150], Step[0040/0091], loss-all:[2.7444],P1:[0.5121] lr:[0.0001000]
2024-07-09 13:39:44.541604 Epoch[004/150], Step[0060/0091], loss-all:[2.7340],P1:[0.5610] lr:[0.0001000]
2024-07-09 13:40:12.018506 Epoch[004/150], Step[0080/0091], loss-all:[2.6815],P1:[0.4715] lr:[0.0001000]
2024-07-09 13:40:26.795261 Epoch[004/150], Step[0091/0091], loss-all:[2.6524],P1:[0.3980] lr:[0.0001000]
2024-07-09 13:40:54.157591 Epoch[005/150], Step[0020/0091], loss-all:[2.4871],P1:[0.4204] lr:[0.0001000]
2024-07-09 13:41:21.505155 Epoch[005/150], Step[0040/0091], loss-all:[2.4987],P1:[0.4805] lr:[0.0001000]
2024-07-09 13:41:49.397253 Epoch[005/150], Step[0060/0091], loss-all:[2.5083],P1:[0.4230] lr:[0.0001000]
2024-07-09 13:42:16.766789 Epoch[005/150], Step[0080/0091], loss-all:[2.4154],P1:[0.2757] lr:[0.0001000]
2024-07-09 13:42:31.370719 Epoch[005/150], Step[0091/0091], loss-all:[2.4313],P1:[0.5098] lr:[0.0001000]
2024-07-09 13:42:58.935188 Epoch[006/150], Step[0020/0091], loss-all:[2.4976],P1:[0.3837] lr:[0.0001000]
2024-07-09 13:43:26.817920 Epoch[006/150], Step[0040/0091], loss-all:[2.3924],P1:[0.4225] lr:[0.0001000]
2024-07-09 13:43:53.513060 Epoch[006/150], Step[0060/0091], loss-all:[2.2407],P1:[0.3385] lr:[0.0001000]
2024-07-09 13:44:20.970296 Epoch[006/150], Step[0080/0091], loss-all:[2.2017],P1:[0.3368] lr:[0.0001000]
2024-07-09 13:44:35.999385 Epoch[006/150], Step[0091/0091], loss-all:[2.2250],P1:[0.3249] lr:[0.0001000]
2024-07-09 13:45:03.854503 Epoch[007/150], Step[0020/0091], loss-all:[2.1896],P1:[0.2924] lr:[0.0001000]
2024-07-09 13:45:31.374066 Epoch[007/150], Step[0040/0091], loss-all:[2.1856],P1:[0.3564] lr:[0.0001000]
2024-07-09 13:45:58.702907 Epoch[007/150], Step[0060/0091], loss-all:[2.2008],P1:[0.3360] lr:[0.0001000]
2024-07-09 13:46:26.090692 Epoch[007/150], Step[0080/0091], loss-all:[2.1778],P1:[0.3036] lr:[0.0001000]
2024-07-09 13:46:40.886150 Epoch[007/150], Step[0091/0091], loss-all:[2.1430],P1:[0.3494] lr:[0.0001000]
2024-07-09 13:47:08.560985 Epoch[008/150], Step[0020/0091], loss-all:[2.0225],P1:[0.2763] lr:[0.0001000]
2024-07-09 13:47:36.014001 Epoch[008/150], Step[0040/0091], loss-all:[2.0859],P1:[0.2352] lr:[0.0001000]
2024-07-09 13:48:03.506096 Epoch[008/150], Step[0060/0091], loss-all:[2.0723],P1:[0.3179] lr:[0.0001000]
2024-07-09 13:48:30.916732 Epoch[008/150], Step[0080/0091], loss-all:[2.0075],P1:[0.2314] lr:[0.0001000]
2024-07-09 13:48:45.423558 Epoch[008/150], Step[0091/0091], loss-all:[2.0082],P1:[0.2854] lr:[0.0001000]
2024-07-09 13:49:12.495396 Epoch[009/150], Step[0020/0091], loss-all:[2.0969],P1:[0.2656] lr:[0.0001000]
2024-07-09 13:49:40.124435 Epoch[009/150], Step[0040/0091], loss-all:[2.0539],P1:[0.2324] lr:[0.0001000]
2024-07-09 13:50:08.261374 Epoch[009/150], Step[0060/0091], loss-all:[2.0012],P1:[0.2598] lr:[0.0001000]
2024-07-09 13:50:35.456538 Epoch[009/150], Step[0080/0091], loss-all:[1.9558],P1:[0.2588] lr:[0.0001000]
2024-07-09 13:50:49.997768 Epoch[009/150], Step[0091/0091], loss-all:[1.9823],P1:[0.2117] lr:[0.0001000]
2024-07-09 13:51:17.832838 Epoch[010/150], Step[0020/0091], loss-all:[1.9047],P1:[0.2670] lr:[0.0001000]
2024-07-09 13:51:45.099362 Epoch[010/150], Step[0040/0091], loss-all:[1.9379],P1:[0.2312] lr:[0.0001000]
2024-07-09 13:52:12.788792 Epoch[010/150], Step[0060/0091], loss-all:[2.0058],P1:[0.3646] lr:[0.0001000]
2024-07-09 13:52:40.253893 Epoch[010/150], Step[0080/0091], loss-all:[2.0194],P1:[0.3239] lr:[0.0001000]
2024-07-09 13:52:54.764823 Epoch[010/150], Step[0091/0091], loss-all:[2.0300],P1:[0.3540] lr:[0.0001000]
################################################################################
best meandice:0.8778749443132865
################################################################################
CVC-300 :  0.8140396351992035
CVC-ClinicDB :  0.86462797909795
Kvasir :  0.8860880627467951
CVC-ColonDB :  0.7368673131408938
ETIS-LaribPolypDB :  0.7352923157211075
2024-07-09 13:54:11.382659 Epoch[011/150], Step[0020/0091], loss-all:[1.9077],P1:[0.1971] lr:[0.0001000]
2024-07-09 13:54:39.106579 Epoch[011/150], Step[0040/0091], loss-all:[1.8949],P1:[0.2155] lr:[0.0001000]
2024-07-09 13:55:07.229179 Epoch[011/150], Step[0060/0091], loss-all:[1.9760],P1:[0.4155] lr:[0.0001000]
2024-07-09 13:55:34.583575 Epoch[011/150], Step[0080/0091], loss-all:[2.0309],P1:[0.2682] lr:[0.0001000]
2024-07-09 13:55:48.255194 Epoch[011/150], Step[0091/0091], loss-all:[2.0484],P1:[0.2557] lr:[0.0001000]
2024-07-09 13:56:23.077581 Epoch[012/150], Step[0020/0091], loss-all:[1.8794],P1:[0.2366] lr:[0.0001000]
2024-07-09 13:56:50.301474 Epoch[012/150], Step[0040/0091], loss-all:[1.8363],P1:[0.2355] lr:[0.0001000]
2024-07-09 13:57:17.581934 Epoch[012/150], Step[0060/0091], loss-all:[1.8539],P1:[0.3252] lr:[0.0001000]
2024-07-09 13:57:45.050228 Epoch[012/150], Step[0080/0091], loss-all:[1.9363],P1:[0.3398] lr:[0.0001000]
2024-07-09 13:57:59.815185 Epoch[012/150], Step[0091/0091], loss-all:[1.9469],P1:[0.2925] lr:[0.0001000]
################################################################################
best meandice:0.8814617764633476
################################################################################
CVC-300 :  0.8425889569083347
CVC-ClinicDB :  0.8727515543251942
Kvasir :  0.8868621141890032
CVC-ColonDB :  0.7427746837358663
ETIS-LaribPolypDB :  0.7370082056018277
2024-07-09 13:59:15.750948 Epoch[013/150], Step[0020/0091], loss-all:[1.8427],P1:[0.2030] lr:[0.0001000]
2024-07-09 13:59:43.887907 Epoch[013/150], Step[0040/0091], loss-all:[1.9036],P1:[0.2816] lr:[0.0001000]
2024-07-09 14:00:11.163790 Epoch[013/150], Step[0060/0091], loss-all:[1.9000],P1:[0.2125] lr:[0.0001000]
2024-07-09 14:00:38.670956 Epoch[013/150], Step[0080/0091], loss-all:[1.8339],P1:[0.1937] lr:[0.0001000]
2024-07-09 14:00:53.200564 Epoch[013/150], Step[0091/0091], loss-all:[1.8591],P1:[0.1741] lr:[0.0001000]
################################################################################
best meandice:0.8980625354991588
################################################################################
CVC-300 :  0.8491065998022441
CVC-ClinicDB :  0.8939529490046093
Kvasir :  0.900610479125779
CVC-ColonDB :  0.7643612315094808
ETIS-LaribPolypDB :  0.7614573959579786
2024-07-09 14:02:09.963246 Epoch[014/150], Step[0020/0091], loss-all:[1.7973],P1:[0.2248] lr:[0.0001000]
2024-07-09 14:02:37.118979 Epoch[014/150], Step[0040/0091], loss-all:[1.8521],P1:[0.2453] lr:[0.0001000]
2024-07-09 14:03:04.572921 Epoch[014/150], Step[0060/0091], loss-all:[1.9096],P1:[0.2450] lr:[0.0001000]
2024-07-09 14:03:32.058394 Epoch[014/150], Step[0080/0091], loss-all:[1.8951],P1:[0.1889] lr:[0.0001000]
2024-07-09 14:03:46.556086 Epoch[014/150], Step[0091/0091], loss-all:[1.8787],P1:[0.1760] lr:[0.0001000]
2024-07-09 14:04:21.200817 Epoch[015/150], Step[0020/0091], loss-all:[1.7930],P1:[0.1926] lr:[0.0001000]
2024-07-09 14:04:48.163070 Epoch[015/150], Step[0040/0091], loss-all:[1.8223],P1:[0.2593] lr:[0.0001000]
2024-07-09 14:05:15.659697 Epoch[015/150], Step[0060/0091], loss-all:[1.7946],P1:[0.2293] lr:[0.0001000]
2024-07-09 14:05:43.012452 Epoch[015/150], Step[0080/0091], loss-all:[1.7735],P1:[0.1823] lr:[0.0001000]
2024-07-09 14:05:58.009046 Epoch[015/150], Step[0091/0091], loss-all:[1.7982],P1:[0.1683] lr:[0.0001000]
2024-07-09 14:06:32.164391 Epoch[016/150], Step[0020/0091], loss-all:[1.7706],P1:[0.1989] lr:[0.0001000]
2024-07-09 14:06:59.330216 Epoch[016/150], Step[0040/0091], loss-all:[1.7832],P1:[0.2017] lr:[0.0001000]
2024-07-09 14:07:27.120791 Epoch[016/150], Step[0060/0091], loss-all:[1.8030],P1:[0.2370] lr:[0.0001000]
2024-07-09 14:07:55.363147 Epoch[016/150], Step[0080/0091], loss-all:[1.7649],P1:[0.1864] lr:[0.0001000]
2024-07-09 14:08:09.508370 Epoch[016/150], Step[0091/0091], loss-all:[1.7521],P1:[0.1853] lr:[0.0001000]
2024-07-09 14:08:43.904181 Epoch[017/150], Step[0020/0091], loss-all:[1.7902],P1:[0.2343] lr:[0.0001000]
2024-07-09 14:09:11.024752 Epoch[017/150], Step[0040/0091], loss-all:[1.8403],P1:[0.1808] lr:[0.0001000]
2024-07-09 14:09:38.493223 Epoch[017/150], Step[0060/0091], loss-all:[1.8189],P1:[0.1756] lr:[0.0001000]
2024-07-09 14:10:06.375696 Epoch[017/150], Step[0080/0091], loss-all:[1.7960],P1:[0.1574] lr:[0.0001000]
2024-07-09 14:10:21.145630 Epoch[017/150], Step[0091/0091], loss-all:[1.8243],P1:[0.1463] lr:[0.0001000]
################################################################################
best meandice:0.9064247918798602
################################################################################
CVC-300 :  0.8852344297718535
CVC-ClinicDB :  0.9216529873942421
Kvasir :  0.8969833106609444
CVC-ColonDB :  0.7945358301480647
ETIS-LaribPolypDB :  0.7635268317110256
2024-07-09 14:11:36.433918 Epoch[018/150], Step[0020/0091], loss-all:[1.7186],P1:[0.1513] lr:[0.0001000]
2024-07-09 14:12:03.914566 Epoch[018/150], Step[0040/0091], loss-all:[1.7569],P1:[0.2106] lr:[0.0001000]
2024-07-09 14:12:31.231481 Epoch[018/150], Step[0060/0091], loss-all:[1.8236],P1:[0.1924] lr:[0.0001000]
2024-07-09 14:12:59.084359 Epoch[018/150], Step[0080/0091], loss-all:[1.8524],P1:[0.1856] lr:[0.0001000]
2024-07-09 14:13:14.216258 Epoch[018/150], Step[0091/0091], loss-all:[1.8250],P1:[0.1917] lr:[0.0001000]
2024-07-09 14:13:48.468248 Epoch[019/150], Step[0020/0091], loss-all:[1.6435],P1:[0.2090] lr:[0.0001000]
2024-07-09 14:14:16.165591 Epoch[019/150], Step[0040/0091], loss-all:[1.7096],P1:[0.1947] lr:[0.0001000]
2024-07-09 14:14:44.051246 Epoch[019/150], Step[0060/0091], loss-all:[1.7338],P1:[0.1801] lr:[0.0001000]
2024-07-09 14:15:13.228925 Epoch[019/150], Step[0080/0091], loss-all:[1.7137],P1:[0.2061] lr:[0.0001000]
2024-07-09 14:15:27.534060 Epoch[019/150], Step[0091/0091], loss-all:[1.7227],P1:[0.2373] lr:[0.0001000]
################################################################################
best meandice:0.9097854227824475
################################################################################
CVC-300 :  0.8657938282985813
CVC-ClinicDB :  0.9087558387780056
Kvasir :  0.9104237648651999
CVC-ColonDB :  0.7751037236787934
ETIS-LaribPolypDB :  0.7892144937681528
2024-07-09 14:16:43.965551 Epoch[020/150], Step[0020/0091], loss-all:[1.6615],P1:[0.1517] lr:[0.0001000]
2024-07-09 14:17:11.255076 Epoch[020/150], Step[0040/0091], loss-all:[1.6931],P1:[0.1591] lr:[0.0001000]
2024-07-09 14:17:38.796956 Epoch[020/150], Step[0060/0091], loss-all:[1.7274],P1:[0.1854] lr:[0.0001000]
2024-07-09 14:18:06.191979 Epoch[020/150], Step[0080/0091], loss-all:[1.6642],P1:[0.2260] lr:[0.0001000]
2024-07-09 14:18:20.606813 Epoch[020/150], Step[0091/0091], loss-all:[1.6675],P1:[0.1671] lr:[0.0001000]
2024-07-09 14:18:55.074806 Epoch[021/150], Step[0020/0091], loss-all:[1.5692],P1:[0.1970] lr:[0.0001000]
2024-07-09 14:19:23.028782 Epoch[021/150], Step[0040/0091], loss-all:[1.6606],P1:[0.1973] lr:[0.0001000]
2024-07-09 14:19:49.894911 Epoch[021/150], Step[0060/0091], loss-all:[1.6912],P1:[0.1770] lr:[0.0001000]
2024-07-09 14:20:17.699193 Epoch[021/150], Step[0080/0091], loss-all:[1.6701],P1:[0.2838] lr:[0.0001000]
2024-07-09 14:20:32.192792 Epoch[021/150], Step[0091/0091], loss-all:[1.7194],P1:[0.2367] lr:[0.0001000]
2024-07-09 14:21:06.523636 Epoch[022/150], Step[0020/0091], loss-all:[1.7076],P1:[0.1622] lr:[0.0001000]
2024-07-09 14:21:34.612306 Epoch[022/150], Step[0040/0091], loss-all:[1.7062],P1:[0.1477] lr:[0.0001000]
2024-07-09 14:22:01.911671 Epoch[022/150], Step[0060/0091], loss-all:[1.7300],P1:[0.2560] lr:[0.0001000]
2024-07-09 14:22:29.708341 Epoch[022/150], Step[0080/0091], loss-all:[1.7336],P1:[0.1734] lr:[0.0001000]
2024-07-09 14:22:43.734938 Epoch[022/150], Step[0091/0091], loss-all:[1.6839],P1:[0.1306] lr:[0.0001000]
2024-07-09 14:23:18.744393 Epoch[023/150], Step[0020/0091], loss-all:[1.6227],P1:[0.1564] lr:[0.0001000]
2024-07-09 14:23:45.929446 Epoch[023/150], Step[0040/0091], loss-all:[1.6173],P1:[0.1768] lr:[0.0001000]
2024-07-09 14:24:13.550262 Epoch[023/150], Step[0060/0091], loss-all:[1.6575],P1:[0.2357] lr:[0.0001000]
2024-07-09 14:24:40.865105 Epoch[023/150], Step[0080/0091], loss-all:[1.6546],P1:[0.2404] lr:[0.0001000]
2024-07-09 14:24:55.291637 Epoch[023/150], Step[0091/0091], loss-all:[1.6868],P1:[0.1522] lr:[0.0001000]
2024-07-09 14:25:30.008071 Epoch[024/150], Step[0020/0091], loss-all:[1.6261],P1:[0.1459] lr:[0.0001000]
2024-07-09 14:25:57.222628 Epoch[024/150], Step[0040/0091], loss-all:[1.7336],P1:[0.1809] lr:[0.0001000]
2024-07-09 14:26:25.177075 Epoch[024/150], Step[0060/0091], loss-all:[1.7534],P1:[0.1406] lr:[0.0001000]
2024-07-09 14:26:52.521459 Epoch[024/150], Step[0080/0091], loss-all:[1.6730],P1:[0.1597] lr:[0.0001000]
2024-07-09 14:27:06.735845 Epoch[024/150], Step[0091/0091], loss-all:[1.6771],P1:[0.2276] lr:[0.0001000]
################################################################################
best meandice:0.9119846932987675
################################################################################
CVC-300 :  0.8646555264393108
CVC-ClinicDB :  0.9139686200948346
Kvasir :  0.9107546586852057
CVC-ColonDB :  0.7994052934937276
ETIS-LaribPolypDB :  0.7817474412375177
2024-07-09 14:28:22.534525 Epoch[025/150], Step[0020/0091], loss-all:[1.6471],P1:[0.1711] lr:[0.0001000]
2024-07-09 14:28:50.104358 Epoch[025/150], Step[0040/0091], loss-all:[1.6299],P1:[0.1625] lr:[0.0001000]
2024-07-09 14:29:17.959928 Epoch[025/150], Step[0060/0091], loss-all:[1.6207],P1:[0.2015] lr:[0.0001000]
2024-07-09 14:29:45.613088 Epoch[025/150], Step[0080/0091], loss-all:[1.5986],P1:[0.1387] lr:[0.0001000]
2024-07-09 14:30:00.181040 Epoch[025/150], Step[0091/0091], loss-all:[1.6055],P1:[0.1848] lr:[0.0001000]
################################################################################
best meandice:0.9156159704425845
################################################################################
CVC-300 :  0.8605819260514855
CVC-ClinicDB :  0.9146416541503215
Kvasir :  0.9162200465437873
CVC-ColonDB :  0.8081298305062562
ETIS-LaribPolypDB :  0.778733731460807
2024-07-09 14:31:15.685685 Epoch[026/150], Step[0020/0091], loss-all:[1.5729],P1:[0.1236] lr:[0.0001000]
2024-07-09 14:31:42.848010 Epoch[026/150], Step[0040/0091], loss-all:[1.6141],P1:[0.2220] lr:[0.0001000]
2024-07-09 14:32:10.996883 Epoch[026/150], Step[0060/0091], loss-all:[1.6394],P1:[0.1599] lr:[0.0001000]
2024-07-09 14:32:39.863768 Epoch[026/150], Step[0080/0091], loss-all:[1.6076],P1:[0.1531] lr:[0.0001000]
2024-07-09 14:32:54.133785 Epoch[026/150], Step[0091/0091], loss-all:[1.5748],P1:[0.1391] lr:[0.0001000]
################################################################################
best meandice:0.9160096360589243
################################################################################
CVC-300 :  0.8625309343090853
CVC-ClinicDB :  0.9137743135413028
Kvasir :  0.9173955360198491
CVC-ColonDB :  0.7865192262561673
ETIS-LaribPolypDB :  0.7556342977291435
2024-07-09 14:34:11.213089 Epoch[027/150], Step[0020/0091], loss-all:[1.5857],P1:[0.1864] lr:[0.0001000]
2024-07-09 14:34:38.865013 Epoch[027/150], Step[0040/0091], loss-all:[1.6397],P1:[0.1774] lr:[0.0001000]
2024-07-09 14:35:07.030225 Epoch[027/150], Step[0060/0091], loss-all:[1.6658],P1:[0.1559] lr:[0.0001000]
2024-07-09 14:35:34.658398 Epoch[027/150], Step[0080/0091], loss-all:[1.6125],P1:[0.1720] lr:[0.0001000]
2024-07-09 14:35:49.508998 Epoch[027/150], Step[0091/0091], loss-all:[1.6055],P1:[0.1932] lr:[0.0001000]
2024-07-09 14:36:23.743831 Epoch[028/150], Step[0020/0091], loss-all:[1.6417],P1:[0.1512] lr:[0.0001000]
2024-07-09 14:36:50.612405 Epoch[028/150], Step[0040/0091], loss-all:[1.6121],P1:[0.2051] lr:[0.0001000]
2024-07-09 14:37:19.047403 Epoch[028/150], Step[0060/0091], loss-all:[1.6147],P1:[0.1679] lr:[0.0001000]
2024-07-09 14:37:46.502597 Epoch[028/150], Step[0080/0091], loss-all:[1.5953],P1:[0.1349] lr:[0.0001000]
2024-07-09 14:38:01.558438 Epoch[028/150], Step[0091/0091], loss-all:[1.6128],P1:[0.2271] lr:[0.0001000]
2024-07-09 14:38:36.287049 Epoch[029/150], Step[0020/0091], loss-all:[1.5786],P1:[0.1588] lr:[0.0001000]
2024-07-09 14:39:03.935669 Epoch[029/150], Step[0040/0091], loss-all:[1.5791],P1:[0.2040] lr:[0.0001000]
2024-07-09 14:39:31.359209 Epoch[029/150], Step[0060/0091], loss-all:[1.5707],P1:[0.1687] lr:[0.0001000]
2024-07-09 14:39:58.579143 Epoch[029/150], Step[0080/0091], loss-all:[1.5707],P1:[0.1658] lr:[0.0001000]
2024-07-09 14:40:13.132663 Epoch[029/150], Step[0091/0091], loss-all:[1.5507],P1:[0.1175] lr:[0.0001000]
2024-07-09 14:40:47.499476 Epoch[030/150], Step[0020/0091], loss-all:[1.5391],P1:[0.1479] lr:[0.0001000]
2024-07-09 14:41:15.434106 Epoch[030/150], Step[0040/0091], loss-all:[1.5379],P1:[0.1785] lr:[0.0001000]
2024-07-09 14:41:42.753273 Epoch[030/150], Step[0060/0091], loss-all:[1.5316],P1:[0.1768] lr:[0.0001000]
2024-07-09 14:42:10.423125 Epoch[030/150], Step[0080/0091], loss-all:[1.5578],P1:[0.2135] lr:[0.0001000]
2024-07-09 14:42:24.881729 Epoch[030/150], Step[0091/0091], loss-all:[1.6212],P1:[0.1616] lr:[0.0001000]
2024-07-09 14:42:59.750057 Epoch[031/150], Step[0020/0091], loss-all:[1.6249],P1:[0.2499] lr:[0.0001000]
2024-07-09 14:43:27.007314 Epoch[031/150], Step[0040/0091], loss-all:[1.6101],P1:[0.1717] lr:[0.0001000]
2024-07-09 14:43:54.993520 Epoch[031/150], Step[0060/0091], loss-all:[1.6042],P1:[0.1451] lr:[0.0001000]
2024-07-09 14:44:22.109515 Epoch[031/150], Step[0080/0091], loss-all:[1.5806],P1:[0.1401] lr:[0.0001000]
2024-07-09 14:44:36.543093 Epoch[031/150], Step[0091/0091], loss-all:[1.5493],P1:[0.1837] lr:[0.0001000]
2024-07-09 14:45:10.908240 Epoch[032/150], Step[0020/0091], loss-all:[1.5450],P1:[0.1429] lr:[0.0001000]
2024-07-09 14:45:38.537852 Epoch[032/150], Step[0040/0091], loss-all:[1.5074],P1:[0.1715] lr:[0.0001000]
2024-07-09 14:46:06.030685 Epoch[032/150], Step[0060/0091], loss-all:[1.5255],P1:[0.2040] lr:[0.0001000]
2024-07-09 14:46:33.920276 Epoch[032/150], Step[0080/0091], loss-all:[1.5810],P1:[0.1489] lr:[0.0001000]
2024-07-09 14:46:48.390502 Epoch[032/150], Step[0091/0091], loss-all:[1.5820],P1:[0.1905] lr:[0.0001000]
2024-07-09 14:47:22.577809 Epoch[033/150], Step[0020/0091], loss-all:[1.5596],P1:[0.1631] lr:[0.0001000]
2024-07-09 14:47:49.704752 Epoch[033/150], Step[0040/0091], loss-all:[1.5407],P1:[0.1615] lr:[0.0001000]
2024-07-09 14:48:17.689615 Epoch[033/150], Step[0060/0091], loss-all:[1.5237],P1:[0.1824] lr:[0.0001000]
2024-07-09 14:48:45.432555 Epoch[033/150], Step[0080/0091], loss-all:[1.5338],P1:[0.1592] lr:[0.0001000]
2024-07-09 14:49:00.346653 Epoch[033/150], Step[0091/0091], loss-all:[1.5708],P1:[0.2286] lr:[0.0001000]
2024-07-09 14:49:35.210211 Epoch[034/150], Step[0020/0091], loss-all:[1.4713],P1:[0.1374] lr:[0.0001000]
2024-07-09 14:50:03.949575 Epoch[034/150], Step[0040/0091], loss-all:[1.4940],P1:[0.1445] lr:[0.0001000]
2024-07-09 14:50:30.697825 Epoch[034/150], Step[0060/0091], loss-all:[1.5082],P1:[0.1607] lr:[0.0001000]
2024-07-09 14:50:57.768913 Epoch[034/150], Step[0080/0091], loss-all:[1.5015],P1:[0.1599] lr:[0.0001000]
2024-07-09 14:51:12.014858 Epoch[034/150], Step[0091/0091], loss-all:[1.5387],P1:[0.1365] lr:[0.0001000]
2024-07-09 14:51:47.112083 Epoch[035/150], Step[0020/0091], loss-all:[1.5696],P1:[0.1855] lr:[0.0001000]
2024-07-09 14:52:14.255474 Epoch[035/150], Step[0040/0091], loss-all:[1.5527],P1:[0.1826] lr:[0.0001000]
2024-07-09 14:52:42.072165 Epoch[035/150], Step[0060/0091], loss-all:[1.5254],P1:[0.1583] lr:[0.0001000]
2024-07-09 14:53:16.351051 Epoch[035/150], Step[0080/0091], loss-all:[1.4864],P1:[0.1590] lr:[0.0001000]
2024-07-09 14:53:34.220407 Epoch[035/150], Step[0091/0091], loss-all:[1.4934],P1:[0.1742] lr:[0.0001000]
2024-07-09 14:54:15.622775 Epoch[036/150], Step[0020/0091], loss-all:[1.4840],P1:[0.1389] lr:[0.0001000]
2024-07-09 14:54:43.368269 Epoch[036/150], Step[0040/0091], loss-all:[1.4957],P1:[0.1594] lr:[0.0001000]
2024-07-09 14:55:12.492515 Epoch[036/150], Step[0060/0091], loss-all:[1.4789],P1:[0.1540] lr:[0.0001000]
2024-07-09 14:55:40.990732 Epoch[036/150], Step[0080/0091], loss-all:[1.4696],P1:[0.1692] lr:[0.0001000]
2024-07-09 14:55:55.726701 Epoch[036/150], Step[0091/0091], loss-all:[1.4732],P1:[0.1548] lr:[0.0001000]
2024-07-09 14:56:31.788187 Epoch[037/150], Step[0020/0091], loss-all:[1.4981],P1:[0.1830] lr:[0.0001000]
2024-07-09 14:56:59.547271 Epoch[037/150], Step[0040/0091], loss-all:[1.5076],P1:[0.1520] lr:[0.0001000]
2024-07-09 14:57:27.582228 Epoch[037/150], Step[0060/0091], loss-all:[1.5397],P1:[0.1819] lr:[0.0001000]
2024-07-09 14:57:56.368254 Epoch[037/150], Step[0080/0091], loss-all:[1.5783],P1:[0.1420] lr:[0.0001000]
2024-07-09 14:58:11.286181 Epoch[037/150], Step[0091/0091], loss-all:[1.5604],P1:[0.1574] lr:[0.0001000]
################################################################################
best meandice:0.9175268050663241
################################################################################
CVC-300 :  0.8766637696020573
CVC-ClinicDB :  0.9185256612852319
Kvasir :  0.9169075142106015
CVC-ColonDB :  0.7911692698138122
ETIS-LaribPolypDB :  0.8041954861877222
2024-07-09 14:59:29.909303 Epoch[038/150], Step[0020/0091], loss-all:[1.5167],P1:[0.1485] lr:[0.0001000]
2024-07-09 14:59:58.171432 Epoch[038/150], Step[0040/0091], loss-all:[1.5177],P1:[0.1609] lr:[0.0001000]
2024-07-09 15:00:25.711212 Epoch[038/150], Step[0060/0091], loss-all:[1.4588],P1:[0.1565] lr:[0.0001000]
2024-07-09 15:00:53.692019 Epoch[038/150], Step[0080/0091], loss-all:[1.4761],P1:[0.1447] lr:[0.0001000]
2024-07-09 15:01:08.263703 Epoch[038/150], Step[0091/0091], loss-all:[1.4887],P1:[0.1172] lr:[0.0001000]
2024-07-09 15:01:43.461010 Epoch[039/150], Step[0020/0091], loss-all:[1.4768],P1:[0.1785] lr:[0.0001000]
2024-07-09 15:02:11.408458 Epoch[039/150], Step[0040/0091], loss-all:[1.5036],P1:[0.1913] lr:[0.0001000]
2024-07-09 15:02:39.544738 Epoch[039/150], Step[0060/0091], loss-all:[1.5200],P1:[0.1583] lr:[0.0001000]
2024-07-09 15:03:06.984725 Epoch[039/150], Step[0080/0091], loss-all:[1.4769],P1:[0.1574] lr:[0.0001000]
2024-07-09 15:03:21.601307 Epoch[039/150], Step[0091/0091], loss-all:[1.4683],P1:[0.1567] lr:[0.0001000]
################################################################################
best meandice:0.9187689335551441
################################################################################
CVC-300 :  0.8655534783060455
CVC-ClinicDB :  0.9176720801329137
Kvasir :  0.9194489826769281
CVC-ColonDB :  0.7943864956771713
ETIS-LaribPolypDB :  0.8091340551957737
2024-07-09 15:04:39.112615 Epoch[040/150], Step[0020/0091], loss-all:[1.4722],P1:[0.1672] lr:[0.0001000]
2024-07-09 15:05:06.875100 Epoch[040/150], Step[0040/0091], loss-all:[1.5156],P1:[0.1841] lr:[0.0001000]
2024-07-09 15:05:34.492139 Epoch[040/150], Step[0060/0091], loss-all:[1.4945],P1:[0.1785] lr:[0.0001000]
2024-07-09 15:06:01.913501 Epoch[040/150], Step[0080/0091], loss-all:[1.4152],P1:[0.1264] lr:[0.0001000]
2024-07-09 15:06:16.595774 Epoch[040/150], Step[0091/0091], loss-all:[1.4214],P1:[0.1284] lr:[0.0001000]
2024-07-09 15:06:50.806856 Epoch[041/150], Step[0020/0091], loss-all:[1.4498],P1:[0.1369] lr:[0.0001000]
2024-07-09 15:07:18.570171 Epoch[041/150], Step[0040/0091], loss-all:[1.4603],P1:[0.1355] lr:[0.0001000]
2024-07-09 15:07:46.188151 Epoch[041/150], Step[0060/0091], loss-all:[1.4608],P1:[0.1419] lr:[0.0001000]
2024-07-09 15:08:13.905964 Epoch[041/150], Step[0080/0091], loss-all:[1.4116],P1:[0.1393] lr:[0.0001000]
2024-07-09 15:08:28.554727 Epoch[041/150], Step[0091/0091], loss-all:[1.4119],P1:[0.1295] lr:[0.0001000]
2024-07-09 15:09:03.808599 Epoch[042/150], Step[0020/0091], loss-all:[1.4777],P1:[0.1365] lr:[0.0001000]
2024-07-09 15:09:31.722183 Epoch[042/150], Step[0040/0091], loss-all:[1.4853],P1:[0.1523] lr:[0.0001000]
2024-07-09 15:09:59.640522 Epoch[042/150], Step[0060/0091], loss-all:[1.5258],P1:[0.1401] lr:[0.0001000]
2024-07-09 15:10:26.773545 Epoch[042/150], Step[0080/0091], loss-all:[1.5158],P1:[0.1359] lr:[0.0001000]
2024-07-09 15:10:41.138898 Epoch[042/150], Step[0091/0091], loss-all:[1.5066],P1:[0.1199] lr:[0.0001000]
2024-07-09 15:11:15.710431 Epoch[043/150], Step[0020/0091], loss-all:[1.4665],P1:[0.1265] lr:[0.0001000]
2024-07-09 15:11:43.780788 Epoch[043/150], Step[0040/0091], loss-all:[1.4615],P1:[0.1892] lr:[0.0001000]
2024-07-09 15:12:11.698445 Epoch[043/150], Step[0060/0091], loss-all:[1.4715],P1:[0.1480] lr:[0.0001000]
2024-07-09 15:12:38.739180 Epoch[043/150], Step[0080/0091], loss-all:[1.4431],P1:[0.1706] lr:[0.0001000]
2024-07-09 15:12:53.397705 Epoch[043/150], Step[0091/0091], loss-all:[1.4196],P1:[0.1405] lr:[0.0001000]
2024-07-09 15:13:27.939862 Epoch[044/150], Step[0020/0091], loss-all:[1.4465],P1:[0.1319] lr:[0.0001000]
2024-07-09 15:13:55.248553 Epoch[044/150], Step[0040/0091], loss-all:[1.4299],P1:[0.1441] lr:[0.0001000]
2024-07-09 15:14:22.618300 Epoch[044/150], Step[0060/0091], loss-all:[1.3958],P1:[0.1397] lr:[0.0001000]
2024-07-09 15:14:50.583712 Epoch[044/150], Step[0080/0091], loss-all:[1.3950],P1:[0.1358] lr:[0.0001000]
2024-07-09 15:15:05.797526 Epoch[044/150], Step[0091/0091], loss-all:[1.4361],P1:[0.1837] lr:[0.0001000]
2024-07-09 15:15:39.969678 Epoch[045/150], Step[0020/0091], loss-all:[1.3988],P1:[0.1468] lr:[0.0001000]
2024-07-09 15:16:07.542147 Epoch[045/150], Step[0040/0091], loss-all:[1.4114],P1:[0.1239] lr:[0.0001000]
2024-07-09 15:16:35.273756 Epoch[045/150], Step[0060/0091], loss-all:[1.4435],P1:[0.1597] lr:[0.0001000]
2024-07-09 15:17:03.027249 Epoch[045/150], Step[0080/0091], loss-all:[1.4808],P1:[0.1432] lr:[0.0001000]
2024-07-09 15:17:17.821256 Epoch[045/150], Step[0091/0091], loss-all:[1.4767],P1:[0.1184] lr:[0.0001000]
2024-07-09 15:17:52.239956 Epoch[046/150], Step[0020/0091], loss-all:[1.4112],P1:[0.1347] lr:[0.0001000]
2024-07-09 15:18:19.479436 Epoch[046/150], Step[0040/0091], loss-all:[1.4643],P1:[0.1423] lr:[0.0001000]
2024-07-09 15:18:47.003296 Epoch[046/150], Step[0060/0091], loss-all:[1.4910],P1:[0.1459] lr:[0.0001000]
2024-07-09 15:19:14.989933 Epoch[046/150], Step[0080/0091], loss-all:[1.5074],P1:[0.1713] lr:[0.0001000]
2024-07-09 15:19:29.803908 Epoch[046/150], Step[0091/0091], loss-all:[1.5140],P1:[0.1413] lr:[0.0001000]
2024-07-09 15:20:03.607406 Epoch[047/150], Step[0020/0091], loss-all:[1.4361],P1:[0.1732] lr:[0.0001000]
2024-07-09 15:20:30.590736 Epoch[047/150], Step[0040/0091], loss-all:[1.4556],P1:[0.1455] lr:[0.0001000]
2024-07-09 15:20:58.994738 Epoch[047/150], Step[0060/0091], loss-all:[1.4478],P1:[0.1739] lr:[0.0001000]
2024-07-09 15:21:27.189867 Epoch[047/150], Step[0080/0091], loss-all:[1.4131],P1:[0.1599] lr:[0.0001000]
2024-07-09 15:21:41.625755 Epoch[047/150], Step[0091/0091], loss-all:[1.4067],P1:[0.1323] lr:[0.0001000]
2024-07-09 15:22:16.129323 Epoch[048/150], Step[0020/0091], loss-all:[1.3953],P1:[0.1318] lr:[0.0001000]
2024-07-09 15:22:43.689022 Epoch[048/150], Step[0040/0091], loss-all:[1.4038],P1:[0.1515] lr:[0.0001000]
2024-07-09 15:23:11.540676 Epoch[048/150], Step[0060/0091], loss-all:[1.3960],P1:[0.1230] lr:[0.0001000]
2024-07-09 15:23:38.841167 Epoch[048/150], Step[0080/0091], loss-all:[1.3745],P1:[0.1280] lr:[0.0001000]
2024-07-09 15:23:53.277867 Epoch[048/150], Step[0091/0091], loss-all:[1.3704],P1:[0.1594] lr:[0.0001000]
2024-07-09 15:24:27.442657 Epoch[049/150], Step[0020/0091], loss-all:[1.4100],P1:[0.1446] lr:[0.0001000]
2024-07-09 15:24:55.166875 Epoch[049/150], Step[0040/0091], loss-all:[1.4295],P1:[0.1421] lr:[0.0001000]
2024-07-09 15:25:22.812243 Epoch[049/150], Step[0060/0091], loss-all:[1.4392],P1:[0.1383] lr:[0.0001000]
2024-07-09 15:25:50.161435 Epoch[049/150], Step[0080/0091], loss-all:[1.3991],P1:[0.1376] lr:[0.0001000]
2024-07-09 15:26:04.895325 Epoch[049/150], Step[0091/0091], loss-all:[1.3792],P1:[0.1340] lr:[0.0001000]
################################################################################
best meandice:0.9193059235750646
################################################################################
CVC-300 :  0.8713836779940916
CVC-ClinicDB :  0.9265702014554502
Kvasir :  0.9148020712892257
CVC-ColonDB :  0.7847964849718779
ETIS-LaribPolypDB :  0.8024375408330011
2024-07-09 15:27:21.228587 Epoch[050/150], Step[0020/0091], loss-all:[1.3732],P1:[0.1564] lr:[0.0000500]
2024-07-09 15:27:48.891946 Epoch[050/150], Step[0040/0091], loss-all:[1.3534],P1:[0.1331] lr:[0.0000500]
2024-07-09 15:28:15.517812 Epoch[050/150], Step[0060/0091], loss-all:[1.3699],P1:[0.1409] lr:[0.0000500]
2024-07-09 15:28:43.463019 Epoch[050/150], Step[0080/0091], loss-all:[1.3877],P1:[0.1529] lr:[0.0000500]
2024-07-09 15:28:57.897898 Epoch[050/150], Step[0091/0091], loss-all:[1.3728],P1:[0.1483] lr:[0.0000500]
2024-07-09 15:29:32.477591 Epoch[051/150], Step[0020/0091], loss-all:[1.2797],P1:[0.1428] lr:[0.0000500]
2024-07-09 15:30:00.271522 Epoch[051/150], Step[0040/0091], loss-all:[1.3238],P1:[0.1400] lr:[0.0000500]
2024-07-09 15:30:27.502380 Epoch[051/150], Step[0060/0091], loss-all:[1.3537],P1:[0.1435] lr:[0.0000500]
2024-07-09 15:30:54.888162 Epoch[051/150], Step[0080/0091], loss-all:[1.3360],P1:[0.1498] lr:[0.0000500]
2024-07-09 15:31:09.526323 Epoch[051/150], Step[0091/0091], loss-all:[1.3351],P1:[0.1210] lr:[0.0000500]
2024-07-09 15:31:44.686945 Epoch[052/150], Step[0020/0091], loss-all:[1.2908],P1:[0.1225] lr:[0.0000500]
2024-07-09 15:32:12.520666 Epoch[052/150], Step[0040/0091], loss-all:[1.3194],P1:[0.1315] lr:[0.0000500]
2024-07-09 15:32:39.490646 Epoch[052/150], Step[0060/0091], loss-all:[1.3377],P1:[0.1220] lr:[0.0000500]
2024-07-09 15:33:06.711046 Epoch[052/150], Step[0080/0091], loss-all:[1.3240],P1:[0.1262] lr:[0.0000500]
2024-07-09 15:33:21.139194 Epoch[052/150], Step[0091/0091], loss-all:[1.3065],P1:[0.1099] lr:[0.0000500]
2024-07-09 15:33:55.691275 Epoch[053/150], Step[0020/0091], loss-all:[1.3144],P1:[0.1089] lr:[0.0000500]
2024-07-09 15:34:22.493445 Epoch[053/150], Step[0040/0091], loss-all:[1.3145],P1:[0.1395] lr:[0.0000500]
2024-07-09 15:34:49.902441 Epoch[053/150], Step[0060/0091], loss-all:[1.3159],P1:[0.1346] lr:[0.0000500]
2024-07-09 15:35:17.848266 Epoch[053/150], Step[0080/0091], loss-all:[1.3277],P1:[0.1385] lr:[0.0000500]
2024-07-09 15:35:32.446519 Epoch[053/150], Step[0091/0091], loss-all:[1.3597],P1:[0.1511] lr:[0.0000500]
2024-07-09 15:36:06.446434 Epoch[054/150], Step[0020/0091], loss-all:[1.3459],P1:[0.1322] lr:[0.0000500]
2024-07-09 15:36:34.171237 Epoch[054/150], Step[0040/0091], loss-all:[1.3278],P1:[0.1305] lr:[0.0000500]
2024-07-09 15:37:01.408285 Epoch[054/150], Step[0060/0091], loss-all:[1.3107],P1:[0.1277] lr:[0.0000500]
2024-07-09 15:37:29.174165 Epoch[054/150], Step[0080/0091], loss-all:[1.3019],P1:[0.1459] lr:[0.0000500]
2024-07-09 15:37:43.751167 Epoch[054/150], Step[0091/0091], loss-all:[1.3190],P1:[0.1724] lr:[0.0000500]
2024-07-09 15:38:18.349850 Epoch[055/150], Step[0020/0091], loss-all:[1.3192],P1:[0.1186] lr:[0.0000500]
2024-07-09 15:38:46.052136 Epoch[055/150], Step[0040/0091], loss-all:[1.3064],P1:[0.1423] lr:[0.0000500]
2024-07-09 15:39:13.548995 Epoch[055/150], Step[0060/0091], loss-all:[1.2968],P1:[0.1356] lr:[0.0000500]
2024-07-09 15:39:40.723594 Epoch[055/150], Step[0080/0091], loss-all:[1.3043],P1:[0.1053] lr:[0.0000500]
2024-07-09 15:39:55.206808 Epoch[055/150], Step[0091/0091], loss-all:[1.3124],P1:[0.1090] lr:[0.0000500]
2024-07-09 15:40:29.334604 Epoch[056/150], Step[0020/0091], loss-all:[1.2685],P1:[0.1181] lr:[0.0000500]
2024-07-09 15:40:56.798094 Epoch[056/150], Step[0040/0091], loss-all:[1.2938],P1:[0.1309] lr:[0.0000500]
2024-07-09 15:41:23.809025 Epoch[056/150], Step[0060/0091], loss-all:[1.3272],P1:[0.1156] lr:[0.0000500]
2024-07-09 15:41:52.446894 Epoch[056/150], Step[0080/0091], loss-all:[1.3009],P1:[0.1215] lr:[0.0000500]
2024-07-09 15:42:07.296678 Epoch[056/150], Step[0091/0091], loss-all:[1.3057],P1:[0.1271] lr:[0.0000500]
2024-07-09 15:42:41.685608 Epoch[057/150], Step[0020/0091], loss-all:[1.2902],P1:[0.1233] lr:[0.0000500]
2024-07-09 15:43:09.530982 Epoch[057/150], Step[0040/0091], loss-all:[1.2961],P1:[0.1450] lr:[0.0000500]
2024-07-09 15:43:36.581798 Epoch[057/150], Step[0060/0091], loss-all:[1.2968],P1:[0.1192] lr:[0.0000500]
2024-07-09 15:44:03.910317 Epoch[057/150], Step[0080/0091], loss-all:[1.2852],P1:[0.1179] lr:[0.0000500]
2024-07-09 15:44:18.869901 Epoch[057/150], Step[0091/0091], loss-all:[1.2780],P1:[0.1048] lr:[0.0000500]
2024-07-09 15:44:52.975866 Epoch[058/150], Step[0020/0091], loss-all:[1.2983],P1:[0.1432] lr:[0.0000500]
2024-07-09 15:45:20.152219 Epoch[058/150], Step[0040/0091], loss-all:[1.2831],P1:[0.1340] lr:[0.0000500]
2024-07-09 15:45:48.291171 Epoch[058/150], Step[0060/0091], loss-all:[1.2766],P1:[0.1256] lr:[0.0000500]
2024-07-09 15:46:16.051387 Epoch[058/150], Step[0080/0091], loss-all:[1.2857],P1:[0.1239] lr:[0.0000500]
2024-07-09 15:46:30.555579 Epoch[058/150], Step[0091/0091], loss-all:[1.3063],P1:[0.1141] lr:[0.0000500]
2024-07-09 15:47:04.869695 Epoch[059/150], Step[0020/0091], loss-all:[1.2947],P1:[0.1381] lr:[0.0000500]
2024-07-09 15:47:32.243291 Epoch[059/150], Step[0040/0091], loss-all:[1.3014],P1:[0.1588] lr:[0.0000500]
2024-07-09 15:48:00.215385 Epoch[059/150], Step[0060/0091], loss-all:[1.2982],P1:[0.1305] lr:[0.0000500]
2024-07-09 15:48:28.034850 Epoch[059/150], Step[0080/0091], loss-all:[1.2834],P1:[0.1271] lr:[0.0000500]
2024-07-09 15:48:42.276592 Epoch[059/150], Step[0091/0091], loss-all:[1.2654],P1:[0.1144] lr:[0.0000500]
################################################################################
best meandice:0.9217893023077535
################################################################################
CVC-300 :  0.8827569163972113
CVC-ClinicDB :  0.9321151487383696
Kvasir :  0.9153872775207708
CVC-ColonDB :  0.8144254820200749
ETIS-LaribPolypDB :  0.8311368480035763
2024-07-09 15:49:57.316089 Epoch[060/150], Step[0020/0091], loss-all:[1.2546],P1:[0.1348] lr:[0.0000500]
2024-07-09 15:50:25.126283 Epoch[060/150], Step[0040/0091], loss-all:[1.2550],P1:[0.1096] lr:[0.0000500]
2024-07-09 15:50:52.506744 Epoch[060/150], Step[0060/0091], loss-all:[1.2696],P1:[0.1566] lr:[0.0000500]
2024-07-09 15:51:20.526821 Epoch[060/150], Step[0080/0091], loss-all:[1.2984],P1:[0.1467] lr:[0.0000500]
2024-07-09 15:51:35.109549 Epoch[060/150], Step[0091/0091], loss-all:[1.3055],P1:[0.1435] lr:[0.0000500]
2024-07-09 15:52:09.715296 Epoch[061/150], Step[0020/0091], loss-all:[1.2829],P1:[0.1018] lr:[0.0000500]
2024-07-09 15:52:37.169547 Epoch[061/150], Step[0040/0091], loss-all:[1.2965],P1:[0.1188] lr:[0.0000500]
2024-07-09 15:53:05.320746 Epoch[061/150], Step[0060/0091], loss-all:[1.2820],P1:[0.1187] lr:[0.0000500]
2024-07-09 15:53:32.385178 Epoch[061/150], Step[0080/0091], loss-all:[1.2509],P1:[0.1202] lr:[0.0000500]
2024-07-09 15:53:47.184354 Epoch[061/150], Step[0091/0091], loss-all:[1.2492],P1:[0.1082] lr:[0.0000500]
2024-07-09 15:54:22.126035 Epoch[062/150], Step[0020/0091], loss-all:[1.2848],P1:[0.1276] lr:[0.0000500]
2024-07-09 15:54:50.130766 Epoch[062/150], Step[0040/0091], loss-all:[1.2617],P1:[0.1232] lr:[0.0000500]
2024-07-09 15:55:17.437392 Epoch[062/150], Step[0060/0091], loss-all:[1.2713],P1:[0.1103] lr:[0.0000500]
2024-07-09 15:55:44.530050 Epoch[062/150], Step[0080/0091], loss-all:[1.2951],P1:[0.1361] lr:[0.0000500]
2024-07-09 15:55:58.981775 Epoch[062/150], Step[0091/0091], loss-all:[1.2797],P1:[0.1039] lr:[0.0000500]
2024-07-09 15:56:33.263887 Epoch[063/150], Step[0020/0091], loss-all:[1.3151],P1:[0.1491] lr:[0.0000500]
2024-07-09 15:57:00.808889 Epoch[063/150], Step[0040/0091], loss-all:[1.3326],P1:[0.1202] lr:[0.0000500]
2024-07-09 15:57:28.544692 Epoch[063/150], Step[0060/0091], loss-all:[1.3143],P1:[0.1432] lr:[0.0000500]
2024-07-09 15:57:56.068693 Epoch[063/150], Step[0080/0091], loss-all:[1.2840],P1:[0.1452] lr:[0.0000500]
2024-07-09 15:58:11.155246 Epoch[063/150], Step[0091/0091], loss-all:[1.2947],P1:[0.2347] lr:[0.0000500]
2024-07-09 15:58:45.144161 Epoch[064/150], Step[0020/0091], loss-all:[1.3348],P1:[0.1200] lr:[0.0000500]
2024-07-09 15:59:12.897918 Epoch[064/150], Step[0040/0091], loss-all:[1.3180],P1:[0.1111] lr:[0.0000500]
2024-07-09 15:59:40.384031 Epoch[064/150], Step[0060/0091], loss-all:[1.3020],P1:[0.1152] lr:[0.0000500]
2024-07-09 16:00:08.191164 Epoch[064/150], Step[0080/0091], loss-all:[1.2858],P1:[0.1215] lr:[0.0000500]
2024-07-09 16:00:22.853913 Epoch[064/150], Step[0091/0091], loss-all:[1.2806],P1:[0.0977] lr:[0.0000500]
2024-07-09 16:00:57.140150 Epoch[065/150], Step[0020/0091], loss-all:[1.2578],P1:[0.1252] lr:[0.0000500]
2024-07-09 16:01:25.105009 Epoch[065/150], Step[0040/0091], loss-all:[1.2550],P1:[0.1230] lr:[0.0000500]
2024-07-09 16:01:52.165397 Epoch[065/150], Step[0060/0091], loss-all:[1.2628],P1:[0.1048] lr:[0.0000500]
2024-07-09 16:02:19.365303 Epoch[065/150], Step[0080/0091], loss-all:[1.2565],P1:[0.1251] lr:[0.0000500]
2024-07-09 16:02:34.264744 Epoch[065/150], Step[0091/0091], loss-all:[1.2359],P1:[0.1150] lr:[0.0000500]
2024-07-09 16:03:09.050071 Epoch[066/150], Step[0020/0091], loss-all:[1.2381],P1:[0.1223] lr:[0.0000500]
2024-07-09 16:03:37.173077 Epoch[066/150], Step[0040/0091], loss-all:[1.2360],P1:[0.1042] lr:[0.0000500]
2024-07-09 16:04:04.761871 Epoch[066/150], Step[0060/0091], loss-all:[1.2584],P1:[0.1349] lr:[0.0000500]
2024-07-09 16:04:31.632285 Epoch[066/150], Step[0080/0091], loss-all:[1.2654],P1:[0.1221] lr:[0.0000500]
2024-07-09 16:04:45.736292 Epoch[066/150], Step[0091/0091], loss-all:[1.2752],P1:[0.1088] lr:[0.0000500]
2024-07-09 16:05:20.033979 Epoch[067/150], Step[0020/0091], loss-all:[1.2164],P1:[0.0997] lr:[0.0000500]
2024-07-09 16:05:47.490491 Epoch[067/150], Step[0040/0091], loss-all:[1.2287],P1:[0.1279] lr:[0.0000500]
2024-07-09 16:06:15.133749 Epoch[067/150], Step[0060/0091], loss-all:[1.2364],P1:[0.1271] lr:[0.0000500]
2024-07-09 16:06:42.639095 Epoch[067/150], Step[0080/0091], loss-all:[1.2429],P1:[0.1225] lr:[0.0000500]
2024-07-09 16:06:57.106967 Epoch[067/150], Step[0091/0091], loss-all:[1.2457],P1:[0.1506] lr:[0.0000500]
2024-07-09 16:07:32.008410 Epoch[068/150], Step[0020/0091], loss-all:[1.2399],P1:[0.1090] lr:[0.0000500]
2024-07-09 16:07:58.923922 Epoch[068/150], Step[0040/0091], loss-all:[1.2348],P1:[0.1269] lr:[0.0000500]
2024-07-09 16:08:26.086359 Epoch[068/150], Step[0060/0091], loss-all:[1.2356],P1:[0.1283] lr:[0.0000500]
2024-07-09 16:08:53.644594 Epoch[068/150], Step[0080/0091], loss-all:[1.2511],P1:[0.1158] lr:[0.0000500]
2024-07-09 16:09:08.587476 Epoch[068/150], Step[0091/0091], loss-all:[1.2501],P1:[0.1158] lr:[0.0000500]
2024-07-09 16:09:43.014587 Epoch[069/150], Step[0020/0091], loss-all:[1.2303],P1:[0.1135] lr:[0.0000500]
2024-07-09 16:10:10.127864 Epoch[069/150], Step[0040/0091], loss-all:[1.2173],P1:[0.1288] lr:[0.0000500]
2024-07-09 16:10:37.889207 Epoch[069/150], Step[0060/0091], loss-all:[1.2275],P1:[0.1191] lr:[0.0000500]
2024-07-09 16:11:05.458937 Epoch[069/150], Step[0080/0091], loss-all:[1.2556],P1:[0.1117] lr:[0.0000500]
2024-07-09 16:11:20.004982 Epoch[069/150], Step[0091/0091], loss-all:[1.2434],P1:[0.1425] lr:[0.0000500]
2024-07-09 16:11:54.448092 Epoch[070/150], Step[0020/0091], loss-all:[1.2636],P1:[0.1023] lr:[0.0000500]
2024-07-09 16:12:22.674671 Epoch[070/150], Step[0040/0091], loss-all:[1.2380],P1:[0.1232] lr:[0.0000500]
2024-07-09 16:12:49.568252 Epoch[070/150], Step[0060/0091], loss-all:[1.2370],P1:[0.1321] lr:[0.0000500]
2024-07-09 16:13:16.832307 Epoch[070/150], Step[0080/0091], loss-all:[1.2354],P1:[0.1113] lr:[0.0000500]
2024-07-09 16:13:31.347907 Epoch[070/150], Step[0091/0091], loss-all:[1.2352],P1:[0.1335] lr:[0.0000500]
2024-07-09 16:14:06.147901 Epoch[071/150], Step[0020/0091], loss-all:[1.2274],P1:[0.1058] lr:[0.0000500]
2024-07-09 16:14:33.667233 Epoch[071/150], Step[0040/0091], loss-all:[1.2289],P1:[0.0970] lr:[0.0000500]
2024-07-09 16:15:01.025129 Epoch[071/150], Step[0060/0091], loss-all:[1.2360],P1:[0.1193] lr:[0.0000500]
2024-07-09 16:15:28.442288 Epoch[071/150], Step[0080/0091], loss-all:[1.2321],P1:[0.1267] lr:[0.0000500]
2024-07-09 16:15:42.830508 Epoch[071/150], Step[0091/0091], loss-all:[1.2357],P1:[0.1101] lr:[0.0000500]
2024-07-09 16:16:16.952860 Epoch[072/150], Step[0020/0091], loss-all:[1.2062],P1:[0.1016] lr:[0.0000500]
2024-07-09 16:16:44.750942 Epoch[072/150], Step[0040/0091], loss-all:[1.2115],P1:[0.1099] lr:[0.0000500]
2024-07-09 16:17:12.724479 Epoch[072/150], Step[0060/0091], loss-all:[1.2155],P1:[0.1043] lr:[0.0000500]
2024-07-09 16:17:40.825736 Epoch[072/150], Step[0080/0091], loss-all:[1.2268],P1:[0.1226] lr:[0.0000500]
2024-07-09 16:17:56.045131 Epoch[072/150], Step[0091/0091], loss-all:[1.2284],P1:[0.1107] lr:[0.0000500]
2024-07-09 16:18:32.429048 Epoch[073/150], Step[0020/0091], loss-all:[1.1915],P1:[0.1250] lr:[0.0000500]
2024-07-09 16:18:58.803671 Epoch[073/150], Step[0040/0091], loss-all:[1.2030],P1:[0.1123] lr:[0.0000500]
2024-07-09 16:19:26.238161 Epoch[073/150], Step[0060/0091], loss-all:[1.2232],P1:[0.1121] lr:[0.0000500]
2024-07-09 16:19:53.262259 Epoch[073/150], Step[0080/0091], loss-all:[1.2283],P1:[0.1126] lr:[0.0000500]
2024-07-09 16:20:08.130283 Epoch[073/150], Step[0091/0091], loss-all:[1.2295],P1:[0.1403] lr:[0.0000500]
2024-07-09 16:20:42.557542 Epoch[074/150], Step[0020/0091], loss-all:[1.2420],P1:[0.1364] lr:[0.0000500]
2024-07-09 16:21:09.989180 Epoch[074/150], Step[0040/0091], loss-all:[1.2194],P1:[0.1196] lr:[0.0000500]
2024-07-09 16:21:38.136352 Epoch[074/150], Step[0060/0091], loss-all:[1.1964],P1:[0.1205] lr:[0.0000500]
2024-07-09 16:22:06.011963 Epoch[074/150], Step[0080/0091], loss-all:[1.1997],P1:[0.1119] lr:[0.0000500]
2024-07-09 16:22:20.629322 Epoch[074/150], Step[0091/0091], loss-all:[1.2151],P1:[0.1059] lr:[0.0000500]
2024-07-09 16:22:55.818515 Epoch[075/150], Step[0020/0091], loss-all:[1.2235],P1:[0.1506] lr:[0.0000500]
2024-07-09 16:23:23.594490 Epoch[075/150], Step[0040/0091], loss-all:[1.1969],P1:[0.1139] lr:[0.0000500]
2024-07-09 16:23:51.242415 Epoch[075/150], Step[0060/0091], loss-all:[1.2033],P1:[0.1115] lr:[0.0000500]
2024-07-09 16:24:18.644433 Epoch[075/150], Step[0080/0091], loss-all:[1.2429],P1:[0.1355] lr:[0.0000500]
2024-07-09 16:24:32.942953 Epoch[075/150], Step[0091/0091], loss-all:[1.2476],P1:[0.1214] lr:[0.0000500]
################################################################################
best meandice:0.9228031368275055
################################################################################
CVC-300 :  0.8824128668368281
CVC-ClinicDB :  0.9284887635186895
Kvasir :  0.91927804827897
CVC-ColonDB :  0.8090042070159263
ETIS-LaribPolypDB :  0.7973965247531459
2024-07-09 16:25:50.529388 Epoch[076/150], Step[0020/0091], loss-all:[1.2017],P1:[0.1092] lr:[0.0000500]
2024-07-09 16:26:18.134212 Epoch[076/150], Step[0040/0091], loss-all:[1.2230],P1:[0.1046] lr:[0.0000500]
2024-07-09 16:26:46.473885 Epoch[076/150], Step[0060/0091], loss-all:[1.2193],P1:[0.1243] lr:[0.0000500]
2024-07-09 16:27:13.551946 Epoch[076/150], Step[0080/0091], loss-all:[1.1852],P1:[0.0991] lr:[0.0000500]
2024-07-09 16:27:28.257125 Epoch[076/150], Step[0091/0091], loss-all:[1.1944],P1:[0.1260] lr:[0.0000500]
2024-07-09 16:28:02.961379 Epoch[077/150], Step[0020/0091], loss-all:[1.2486],P1:[0.1162] lr:[0.0000500]
2024-07-09 16:28:30.898912 Epoch[077/150], Step[0040/0091], loss-all:[1.2200],P1:[0.1136] lr:[0.0000500]
2024-07-09 16:28:58.520365 Epoch[077/150], Step[0060/0091], loss-all:[1.1964],P1:[0.1248] lr:[0.0000500]
2024-07-09 16:29:26.970187 Epoch[077/150], Step[0080/0091], loss-all:[1.2022],P1:[0.1186] lr:[0.0000500]
2024-07-09 16:29:41.752337 Epoch[077/150], Step[0091/0091], loss-all:[1.1950],P1:[0.1340] lr:[0.0000500]
2024-07-09 16:30:16.130721 Epoch[078/150], Step[0020/0091], loss-all:[1.1561],P1:[0.1018] lr:[0.0000500]
2024-07-09 16:30:44.484002 Epoch[078/150], Step[0040/0091], loss-all:[1.1798],P1:[0.1058] lr:[0.0000500]
2024-07-09 16:31:11.827730 Epoch[078/150], Step[0060/0091], loss-all:[1.1939],P1:[0.1003] lr:[0.0000500]
2024-07-09 16:31:39.716267 Epoch[078/150], Step[0080/0091], loss-all:[1.2045],P1:[0.1353] lr:[0.0000500]
2024-07-09 16:31:54.045505 Epoch[078/150], Step[0091/0091], loss-all:[1.2133],P1:[0.0964] lr:[0.0000500]
2024-07-09 16:32:29.365304 Epoch[079/150], Step[0020/0091], loss-all:[1.1885],P1:[0.0951] lr:[0.0000500]
2024-07-09 16:32:56.939911 Epoch[079/150], Step[0040/0091], loss-all:[1.2032],P1:[0.1137] lr:[0.0000500]
2024-07-09 16:33:24.504303 Epoch[079/150], Step[0060/0091], loss-all:[1.2103],P1:[0.1225] lr:[0.0000500]
2024-07-09 16:33:51.822725 Epoch[079/150], Step[0080/0091], loss-all:[1.1992],P1:[0.1058] lr:[0.0000500]
2024-07-09 16:34:06.366764 Epoch[079/150], Step[0091/0091], loss-all:[1.2099],P1:[0.0834] lr:[0.0000500]
2024-07-09 16:34:41.213371 Epoch[080/150], Step[0020/0091], loss-all:[1.1732],P1:[0.1102] lr:[0.0000500]
2024-07-09 16:35:08.270519 Epoch[080/150], Step[0040/0091], loss-all:[1.2007],P1:[0.1166] lr:[0.0000500]
2024-07-09 16:35:35.541540 Epoch[080/150], Step[0060/0091], loss-all:[1.2127],P1:[0.1217] lr:[0.0000500]
2024-07-09 16:36:03.390505 Epoch[080/150], Step[0080/0091], loss-all:[1.1967],P1:[0.1268] lr:[0.0000500]
2024-07-09 16:36:18.408640 Epoch[080/150], Step[0091/0091], loss-all:[1.2089],P1:[0.1180] lr:[0.0000500]
2024-07-09 16:36:53.094984 Epoch[081/150], Step[0020/0091], loss-all:[1.1831],P1:[0.1316] lr:[0.0000500]
2024-07-09 16:37:20.952455 Epoch[081/150], Step[0040/0091], loss-all:[1.2113],P1:[0.1071] lr:[0.0000500]
2024-07-09 16:37:49.426019 Epoch[081/150], Step[0060/0091], loss-all:[1.2058],P1:[0.1139] lr:[0.0000500]
2024-07-09 16:38:16.887849 Epoch[081/150], Step[0080/0091], loss-all:[1.1804],P1:[0.1174] lr:[0.0000500]
2024-07-09 16:38:31.169151 Epoch[081/150], Step[0091/0091], loss-all:[1.1775],P1:[0.1073] lr:[0.0000500]
2024-07-09 16:39:06.449090 Epoch[082/150], Step[0020/0091], loss-all:[1.1929],P1:[0.1111] lr:[0.0000500]
2024-07-09 16:39:34.843718 Epoch[082/150], Step[0040/0091], loss-all:[1.1780],P1:[0.0940] lr:[0.0000500]
2024-07-09 16:40:02.572708 Epoch[082/150], Step[0060/0091], loss-all:[1.1773],P1:[0.1166] lr:[0.0000500]
2024-07-09 16:40:29.532724 Epoch[082/150], Step[0080/0091], loss-all:[1.1828],P1:[0.1274] lr:[0.0000500]
2024-07-09 16:40:43.911986 Epoch[082/150], Step[0091/0091], loss-all:[1.1731],P1:[0.1326] lr:[0.0000500]
2024-07-09 16:41:18.889171 Epoch[083/150], Step[0020/0091], loss-all:[1.2107],P1:[0.1323] lr:[0.0000500]
2024-07-09 16:41:45.766864 Epoch[083/150], Step[0040/0091], loss-all:[1.1882],P1:[0.1109] lr:[0.0000500]
2024-07-09 16:42:13.377448 Epoch[083/150], Step[0060/0091], loss-all:[1.1766],P1:[0.1238] lr:[0.0000500]
2024-07-09 16:42:41.113581 Epoch[083/150], Step[0080/0091], loss-all:[1.1660],P1:[0.1175] lr:[0.0000500]
2024-07-09 16:42:56.116280 Epoch[083/150], Step[0091/0091], loss-all:[1.1648],P1:[0.1232] lr:[0.0000500]
2024-07-09 16:43:30.641278 Epoch[084/150], Step[0020/0091], loss-all:[1.2000],P1:[0.1338] lr:[0.0000500]
2024-07-09 16:43:58.567028 Epoch[084/150], Step[0040/0091], loss-all:[1.1825],P1:[0.1006] lr:[0.0000500]
2024-07-09 16:44:26.204313 Epoch[084/150], Step[0060/0091], loss-all:[1.1583],P1:[0.1186] lr:[0.0000500]
2024-07-09 16:44:54.313299 Epoch[084/150], Step[0080/0091], loss-all:[1.1662],P1:[0.1072] lr:[0.0000500]
2024-07-09 16:45:08.807648 Epoch[084/150], Step[0091/0091], loss-all:[1.1698],P1:[0.1104] lr:[0.0000500]
2024-07-09 16:45:43.535146 Epoch[085/150], Step[0020/0091], loss-all:[1.1620],P1:[0.1111] lr:[0.0000500]
2024-07-09 16:46:11.962708 Epoch[085/150], Step[0040/0091], loss-all:[1.1594],P1:[0.1037] lr:[0.0000500]
2024-07-09 16:46:39.955688 Epoch[085/150], Step[0060/0091], loss-all:[1.1728],P1:[0.0965] lr:[0.0000500]
2024-07-09 16:47:06.983219 Epoch[085/150], Step[0080/0091], loss-all:[1.1900],P1:[0.1261] lr:[0.0000500]
2024-07-09 16:47:22.109725 Epoch[085/150], Step[0091/0091], loss-all:[1.1814],P1:[0.1430] lr:[0.0000500]
2024-07-09 16:47:56.861447 Epoch[086/150], Step[0020/0091], loss-all:[1.1732],P1:[0.1152] lr:[0.0000500]
2024-07-09 16:48:24.972843 Epoch[086/150], Step[0040/0091], loss-all:[1.1626],P1:[0.1151] lr:[0.0000500]
2024-07-09 16:48:52.027443 Epoch[086/150], Step[0060/0091], loss-all:[1.1598],P1:[0.1062] lr:[0.0000500]
2024-07-09 16:49:19.728671 Epoch[086/150], Step[0080/0091], loss-all:[1.1770],P1:[0.1134] lr:[0.0000500]
2024-07-09 16:49:35.125253 Epoch[086/150], Step[0091/0091], loss-all:[1.1813],P1:[0.1161] lr:[0.0000500]
2024-07-09 16:50:10.365553 Epoch[087/150], Step[0020/0091], loss-all:[1.1595],P1:[0.1091] lr:[0.0000500]
2024-07-09 16:50:38.272752 Epoch[087/150], Step[0040/0091], loss-all:[1.1659],P1:[0.0968] lr:[0.0000500]
2024-07-09 16:51:06.157211 Epoch[087/150], Step[0060/0091], loss-all:[1.1553],P1:[0.1034] lr:[0.0000500]
2024-07-09 16:51:33.843698 Epoch[087/150], Step[0080/0091], loss-all:[1.1513],P1:[0.1194] lr:[0.0000500]
2024-07-09 16:51:48.107435 Epoch[087/150], Step[0091/0091], loss-all:[1.1582],P1:[0.1269] lr:[0.0000500]
2024-07-09 16:52:22.920218 Epoch[088/150], Step[0020/0091], loss-all:[1.1485],P1:[0.1611] lr:[0.0000500]
2024-07-09 16:52:50.533312 Epoch[088/150], Step[0040/0091], loss-all:[1.1578],P1:[0.0949] lr:[0.0000500]
2024-07-09 16:53:18.518918 Epoch[088/150], Step[0060/0091], loss-all:[1.1949],P1:[0.1151] lr:[0.0000500]
2024-07-09 16:53:46.933687 Epoch[088/150], Step[0080/0091], loss-all:[1.2084],P1:[0.1274] lr:[0.0000500]
2024-07-09 16:54:01.223820 Epoch[088/150], Step[0091/0091], loss-all:[1.1922],P1:[0.1258] lr:[0.0000500]
2024-07-09 16:54:35.616048 Epoch[089/150], Step[0020/0091], loss-all:[1.1503],P1:[0.1041] lr:[0.0000500]
2024-07-09 16:55:03.706841 Epoch[089/150], Step[0040/0091], loss-all:[1.1616],P1:[0.1268] lr:[0.0000500]
2024-07-09 16:55:31.154054 Epoch[089/150], Step[0060/0091], loss-all:[1.1835],P1:[0.1191] lr:[0.0000500]
2024-07-09 16:55:58.450919 Epoch[089/150], Step[0080/0091], loss-all:[1.1702],P1:[0.1052] lr:[0.0000500]
2024-07-09 16:56:13.422521 Epoch[089/150], Step[0091/0091], loss-all:[1.1496],P1:[0.0946] lr:[0.0000500]
2024-07-09 16:56:48.281555 Epoch[090/150], Step[0020/0091], loss-all:[1.1406],P1:[0.1136] lr:[0.0000250]
2024-07-09 16:57:16.274924 Epoch[090/150], Step[0040/0091], loss-all:[1.1409],P1:[0.1156] lr:[0.0000250]
2024-07-09 16:57:44.529134 Epoch[090/150], Step[0060/0091], loss-all:[1.1314],P1:[0.0924] lr:[0.0000250]
2024-07-09 16:58:11.472400 Epoch[090/150], Step[0080/0091], loss-all:[1.1346],P1:[0.1081] lr:[0.0000250]
2024-07-09 16:58:26.092653 Epoch[090/150], Step[0091/0091], loss-all:[1.1303],P1:[0.1077] lr:[0.0000250]
2024-07-09 16:59:00.769591 Epoch[091/150], Step[0020/0091], loss-all:[1.1404],P1:[0.1278] lr:[0.0000250]
2024-07-09 16:59:28.919354 Epoch[091/150], Step[0040/0091], loss-all:[1.1353],P1:[0.1230] lr:[0.0000250]
2024-07-09 16:59:56.739104 Epoch[091/150], Step[0060/0091], loss-all:[1.1414],P1:[0.1042] lr:[0.0000250]
2024-07-09 17:00:24.321929 Epoch[091/150], Step[0080/0091], loss-all:[1.1368],P1:[0.1121] lr:[0.0000250]
2024-07-09 17:00:38.961423 Epoch[091/150], Step[0091/0091], loss-all:[1.1203],P1:[0.0881] lr:[0.0000250]
2024-07-09 17:01:14.331068 Epoch[092/150], Step[0020/0091], loss-all:[1.1179],P1:[0.1028] lr:[0.0000250]
2024-07-09 17:01:41.659220 Epoch[092/150], Step[0040/0091], loss-all:[1.1189],P1:[0.0989] lr:[0.0000250]
2024-07-09 17:02:09.677027 Epoch[092/150], Step[0060/0091], loss-all:[1.1082],P1:[0.1098] lr:[0.0000250]
2024-07-09 17:02:37.202446 Epoch[092/150], Step[0080/0091], loss-all:[1.1189],P1:[0.0985] lr:[0.0000250]
2024-07-09 17:02:51.733282 Epoch[092/150], Step[0091/0091], loss-all:[1.1403],P1:[0.1019] lr:[0.0000250]
2024-07-09 17:03:26.810956 Epoch[093/150], Step[0020/0091], loss-all:[1.1319],P1:[0.1158] lr:[0.0000250]
2024-07-09 17:03:54.116304 Epoch[093/150], Step[0040/0091], loss-all:[1.1117],P1:[0.1236] lr:[0.0000250]
2024-07-09 17:04:21.611005 Epoch[093/150], Step[0060/0091], loss-all:[1.1072],P1:[0.1069] lr:[0.0000250]
2024-07-09 17:04:49.276399 Epoch[093/150], Step[0080/0091], loss-all:[1.1099],P1:[0.0925] lr:[0.0000250]
2024-07-09 17:05:04.164736 Epoch[093/150], Step[0091/0091], loss-all:[1.1226],P1:[0.1244] lr:[0.0000250]
2024-07-09 17:05:38.963399 Epoch[094/150], Step[0020/0091], loss-all:[1.1196],P1:[0.0900] lr:[0.0000250]
2024-07-09 17:06:06.865685 Epoch[094/150], Step[0040/0091], loss-all:[1.1263],P1:[0.1025] lr:[0.0000250]
2024-07-09 17:06:35.119991 Epoch[094/150], Step[0060/0091], loss-all:[1.1282],P1:[0.1055] lr:[0.0000250]
2024-07-09 17:07:02.930549 Epoch[094/150], Step[0080/0091], loss-all:[1.1179],P1:[0.1074] lr:[0.0000250]
2024-07-09 17:07:17.965180 Epoch[094/150], Step[0091/0091], loss-all:[1.1192],P1:[0.0950] lr:[0.0000250]
2024-07-09 17:07:53.460321 Epoch[095/150], Step[0020/0091], loss-all:[1.1069],P1:[0.0996] lr:[0.0000250]
2024-07-09 17:08:21.869015 Epoch[095/150], Step[0040/0091], loss-all:[1.1159],P1:[0.1038] lr:[0.0000250]
2024-07-09 17:08:50.780522 Epoch[095/150], Step[0060/0091], loss-all:[1.1089],P1:[0.0852] lr:[0.0000250]
2024-07-09 17:09:18.373979 Epoch[095/150], Step[0080/0091], loss-all:[1.1061],P1:[0.1232] lr:[0.0000250]
2024-07-09 17:09:33.576938 Epoch[095/150], Step[0091/0091], loss-all:[1.1224],P1:[0.1162] lr:[0.0000250]
2024-07-09 17:10:09.981598 Epoch[096/150], Step[0020/0091], loss-all:[1.0978],P1:[0.0928] lr:[0.0000250]
2024-07-09 17:10:38.070102 Epoch[096/150], Step[0040/0091], loss-all:[1.1218],P1:[0.1137] lr:[0.0000250]
2024-07-09 17:11:06.601266 Epoch[096/150], Step[0060/0091], loss-all:[1.1128],P1:[0.1092] lr:[0.0000250]
2024-07-09 17:11:33.962911 Epoch[096/150], Step[0080/0091], loss-all:[1.1028],P1:[0.0912] lr:[0.0000250]
2024-07-09 17:11:48.237584 Epoch[096/150], Step[0091/0091], loss-all:[1.1147],P1:[0.1249] lr:[0.0000250]
2024-07-09 17:12:23.728440 Epoch[097/150], Step[0020/0091], loss-all:[1.1479],P1:[0.1180] lr:[0.0000250]
2024-07-09 17:12:53.255014 Epoch[097/150], Step[0040/0091], loss-all:[1.1249],P1:[0.1060] lr:[0.0000250]
2024-07-09 17:13:23.297084 Epoch[097/150], Step[0060/0091], loss-all:[1.1067],P1:[0.0988] lr:[0.0000250]
2024-07-09 17:13:50.031313 Epoch[097/150], Step[0080/0091], loss-all:[1.1001],P1:[0.1005] lr:[0.0000250]
2024-07-09 17:14:04.781180 Epoch[097/150], Step[0091/0091], loss-all:[1.0932],P1:[0.1122] lr:[0.0000250]
2024-07-09 17:14:40.368988 Epoch[098/150], Step[0020/0091], loss-all:[1.1195],P1:[0.1037] lr:[0.0000250]
2024-07-09 17:15:07.450061 Epoch[098/150], Step[0040/0091], loss-all:[1.1121],P1:[0.0937] lr:[0.0000250]
2024-07-09 17:15:35.098586 Epoch[098/150], Step[0060/0091], loss-all:[1.0945],P1:[0.0960] lr:[0.0000250]
2024-07-09 17:16:02.320745 Epoch[098/150], Step[0080/0091], loss-all:[1.0998],P1:[0.1135] lr:[0.0000250]
2024-07-09 17:16:17.509868 Epoch[098/150], Step[0091/0091], loss-all:[1.1126],P1:[0.0912] lr:[0.0000250]
2024-07-09 17:16:52.135721 Epoch[099/150], Step[0020/0091], loss-all:[1.0978],P1:[0.0983] lr:[0.0000250]
2024-07-09 17:17:20.027956 Epoch[099/150], Step[0040/0091], loss-all:[1.1153],P1:[0.0931] lr:[0.0000250]
2024-07-09 17:17:48.441906 Epoch[099/150], Step[0060/0091], loss-all:[1.1269],P1:[0.0976] lr:[0.0000250]
2024-07-09 17:18:16.026351 Epoch[099/150], Step[0080/0091], loss-all:[1.0978],P1:[0.0992] lr:[0.0000250]
2024-07-09 17:18:30.487520 Epoch[099/150], Step[0091/0091], loss-all:[1.1022],P1:[0.1048] lr:[0.0000250]
2024-07-09 17:19:05.343510 Epoch[100/150], Step[0020/0091], loss-all:[1.1371],P1:[0.1198] lr:[0.0000250]
2024-07-09 17:19:32.947010 Epoch[100/150], Step[0040/0091], loss-all:[1.1086],P1:[0.1082] lr:[0.0000250]
2024-07-09 17:20:00.570324 Epoch[100/150], Step[0060/0091], loss-all:[1.0825],P1:[0.0981] lr:[0.0000250]
2024-07-09 17:20:29.316218 Epoch[100/150], Step[0080/0091], loss-all:[1.1045],P1:[0.0929] lr:[0.0000250]
2024-07-09 17:20:43.483307 Epoch[100/150], Step[0091/0091], loss-all:[1.1085],P1:[0.1135] lr:[0.0000250]
2024-07-09 17:21:18.245461 Epoch[101/150], Step[0020/0091], loss-all:[1.1233],P1:[0.0914] lr:[0.0000250]
2024-07-09 17:21:46.242898 Epoch[101/150], Step[0040/0091], loss-all:[1.0947],P1:[0.0979] lr:[0.0000250]
2024-07-09 17:22:14.100673 Epoch[101/150], Step[0060/0091], loss-all:[1.0719],P1:[0.1083] lr:[0.0000250]
2024-07-09 17:22:41.904792 Epoch[101/150], Step[0080/0091], loss-all:[1.0867],P1:[0.1057] lr:[0.0000250]
2024-07-09 17:22:56.737067 Epoch[101/150], Step[0091/0091], loss-all:[1.1182],P1:[0.1166] lr:[0.0000250]
2024-07-09 17:23:31.998478 Epoch[102/150], Step[0020/0091], loss-all:[1.0855],P1:[0.0992] lr:[0.0000250]
2024-07-09 17:23:59.085051 Epoch[102/150], Step[0040/0091], loss-all:[1.0939],P1:[0.1017] lr:[0.0000250]
2024-07-09 17:24:27.356153 Epoch[102/150], Step[0060/0091], loss-all:[1.1055],P1:[0.1111] lr:[0.0000250]
2024-07-09 17:24:55.390498 Epoch[102/150], Step[0080/0091], loss-all:[1.0913],P1:[0.1190] lr:[0.0000250]
2024-07-09 17:25:09.657467 Epoch[102/150], Step[0091/0091], loss-all:[1.1008],P1:[0.0960] lr:[0.0000250]
2024-07-09 17:25:44.161530 Epoch[103/150], Step[0020/0091], loss-all:[1.0942],P1:[0.1057] lr:[0.0000250]
2024-07-09 17:26:10.644109 Epoch[103/150], Step[0040/0091], loss-all:[1.1084],P1:[0.1096] lr:[0.0000250]
2024-07-09 17:26:38.970130 Epoch[103/150], Step[0060/0091], loss-all:[1.0988],P1:[0.1013] lr:[0.0000250]
2024-07-09 17:27:06.504328 Epoch[103/150], Step[0080/0091], loss-all:[1.0811],P1:[0.0900] lr:[0.0000250]
2024-07-09 17:27:21.812909 Epoch[103/150], Step[0091/0091], loss-all:[1.0849],P1:[0.0920] lr:[0.0000250]
2024-07-09 17:27:55.764798 Epoch[104/150], Step[0020/0091], loss-all:[1.1050],P1:[0.0998] lr:[0.0000250]
2024-07-09 17:28:23.340909 Epoch[104/150], Step[0040/0091], loss-all:[1.0921],P1:[0.0977] lr:[0.0000250]
2024-07-09 17:28:51.387192 Epoch[104/150], Step[0060/0091], loss-all:[1.0786],P1:[0.1072] lr:[0.0000250]
2024-07-09 17:29:19.658628 Epoch[104/150], Step[0080/0091], loss-all:[1.0775],P1:[0.0871] lr:[0.0000250]
2024-07-09 17:29:37.213089 Epoch[104/150], Step[0091/0091], loss-all:[1.0944],P1:[0.0936] lr:[0.0000250]
################################################################################
best meandice:0.9231640412874214
################################################################################
CVC-300 :  0.8967440869164555
CVC-ClinicDB :  0.9293637227320278
Kvasir :  0.9193202387917652
CVC-ColonDB :  0.8067037105353255
ETIS-LaribPolypDB :  0.8200958817190156
2024-07-09 17:31:09.027988 Epoch[105/150], Step[0020/0091], loss-all:[1.0537],P1:[0.0892] lr:[0.0000250]
2024-07-09 17:31:36.441513 Epoch[105/150], Step[0040/0091], loss-all:[1.0654],P1:[0.1047] lr:[0.0000250]
2024-07-09 17:32:04.040284 Epoch[105/150], Step[0060/0091], loss-all:[1.0809],P1:[0.1019] lr:[0.0000250]
2024-07-09 17:32:32.355749 Epoch[105/150], Step[0080/0091], loss-all:[1.0904],P1:[0.1114] lr:[0.0000250]
2024-07-09 17:32:47.420315 Epoch[105/150], Step[0091/0091], loss-all:[1.1156],P1:[0.1033] lr:[0.0000250]
2024-07-09 17:33:22.525985 Epoch[106/150], Step[0020/0091], loss-all:[1.0764],P1:[0.1109] lr:[0.0000250]
2024-07-09 17:33:50.417806 Epoch[106/150], Step[0040/0091], loss-all:[1.0992],P1:[0.1230] lr:[0.0000250]
2024-07-09 17:34:18.163355 Epoch[106/150], Step[0060/0091], loss-all:[1.1069],P1:[0.1090] lr:[0.0000250]
2024-07-09 17:34:45.733223 Epoch[106/150], Step[0080/0091], loss-all:[1.0896],P1:[0.1003] lr:[0.0000250]
2024-07-09 17:35:00.263235 Epoch[106/150], Step[0091/0091], loss-all:[1.0902],P1:[0.1013] lr:[0.0000250]
2024-07-09 17:35:35.118297 Epoch[107/150], Step[0020/0091], loss-all:[1.1115],P1:[0.0957] lr:[0.0000250]
2024-07-09 17:36:02.237754 Epoch[107/150], Step[0040/0091], loss-all:[1.0944],P1:[0.0984] lr:[0.0000250]
2024-07-09 17:36:30.137435 Epoch[107/150], Step[0060/0091], loss-all:[1.0943],P1:[0.1146] lr:[0.0000250]
2024-07-09 17:36:57.975764 Epoch[107/150], Step[0080/0091], loss-all:[1.0918],P1:[0.1126] lr:[0.0000250]
2024-07-09 17:37:12.886523 Epoch[107/150], Step[0091/0091], loss-all:[1.0782],P1:[0.1198] lr:[0.0000250]
2024-07-09 17:37:48.011275 Epoch[108/150], Step[0020/0091], loss-all:[1.0862],P1:[0.1057] lr:[0.0000250]
2024-07-09 17:38:15.935336 Epoch[108/150], Step[0040/0091], loss-all:[1.0907],P1:[0.1087] lr:[0.0000250]
2024-07-09 17:38:43.233332 Epoch[108/150], Step[0060/0091], loss-all:[1.0887],P1:[0.1070] lr:[0.0000250]
2024-07-09 17:39:10.771088 Epoch[108/150], Step[0080/0091], loss-all:[1.0818],P1:[0.0953] lr:[0.0000250]
2024-07-09 17:39:25.196683 Epoch[108/150], Step[0091/0091], loss-all:[1.0820],P1:[0.0971] lr:[0.0000250]
2024-07-09 17:40:00.545579 Epoch[109/150], Step[0020/0091], loss-all:[1.0857],P1:[0.0885] lr:[0.0000250]
2024-07-09 17:40:28.240761 Epoch[109/150], Step[0040/0091], loss-all:[1.0703],P1:[0.1024] lr:[0.0000250]
2024-07-09 17:40:55.834147 Epoch[109/150], Step[0060/0091], loss-all:[1.0765],P1:[0.0983] lr:[0.0000250]
2024-07-09 17:41:23.219790 Epoch[109/150], Step[0080/0091], loss-all:[1.0974],P1:[0.0867] lr:[0.0000250]
2024-07-09 17:41:38.194023 Epoch[109/150], Step[0091/0091], loss-all:[1.0936],P1:[0.1162] lr:[0.0000250]
2024-07-09 17:42:12.987750 Epoch[110/150], Step[0020/0091], loss-all:[1.0803],P1:[0.1132] lr:[0.0000250]
2024-07-09 17:42:41.263673 Epoch[110/150], Step[0040/0091], loss-all:[1.0875],P1:[0.0908] lr:[0.0000250]
2024-07-09 17:43:08.390531 Epoch[110/150], Step[0060/0091], loss-all:[1.0844],P1:[0.0998] lr:[0.0000250]
2024-07-09 17:43:36.004557 Epoch[110/150], Step[0080/0091], loss-all:[1.0707],P1:[0.0934] lr:[0.0000250]
2024-07-09 17:43:50.848702 Epoch[110/150], Step[0091/0091], loss-all:[1.0749],P1:[0.0945] lr:[0.0000250]
2024-07-09 17:44:25.433696 Epoch[111/150], Step[0020/0091], loss-all:[1.1107],P1:[0.1106] lr:[0.0000250]
2024-07-09 17:44:53.241303 Epoch[111/150], Step[0040/0091], loss-all:[1.0713],P1:[0.0968] lr:[0.0000250]
2024-07-09 17:45:20.728946 Epoch[111/150], Step[0060/0091], loss-all:[1.0452],P1:[0.0934] lr:[0.0000250]
2024-07-09 17:45:48.267896 Epoch[111/150], Step[0080/0091], loss-all:[1.0782],P1:[0.0887] lr:[0.0000250]
2024-07-09 17:46:03.119619 Epoch[111/150], Step[0091/0091], loss-all:[1.0771],P1:[0.0931] lr:[0.0000250]
2024-07-09 17:46:37.750167 Epoch[112/150], Step[0020/0091], loss-all:[1.0569],P1:[0.1032] lr:[0.0000250]
2024-07-09 17:47:05.104695 Epoch[112/150], Step[0040/0091], loss-all:[1.0697],P1:[0.0986] lr:[0.0000250]
2024-07-09 17:47:32.616221 Epoch[112/150], Step[0060/0091], loss-all:[1.0842],P1:[0.0855] lr:[0.0000250]
2024-07-09 17:48:00.672860 Epoch[112/150], Step[0080/0091], loss-all:[1.0823],P1:[0.1024] lr:[0.0000250]
2024-07-09 17:48:15.125654 Epoch[112/150], Step[0091/0091], loss-all:[1.0772],P1:[0.1041] lr:[0.0000250]
################################################################################
best meandice:0.9236768549029968
################################################################################
CVC-300 :  0.8850082084170388
CVC-ClinicDB :  0.9272606026114477
Kvasir :  0.921454931323757
CVC-ColonDB :  0.7954306762028012
ETIS-LaribPolypDB :  0.8200415462766113
2024-07-09 17:49:31.580407 Epoch[113/150], Step[0020/0091], loss-all:[1.0642],P1:[0.1141] lr:[0.0000250]
2024-07-09 17:49:59.575120 Epoch[113/150], Step[0040/0091], loss-all:[1.0732],P1:[0.1106] lr:[0.0000250]
2024-07-09 17:50:27.121584 Epoch[113/150], Step[0060/0091], loss-all:[1.0785],P1:[0.0912] lr:[0.0000250]
2024-07-09 17:50:54.944286 Epoch[113/150], Step[0080/0091], loss-all:[1.0649],P1:[0.0968] lr:[0.0000250]
2024-07-09 17:51:09.366157 Epoch[113/150], Step[0091/0091], loss-all:[1.0684],P1:[0.1028] lr:[0.0000250]
2024-07-09 17:51:44.146883 Epoch[114/150], Step[0020/0091], loss-all:[1.0870],P1:[0.1003] lr:[0.0000250]
2024-07-09 17:52:11.945756 Epoch[114/150], Step[0040/0091], loss-all:[1.0814],P1:[0.1009] lr:[0.0000250]
2024-07-09 17:52:38.882612 Epoch[114/150], Step[0060/0091], loss-all:[1.0803],P1:[0.1003] lr:[0.0000250]
2024-07-09 17:53:06.417909 Epoch[114/150], Step[0080/0091], loss-all:[1.0749],P1:[0.1064] lr:[0.0000250]
2024-07-09 17:53:21.157540 Epoch[114/150], Step[0091/0091], loss-all:[1.0588],P1:[0.0972] lr:[0.0000250]
2024-07-09 17:53:55.800202 Epoch[115/150], Step[0020/0091], loss-all:[1.0757],P1:[0.1123] lr:[0.0000250]
2024-07-09 17:54:23.328151 Epoch[115/150], Step[0040/0091], loss-all:[1.0587],P1:[0.0995] lr:[0.0000250]
2024-07-09 17:54:51.223569 Epoch[115/150], Step[0060/0091], loss-all:[1.0524],P1:[0.0869] lr:[0.0000250]
2024-07-09 17:55:18.990270 Epoch[115/150], Step[0080/0091], loss-all:[1.0729],P1:[0.0908] lr:[0.0000250]
2024-07-09 17:55:33.741870 Epoch[115/150], Step[0091/0091], loss-all:[1.0752],P1:[0.0962] lr:[0.0000250]
2024-07-09 17:56:09.214651 Epoch[116/150], Step[0020/0091], loss-all:[1.0725],P1:[0.0854] lr:[0.0000250]
2024-07-09 17:56:36.530795 Epoch[116/150], Step[0040/0091], loss-all:[1.0653],P1:[0.0889] lr:[0.0000250]
2024-07-09 17:57:04.392389 Epoch[116/150], Step[0060/0091], loss-all:[1.0684],P1:[0.0923] lr:[0.0000250]
2024-07-09 17:57:31.350358 Epoch[116/150], Step[0080/0091], loss-all:[1.0709],P1:[0.0912] lr:[0.0000250]
2024-07-09 17:57:45.597436 Epoch[116/150], Step[0091/0091], loss-all:[1.0651],P1:[0.0869] lr:[0.0000250]
2024-07-09 17:58:20.286315 Epoch[117/150], Step[0020/0091], loss-all:[1.0735],P1:[0.0966] lr:[0.0000250]
2024-07-09 17:58:48.140405 Epoch[117/150], Step[0040/0091], loss-all:[1.0728],P1:[0.1017] lr:[0.0000250]
2024-07-09 17:59:16.283791 Epoch[117/150], Step[0060/0091], loss-all:[1.0592],P1:[0.0970] lr:[0.0000250]
2024-07-09 17:59:43.723075 Epoch[117/150], Step[0080/0091], loss-all:[1.0608],P1:[0.0971] lr:[0.0000250]
2024-07-09 17:59:57.963443 Epoch[117/150], Step[0091/0091], loss-all:[1.0623],P1:[0.0973] lr:[0.0000250]
2024-07-09 18:00:32.758078 Epoch[118/150], Step[0020/0091], loss-all:[1.0722],P1:[0.1024] lr:[0.0000250]
2024-07-09 18:00:59.404951 Epoch[118/150], Step[0040/0091], loss-all:[1.0691],P1:[0.1063] lr:[0.0000250]
2024-07-09 18:01:27.473213 Epoch[118/150], Step[0060/0091], loss-all:[1.0611],P1:[0.0957] lr:[0.0000250]
2024-07-09 18:01:55.303548 Epoch[118/150], Step[0080/0091], loss-all:[1.0590],P1:[0.0850] lr:[0.0000250]
2024-07-09 18:02:10.348740 Epoch[118/150], Step[0091/0091], loss-all:[1.0710],P1:[0.0980] lr:[0.0000250]
2024-07-09 18:02:44.851001 Epoch[119/150], Step[0020/0091], loss-all:[1.0804],P1:[0.1028] lr:[0.0000250]
2024-07-09 18:03:13.108394 Epoch[119/150], Step[0040/0091], loss-all:[1.0623],P1:[0.0918] lr:[0.0000250]
2024-07-09 18:03:40.663769 Epoch[119/150], Step[0060/0091], loss-all:[1.0611],P1:[0.0914] lr:[0.0000250]
2024-07-09 18:04:07.320621 Epoch[119/150], Step[0080/0091], loss-all:[1.0529],P1:[0.0983] lr:[0.0000250]
2024-07-09 18:04:22.320214 Epoch[119/150], Step[0091/0091], loss-all:[1.0472],P1:[0.1073] lr:[0.0000250]
2024-07-09 18:04:57.060886 Epoch[120/150], Step[0020/0091], loss-all:[1.0682],P1:[0.1051] lr:[0.0000125]
2024-07-09 18:05:24.739032 Epoch[120/150], Step[0040/0091], loss-all:[1.0479],P1:[0.0889] lr:[0.0000125]
2024-07-09 18:05:51.611432 Epoch[120/150], Step[0060/0091], loss-all:[1.0284],P1:[0.1059] lr:[0.0000125]
2024-07-09 18:06:19.058664 Epoch[120/150], Step[0080/0091], loss-all:[1.0388],P1:[0.0805] lr:[0.0000125]
2024-07-09 18:06:34.123148 Epoch[120/150], Step[0091/0091], loss-all:[1.0455],P1:[0.1140] lr:[0.0000125]
2024-07-09 18:07:08.693642 Epoch[121/150], Step[0020/0091], loss-all:[1.0144],P1:[0.0941] lr:[0.0000125]
2024-07-09 18:07:36.735964 Epoch[121/150], Step[0040/0091], loss-all:[1.0408],P1:[0.0908] lr:[0.0000125]
2024-07-09 18:08:03.877585 Epoch[121/150], Step[0060/0091], loss-all:[1.0662],P1:[0.1081] lr:[0.0000125]
2024-07-09 18:08:31.239979 Epoch[121/150], Step[0080/0091], loss-all:[1.0359],P1:[0.1285] lr:[0.0000125]
2024-07-09 18:08:45.927967 Epoch[121/150], Step[0091/0091], loss-all:[1.0551],P1:[0.0949] lr:[0.0000125]
################################################################################
best meandice:0.9245219882696418
################################################################################
CVC-300 :  0.8857609278729656
CVC-ClinicDB :  0.9295034791115901
Kvasir :  0.9214334639476336
CVC-ColonDB :  0.7932169353303306
ETIS-LaribPolypDB :  0.8196463828797506
2024-07-09 18:10:02.810110 Epoch[122/150], Step[0020/0091], loss-all:[1.0822],P1:[0.0961] lr:[0.0000125]
2024-07-09 18:10:30.396663 Epoch[122/150], Step[0040/0091], loss-all:[1.0574],P1:[0.0927] lr:[0.0000125]
2024-07-09 18:10:58.221212 Epoch[122/150], Step[0060/0091], loss-all:[1.0201],P1:[0.0856] lr:[0.0000125]
2024-07-09 18:11:26.262627 Epoch[122/150], Step[0080/0091], loss-all:[1.0292],P1:[0.0883] lr:[0.0000125]
2024-07-09 18:11:40.676915 Epoch[122/150], Step[0091/0091], loss-all:[1.0348],P1:[0.1103] lr:[0.0000125]
################################################################################
best meandice:0.9249430046925371
################################################################################
CVC-300 :  0.8920532930331415
CVC-ClinicDB :  0.9290881416663289
Kvasir :  0.9223730197687863
CVC-ColonDB :  0.7934606041275536
ETIS-LaribPolypDB :  0.8204107326822713
2024-07-09 18:12:57.126265 Epoch[123/150], Step[0020/0091], loss-all:[1.0244],P1:[0.1070] lr:[0.0000125]
2024-07-09 18:13:24.952979 Epoch[123/150], Step[0040/0091], loss-all:[1.0277],P1:[0.0926] lr:[0.0000125]
2024-07-09 18:13:52.662226 Epoch[123/150], Step[0060/0091], loss-all:[1.0528],P1:[0.0978] lr:[0.0000125]
2024-07-09 18:14:20.863557 Epoch[123/150], Step[0080/0091], loss-all:[1.0557],P1:[0.0965] lr:[0.0000125]
2024-07-09 18:14:35.227879 Epoch[123/150], Step[0091/0091], loss-all:[1.0247],P1:[0.0952] lr:[0.0000125]
2024-07-09 18:15:09.977394 Epoch[124/150], Step[0020/0091], loss-all:[1.0550],P1:[0.0908] lr:[0.0000125]
2024-07-09 18:15:37.660843 Epoch[124/150], Step[0040/0091], loss-all:[1.0430],P1:[0.0954] lr:[0.0000125]
2024-07-09 18:16:05.402155 Epoch[124/150], Step[0060/0091], loss-all:[1.0479],P1:[0.1006] lr:[0.0000125]
2024-07-09 18:16:33.420293 Epoch[124/150], Step[0080/0091], loss-all:[1.0304],P1:[0.0889] lr:[0.0000125]
2024-07-09 18:16:47.997864 Epoch[124/150], Step[0091/0091], loss-all:[1.0191],P1:[0.1001] lr:[0.0000125]
2024-07-09 18:17:22.226841 Epoch[125/150], Step[0020/0091], loss-all:[1.0465],P1:[0.0944] lr:[0.0000125]
2024-07-09 18:17:49.731825 Epoch[125/150], Step[0040/0091], loss-all:[1.0371],P1:[0.1001] lr:[0.0000125]
2024-07-09 18:18:18.185836 Epoch[125/150], Step[0060/0091], loss-all:[1.0389],P1:[0.0886] lr:[0.0000125]
2024-07-09 18:18:45.650039 Epoch[125/150], Step[0080/0091], loss-all:[1.0316],P1:[0.0925] lr:[0.0000125]
2024-07-09 18:19:00.422233 Epoch[125/150], Step[0091/0091], loss-all:[1.0228],P1:[0.0946] lr:[0.0000125]
2024-07-09 18:19:35.636468 Epoch[126/150], Step[0020/0091], loss-all:[1.0354],P1:[0.0985] lr:[0.0000125]
2024-07-09 18:20:03.561923 Epoch[126/150], Step[0040/0091], loss-all:[1.0232],P1:[0.0936] lr:[0.0000125]
2024-07-09 18:20:31.017963 Epoch[126/150], Step[0060/0091], loss-all:[1.0186],P1:[0.1185] lr:[0.0000125]
2024-07-09 18:20:58.363286 Epoch[126/150], Step[0080/0091], loss-all:[1.0266],P1:[0.0870] lr:[0.0000125]
2024-07-09 18:21:13.210603 Epoch[126/150], Step[0091/0091], loss-all:[1.0423],P1:[0.1088] lr:[0.0000125]
2024-07-09 18:21:47.690032 Epoch[127/150], Step[0020/0091], loss-all:[1.0323],P1:[0.0860] lr:[0.0000125]
2024-07-09 18:22:15.365158 Epoch[127/150], Step[0040/0091], loss-all:[1.0306],P1:[0.1083] lr:[0.0000125]
2024-07-09 18:22:43.193315 Epoch[127/150], Step[0060/0091], loss-all:[1.0242],P1:[0.0967] lr:[0.0000125]
2024-07-09 18:23:11.547296 Epoch[127/150], Step[0080/0091], loss-all:[1.0372],P1:[0.0977] lr:[0.0000125]
2024-07-09 18:23:26.018223 Epoch[127/150], Step[0091/0091], loss-all:[1.0306],P1:[0.0896] lr:[0.0000125]
2024-07-09 18:24:00.423698 Epoch[128/150], Step[0020/0091], loss-all:[1.0285],P1:[0.0905] lr:[0.0000125]
2024-07-09 18:24:28.679927 Epoch[128/150], Step[0040/0091], loss-all:[1.0334],P1:[0.0955] lr:[0.0000125]
2024-07-09 18:24:55.754742 Epoch[128/150], Step[0060/0091], loss-all:[1.0430],P1:[0.0872] lr:[0.0000125]
2024-07-09 18:25:24.184395 Epoch[128/150], Step[0080/0091], loss-all:[1.0395],P1:[0.0862] lr:[0.0000125]
2024-07-09 18:25:38.803177 Epoch[128/150], Step[0091/0091], loss-all:[1.0212],P1:[0.0811] lr:[0.0000125]
2024-07-09 18:26:13.769311 Epoch[129/150], Step[0020/0091], loss-all:[1.0396],P1:[0.0974] lr:[0.0000125]
2024-07-09 18:26:40.876507 Epoch[129/150], Step[0040/0091], loss-all:[1.0300],P1:[0.0837] lr:[0.0000125]
2024-07-09 18:27:08.520194 Epoch[129/150], Step[0060/0091], loss-all:[1.0202],P1:[0.0942] lr:[0.0000125]
2024-07-09 18:27:36.178565 Epoch[129/150], Step[0080/0091], loss-all:[1.0202],P1:[0.0984] lr:[0.0000125]
2024-07-09 18:27:51.101463 Epoch[129/150], Step[0091/0091], loss-all:[1.0186],P1:[0.0921] lr:[0.0000125]
2024-07-09 18:28:25.232151 Epoch[130/150], Step[0020/0091], loss-all:[1.0271],P1:[0.1060] lr:[0.0000125]
2024-07-09 18:28:53.013851 Epoch[130/150], Step[0040/0091], loss-all:[1.0189],P1:[0.0848] lr:[0.0000125]
2024-07-09 18:29:21.057658 Epoch[130/150], Step[0060/0091], loss-all:[1.0316],P1:[0.0888] lr:[0.0000125]
2024-07-09 18:29:48.468574 Epoch[130/150], Step[0080/0091], loss-all:[1.0369],P1:[0.0982] lr:[0.0000125]
2024-07-09 18:30:03.210363 Epoch[130/150], Step[0091/0091], loss-all:[1.0291],P1:[0.0946] lr:[0.0000125]
2024-07-09 18:30:38.020969 Epoch[131/150], Step[0020/0091], loss-all:[1.0301],P1:[0.1005] lr:[0.0000125]
2024-07-09 18:31:05.633000 Epoch[131/150], Step[0040/0091], loss-all:[1.0326],P1:[0.0957] lr:[0.0000125]
2024-07-09 18:31:32.777139 Epoch[131/150], Step[0060/0091], loss-all:[1.0237],P1:[0.0820] lr:[0.0000125]
2024-07-09 18:32:00.688068 Epoch[131/150], Step[0080/0091], loss-all:[1.0088],P1:[0.0953] lr:[0.0000125]
2024-07-09 18:32:16.002234 Epoch[131/150], Step[0091/0091], loss-all:[1.0217],P1:[0.0946] lr:[0.0000125]
2024-07-09 18:32:50.461042 Epoch[132/150], Step[0020/0091], loss-all:[1.0076],P1:[0.0911] lr:[0.0000125]
2024-07-09 18:33:17.902058 Epoch[132/150], Step[0040/0091], loss-all:[1.0082],P1:[0.0797] lr:[0.0000125]
2024-07-09 18:33:46.127898 Epoch[132/150], Step[0060/0091], loss-all:[1.0343],P1:[0.0958] lr:[0.0000125]
2024-07-09 18:34:14.396293 Epoch[132/150], Step[0080/0091], loss-all:[1.0453],P1:[0.1034] lr:[0.0000125]
2024-07-09 18:34:29.034623 Epoch[132/150], Step[0091/0091], loss-all:[1.0343],P1:[0.1006] lr:[0.0000125]
2024-07-09 18:35:03.793528 Epoch[133/150], Step[0020/0091], loss-all:[1.0289],P1:[0.0838] lr:[0.0000125]
2024-07-09 18:35:32.044835 Epoch[133/150], Step[0040/0091], loss-all:[1.0267],P1:[0.0944] lr:[0.0000125]
